{"meta": {"format": 3, "version": "7.13.5", "timestamp": "2026-05-06T12:40:13.190265", "branch_coverage": false, "show_contexts": false}, "files": {"src/study_tutor/__init__.py": {"executed_lines": [], "summary": {"covered_lines": 0, "num_statements": 0, "percent_covered": 100.0, "percent_covered_display": "100", "missing_lines": 0, "excluded_lines": 0, "percent_statements_covered": 100.0, "percent_statements_covered_display": "100"}, "missing_lines": [], "excluded_lines": [], "functions": {"": {"executed_lines": [], "summary": {"covered_lines": 0, "num_statements": 0, "percent_covered": 100.0, "percent_covered_display": "100", "missing_lines": 0, "excluded_lines": 0, "percent_statements_covered": 100.0, "percent_statements_covered_display": "100"}, "missing_lines": [], "excluded_lines": [], "start_line": 1}}, "classes": {"": {"executed_lines": [], "summary": {"covered_lines": 0, "num_statements": 0, "percent_covered": 100.0, "percent_covered_display": "100", "missing_lines": 0, "excluded_lines": 0, "percent_statements_covered": 100.0, "percent_statements_covered_display": "100"}, "missing_lines": [], "excluded_lines": [], "start_line": 1}}}, "src/study_tutor/cli/__init__.py": {"executed_lines": [], "summary": {"covered_lines": 0, "num_statements": 0, "percent_covered": 100.0, "percent_covered_display": "100", "missing_lines": 0, "excluded_lines": 0, "percent_statements_covered": 100.0, "percent_statements_covered_display": "100"}, "missing_lines": [], "excluded_lines": [], "functions": {"": {"executed_lines": [], "summary": {"covered_lines": 0, "num_statements": 0, "percent_covered": 100.0, "percent_covered_display": "100", "missing_lines": 0, "excluded_lines": 0, "percent_statements_covered": 100.0, "percent_statements_covered_display": "100"}, "missing_lines": [], "excluded_lines": [], "start_line": 1}}, "classes": {"": {"executed_lines": [], "summary": {"covered_lines": 0, "num_statements": 0, "percent_covered": 100.0, "percent_covered_display": "100", "missing_lines": 0, "excluded_lines": 0, "percent_statements_covered": 100.0, "percent_statements_covered_display": "100"}, "missing_lines": [], "excluded_lines": [], "start_line": 1}}}, "src/study_tutor/cli/main.py": {"executed_lines": [], "summary": {"covered_lines": 0, "num_statements": 33, "percent_covered": 0.0, "percent_covered_display": "0", "missing_lines": 33, "excluded_lines": 0, "percent_statements_covered": 0.0, "percent_statements_covered_display": "0"}, "missing_lines": [22, 24, 25, 26, 28, 30, 31, 35, 36, 37, 38, 41, 42, 46, 47, 53, 60, 68, 70, 76, 84, 85, 86, 87, 88, 90, 96, 98, 105, 106, 111, 114, 115], "excluded_lines": [], "functions": {"cli": {"executed_lines": [], "summary": {"covered_lines": 0, "num_statements": 0, "percent_covered": 100.0, "percent_covered_display": "100", "missing_lines": 0, "excluded_lines": 0, "percent_statements_covered": 100.0, "percent_statements_covered_display": "100"}, "missing_lines": [], "excluded_lines": [], "start_line": 42}, "serve": {"executed_lines": [], "summary": {"covered_lines": 0, "num_statements": 13, "percent_covered": 0.0, "percent_covered_display": "0", "missing_lines": 13, "excluded_lines": 0, "percent_statements_covered": 0.0, "percent_statements_covered_display": "0"}, "missing_lines": [70, 76, 84, 85, 86, 87, 88, 90, 96, 98, 105, 106, 111], "excluded_lines": [], "start_line": 68}, "": {"executed_lines": [], "summary": {"covered_lines": 0, "num_statements": 20, "percent_covered": 0.0, "percent_covered_display": "0", "missing_lines": 20, "excluded_lines": 0, "percent_statements_covered": 0.0, "percent_statements_covered_display": "0"}, "missing_lines": [22, 24, 25, 26, 28, 30, 31, 35, 36, 37, 38, 41, 42, 46, 47, 53, 60, 68, 114, 115], "excluded_lines": [], "start_line": 1}}, "classes": {"": {"executed_lines": [], "summary": {"covered_lines": 0, "num_statements": 33, "percent_covered": 0.0, "percent_covered_display": "0", "missing_lines": 33, "excluded_lines": 0, "percent_statements_covered": 0.0, "percent_statements_covered_display": "0"}, "missing_lines": [22, 24, 25, 26, 28, 30, 31, 35, 36, 37, 38, 41, 42, 46, 47, 53, 60, 68, 70, 76, 84, 85, 86, 87, 88, 90, 96, 98, 105, 106, 111, 114, 115], "excluded_lines": [], "start_line": 1}}}, "src/study_tutor/knowledge/__init__.py": {"executed_lines": [11], "summary": {"covered_lines": 1, "num_statements": 1, "percent_covered": 100.0, "percent_covered_display": "100", "missing_lines": 0, "excluded_lines": 0, "percent_statements_covered": 100.0, "percent_statements_covered_display": "100"}, "missing_lines": [], "excluded_lines": [], "functions": {"": {"executed_lines": [11], "summary": {"covered_lines": 1, "num_statements": 1, "percent_covered": 100.0, "percent_covered_display": "100", "missing_lines": 0, "excluded_lines": 0, "percent_statements_covered": 100.0, "percent_statements_covered_display": "100"}, "missing_lines": [], "excluded_lines": [], "start_line": 1}}, "classes": {"": {"executed_lines": [11], "summary": {"covered_lines": 1, "num_statements": 1, "percent_covered": 100.0, "percent_covered_display": "100", "missing_lines": 0, "excluded_lines": 0, "percent_statements_covered": 100.0, "percent_statements_covered_display": "100"}, "missing_lines": [], "excluded_lines": [], "start_line": 1}}}, "src/study_tutor/knowledge/async_write.py": {"executed_lines": [46, 48, 49, 50, 51, 52, 53, 54, 56, 57, 63, 71, 74, 77, 80, 83, 84, 94, 101, 106, 131, 132, 133, 134, 135, 138, 140, 141, 149, 155, 156, 157, 158, 163, 169, 186, 188, 198, 205, 206, 207, 208, 209, 210, 211, 219, 220, 221, 222, 232, 240, 249, 267, 268, 269, 270, 274, 276, 277, 279, 281, 282, 284, 290, 315, 319, 320, 325, 326, 333, 335, 336, 337, 338, 345, 349, 350, 351, 352, 353, 354, 364, 365, 367, 372, 373, 383, 391, 396, 397, 403, 405, 407, 421, 422, 423, 424, 432, 433, 440, 441, 442, 443, 454, 455, 456, 466, 472, 489, 492, 493, 494, 496, 499, 500, 501, 502, 503, 512, 513, 519, 529, 542], "summary": {"covered_lines": 123, "num_statements": 124, "percent_covered": 99.19354838709677, "percent_covered_display": "99", "missing_lines": 1, "excluded_lines": 0, "percent_statements_covered": 99.19354838709677, "percent_statements_covered_display": "99"}, "missing_lines": [139], "excluded_lines": [], "functions": {"sanitise_misconception_text": {"executed_lines": [131, 132, 133, 134, 135, 138, 140, 141], "summary": {"covered_lines": 8, "num_statements": 9, "percent_covered": 88.88888888888889, "percent_covered_display": "89", "missing_lines": 1, "excluded_lines": 0, "percent_statements_covered": 88.88888888888889, "percent_statements_covered_display": "89"}, "missing_lines": [139], "excluded_lines": [], "start_line": 106}, "_validate_group_ids": {"executed_lines": [155, 156, 157, 158, 163], "summary": {"covered_lines": 5, "num_statements": 5, "percent_covered": 100.0, "percent_covered_display": "100", "missing_lines": 0, "excluded_lines": 0, "percent_statements_covered": 100.0, "percent_statements_covered_display": "100"}, "missing_lines": [], "excluded_lines": [], "start_line": 149}, "_add_episode_kwargs": {"executed_lines": [186, 188], "summary": {"covered_lines": 2, "num_statements": 2, "percent_covered": 100.0, "percent_covered_display": "100", "missing_lines": 0, "excluded_lines": 0, "percent_statements_covered": 100.0, "percent_statements_covered_display": "100"}, "missing_lines": [], "excluded_lines": [], "start_line": 169}, "_resolve_default_grace_sec": {"executed_lines": [205, 206, 207, 208, 209, 210, 211, 219, 220, 221, 222], "summary": {"covered_lines": 11, "num_statements": 11, "percent_covered": 100.0, "percent_covered_display": "100", "missing_lines": 0, "excluded_lines": 0, "percent_statements_covered": 100.0, "percent_statements_covered_display": "100"}, "missing_lines": [], "excluded_lines": [], "start_line": 198}, "GraphitiWriteHelper.__init__": {"executed_lines": [267, 268, 269, 270, 274], "summary": {"covered_lines": 5, "num_statements": 5, "percent_covered": 100.0, "percent_covered_display": "100", "missing_lines": 0, "excluded_lines": 0, "percent_statements_covered": 100.0, "percent_statements_covered_display": "100"}, "missing_lines": [], "excluded_lines": [], "start_line": 249}, "GraphitiWriteHelper.shutdown_grace_sec": {"executed_lines": [279], "summary": {"covered_lines": 1, "num_statements": 1, "percent_covered": 100.0, "percent_covered_display": "100", "missing_lines": 0, "excluded_lines": 0, "percent_statements_covered": 100.0, "percent_statements_covered_display": "100"}, "missing_lines": [], "excluded_lines": [], "start_line": 277}, "GraphitiWriteHelper.in_flight_count": {"executed_lines": [284], "summary": {"covered_lines": 1, "num_statements": 1, "percent_covered": 100.0, "percent_covered_display": "100", "missing_lines": 0, "excluded_lines": 0, "percent_statements_covered": 100.0, "percent_statements_covered_display": "100"}, "missing_lines": [], "excluded_lines": [], "start_line": 282}, "GraphitiWriteHelper.schedule_write": {"executed_lines": [315, 319, 320, 325, 326, 333, 335, 336, 337, 338, 345, 349, 350, 351, 352, 353, 354, 364, 365, 367, 372, 373, 383, 391, 396, 397], "summary": {"covered_lines": 26, "num_statements": 26, "percent_covered": 100.0, "percent_covered_display": "100", "missing_lines": 0, "excluded_lines": 0, "percent_statements_covered": 100.0, "percent_statements_covered_display": "100"}, "missing_lines": [], "excluded_lines": [], "start_line": 290}, "GraphitiWriteHelper._on_task_done": {"executed_lines": [405], "summary": {"covered_lines": 1, "num_statements": 1, "percent_covered": 100.0, "percent_covered_display": "100", "missing_lines": 0, "excluded_lines": 0, "percent_statements_covered": 100.0, "percent_statements_covered_display": "100"}, "missing_lines": [], "excluded_lines": [], "start_line": 403}, "GraphitiWriteHelper._perform_write": {"executed_lines": [421, 422, 423, 424, 432, 433, 440, 441, 442, 443, 454, 455, 456, 466], "summary": {"covered_lines": 14, "num_statements": 14, "percent_covered": 100.0, "percent_covered_display": "100", "missing_lines": 0, "excluded_lines": 0, "percent_statements_covered": 100.0, "percent_statements_covered_display": "100"}, "missing_lines": [], "excluded_lines": [], "start_line": 407}, "GraphitiWriteHelper.drain": {"executed_lines": [489, 492, 493, 494, 496, 499, 500, 501, 502, 503, 512, 513], "summary": {"covered_lines": 12, "num_statements": 12, "percent_covered": 100.0, "percent_covered_display": "100", "missing_lines": 0, "excluded_lines": 0, "percent_statements_covered": 100.0, "percent_statements_covered_display": "100"}, "missing_lines": [], "excluded_lines": [], "start_line": 472}, "GraphitiWriteHelper._log_dropped_invalid": {"executed_lines": [529], "summary": {"covered_lines": 1, "num_statements": 1, "percent_covered": 100.0, "percent_covered_display": "100", "missing_lines": 0, "excluded_lines": 0, "percent_statements_covered": 100.0, "percent_statements_covered_display": "100"}, "missing_lines": [], "excluded_lines": [], "start_line": 519}, "": {"executed_lines": [46, 48, 49, 50, 51, 52, 53, 54, 56, 57, 63, 71, 74, 77, 80, 83, 84, 94, 101, 106, 149, 169, 198, 232, 240, 249, 276, 277, 281, 282, 290, 403, 407, 472, 519, 542], "summary": {"covered_lines": 36, "num_statements": 36, "percent_covered": 100.0, "percent_covered_display": "100", "missing_lines": 0, "excluded_lines": 0, "percent_statements_covered": 100.0, "percent_statements_covered_display": "100"}, "missing_lines": [], "excluded_lines": [], "start_line": 1}}, "classes": {"GraphitiWriteHelper": {"executed_lines": [267, 268, 269, 270, 274, 279, 284, 315, 319, 320, 325, 326, 333, 335, 336, 337, 338, 345, 349, 350, 351, 352, 353, 354, 364, 365, 367, 372, 373, 383, 391, 396, 397, 405, 421, 422, 423, 424, 432, 433, 440, 441, 442, 443, 454, 455, 456, 466, 489, 492, 493, 494, 496, 499, 500, 501, 502, 503, 512, 513, 529], "summary": {"covered_lines": 61, "num_statements": 61, "percent_covered": 100.0, "percent_covered_display": "100", "missing_lines": 0, "excluded_lines": 0, "percent_statements_covered": 100.0, "percent_statements_covered_display": "100"}, "missing_lines": [], "excluded_lines": [], "start_line": 240}, "": {"executed_lines": [46, 48, 49, 50, 51, 52, 53, 54, 56, 57, 63, 71, 74, 77, 80, 83, 84, 94, 101, 106, 131, 132, 133, 134, 135, 138, 140, 141, 149, 155, 156, 157, 158, 163, 169, 186, 188, 198, 205, 206, 207, 208, 209, 210, 211, 219, 220, 221, 222, 232, 240, 249, 276, 277, 281, 282, 290, 403, 407, 472, 519, 542], "summary": {"covered_lines": 62, "num_statements": 63, "percent_covered": 98.41269841269842, "percent_covered_display": "98", "missing_lines": 1, "excluded_lines": 0, "percent_statements_covered": 98.41269841269842, "percent_statements_covered_display": "98"}, "missing_lines": [139], "excluded_lines": [], "start_line": 1}}}, "src/study_tutor/knowledge/coach_handover.py": {"executed_lines": [50, 52, 53, 55, 56, 58, 61, 111, 112, 118, 123, 132, 136, 138, 141], "summary": {"covered_lines": 15, "num_statements": 15, "percent_covered": 100.0, "percent_covered_display": "100", "missing_lines": 0, "excluded_lines": 0, "percent_statements_covered": 100.0, "percent_statements_covered_display": "100"}, "missing_lines": [], "excluded_lines": [], "functions": {"apply_quote_verification": {"executed_lines": [111, 112, 118, 123, 132, 136, 138], "summary": {"covered_lines": 7, "num_statements": 7, "percent_covered": 100.0, "percent_covered_display": "100", "missing_lines": 0, "excluded_lines": 0, "percent_statements_covered": 100.0, "percent_statements_covered_display": "100"}, "missing_lines": [], "excluded_lines": [], "start_line": 61}, "": {"executed_lines": [50, 52, 53, 55, 56, 58, 61, 141], "summary": {"covered_lines": 8, "num_statements": 8, "percent_covered": 100.0, "percent_covered_display": "100", "missing_lines": 0, "excluded_lines": 0, "percent_statements_covered": 100.0, "percent_statements_covered_display": "100"}, "missing_lines": [], "excluded_lines": [], "start_line": 1}}, "classes": {"": {"executed_lines": [50, 52, 53, 55, 56, 58, 61, 111, 112, 118, 123, 132, 136, 138, 141], "summary": {"covered_lines": 15, "num_statements": 15, "percent_covered": 100.0, "percent_covered_display": "100", "missing_lines": 0, "excluded_lines": 0, "percent_statements_covered": 100.0, "percent_statements_covered_display": "100"}, "missing_lines": [], "excluded_lines": [], "start_line": 1}}}, "src/study_tutor/knowledge/corpus.py": {"executed_lines": [55, 57, 58, 59, 60, 61, 62, 64, 72, 82, 93, 101, 113, 114, 117, 120, 121, 122, 125, 128, 129, 130, 131, 134, 135, 138, 139, 140, 143, 144, 147, 148, 149, 152, 153, 160, 161, 162, 164, 165, 166, 174, 187, 188, 193, 194, 195, 199, 200, 201, 209, 210, 214, 215, 216, 217, 225, 227, 228, 229, 232, 243, 244, 258, 259, 260, 261, 269, 270, 274, 276, 277, 281, 282, 290, 291, 295, 297, 298, 299, 308, 309, 313, 315, 316, 317, 318, 323, 324, 328, 330, 340, 341, 346, 347, 351, 353, 354, 355, 356, 357, 358, 359, 368, 385, 392, 393, 394, 395, 396, 399, 406, 407, 409, 412, 421, 423, 424, 425, 426, 427, 428, 431, 437, 438, 439, 440, 441, 443, 450, 463, 464, 465, 468, 470, 471, 472, 473, 476, 478, 479, 480, 481, 485, 495, 496, 497, 498, 499, 500, 501, 502, 503, 504, 505, 506, 507, 508, 509, 510, 511, 512, 513, 514, 515, 516, 517, 518, 519, 520, 521, 523, 526, 535, 536, 537, 538, 539, 540, 541, 542, 543, 544, 545, 546, 547, 548, 549, 550, 551, 552, 553, 554, 555, 557, 558, 559, 561, 564], "summary": {"covered_lines": 199, "num_statements": 222, "percent_covered": 89.63963963963964, "percent_covered_display": "90", "missing_lines": 23, "excluded_lines": 0, "percent_statements_covered": 89.63963963963964, "percent_statements_covered_display": "90"}, "missing_lines": [189, 198, 245, 246, 251, 252, 256, 331, 336, 337, 338, 360, 408, 422, 432, 433, 434, 435, 436, 442, 482, 522, 560], "excluded_lines": [], "functions": {"IngestResult.chunks_created": {"executed_lines": [166], "summary": {"covered_lines": 1, "num_statements": 1, "percent_covered": 100.0, "percent_covered_display": "100", "missing_lines": 0, "excluded_lines": 0, "percent_statements_covered": 100.0, "percent_statements_covered_display": "100"}, "missing_lines": [], "excluded_lines": [], "start_line": 165}, "load_corpus": {"executed_lines": [187, 188, 193, 194, 195, 199, 200, 201, 209, 210, 214, 215, 216, 217], "summary": {"covered_lines": 14, "num_statements": 16, "percent_covered": 87.5, "percent_covered_display": "88", "missing_lines": 2, "excluded_lines": 0, "percent_statements_covered": 87.5, "percent_statements_covered_display": "88"}, "missing_lines": [189, 198], "excluded_lines": [], "start_line": 174}, "_iter_files": {"executed_lines": [227, 228, 229], "summary": {"covered_lines": 3, "num_statements": 3, "percent_covered": 100.0, "percent_covered_display": "100", "missing_lines": 0, "excluded_lines": 0, "percent_statements_covered": 100.0, "percent_statements_covered_display": "100"}, "missing_lines": [], "excluded_lines": [], "start_line": 225}, "_process_file": {"executed_lines": [243, 244, 258, 259, 260, 261, 269, 270, 274, 276, 277, 281, 282, 290, 291, 295, 297, 298, 299, 308, 309, 313, 315, 316, 317, 318, 323, 324, 328, 330, 340, 341, 346, 347, 351, 353, 354, 355, 356, 357, 358, 359, 368], "summary": {"covered_lines": 43, "num_statements": 53, "percent_covered": 81.13207547169812, "percent_covered_display": "81", "missing_lines": 10, "excluded_lines": 0, "percent_statements_covered": 81.13207547169812, "percent_statements_covered_display": "81"}, "missing_lines": [245, 246, 251, 252, 256, 331, 336, 337, 338, 360], "excluded_lines": [], "start_line": 232}, "_match_incopyright_title": {"executed_lines": [392, 393, 394, 395, 396], "summary": {"covered_lines": 5, "num_statements": 5, "percent_covered": 100.0, "percent_covered_display": "100", "missing_lines": 0, "excluded_lines": 0, "percent_statements_covered": 100.0, "percent_statements_covered_display": "100"}, "missing_lines": [], "excluded_lines": [], "start_line": 385}, "_derive_text_name": {"executed_lines": [406, 407, 409], "summary": {"covered_lines": 3, "num_statements": 4, "percent_covered": 75.0, "percent_covered_display": "75", "missing_lines": 1, "excluded_lines": 0, "percent_statements_covered": 75.0, "percent_statements_covered_display": "75"}, "missing_lines": [408], "excluded_lines": [], "start_line": 399}, "_chunk_text": {"executed_lines": [421, 423, 424, 425, 426, 427, 428, 431, 437, 438, 439, 440, 441, 443], "summary": {"covered_lines": 14, "num_statements": 21, "percent_covered": 66.66666666666667, "percent_covered_display": "67", "missing_lines": 7, "excluded_lines": 0, "percent_statements_covered": 66.66666666666667, "percent_statements_covered_display": "67"}, "missing_lines": [422, 432, 433, 434, 435, 436, 442], "excluded_lines": [], "start_line": 412}, "_parse_roman_or_int": {"executed_lines": [470, 471, 472, 473], "summary": {"covered_lines": 4, "num_statements": 4, "percent_covered": 100.0, "percent_covered_display": "100", "missing_lines": 0, "excluded_lines": 0, "percent_statements_covered": 100.0, "percent_statements_covered_display": "100"}, "missing_lines": [], "excluded_lines": [], "start_line": 468}, "_infer_citation_anchor": {"executed_lines": [478, 479, 480, 481], "summary": {"covered_lines": 4, "num_statements": 5, "percent_covered": 80.0, "percent_covered_display": "80", "missing_lines": 1, "excluded_lines": 0, "percent_statements_covered": 80.0, "percent_statements_covered_display": "80"}, "missing_lines": [482], "excluded_lines": [], "start_line": 476}, "_infer_play_anchor": {"executed_lines": [495, 496, 497, 498, 499, 500, 501, 502, 503, 504, 505, 506, 507, 508, 509, 510, 511, 512, 513, 514, 515, 516, 517, 518, 519, 520, 521, 523], "summary": {"covered_lines": 28, "num_statements": 29, "percent_covered": 96.55172413793103, "percent_covered_display": "97", "missing_lines": 1, "excluded_lines": 0, "percent_statements_covered": 96.55172413793103, "percent_statements_covered_display": "97"}, "missing_lines": [522], "excluded_lines": [], "start_line": 485}, "_infer_novel_anchor": {"executed_lines": [535, 536, 537, 538, 539, 540, 541, 542, 543, 544, 545, 546, 547, 548, 549, 550, 551, 552, 553, 554, 555, 557, 558, 559, 561], "summary": {"covered_lines": 25, "num_statements": 26, "percent_covered": 96.15384615384616, "percent_covered_display": "96", "missing_lines": 1, "excluded_lines": 0, "percent_statements_covered": 96.15384615384616, "percent_statements_covered_display": "96"}, "missing_lines": [560], "excluded_lines": [], "start_line": 526}, "": {"executed_lines": [55, 57, 58, 59, 60, 61, 62, 64, 72, 82, 93, 101, 113, 114, 117, 120, 121, 122, 125, 128, 129, 130, 131, 134, 135, 138, 139, 140, 143, 144, 147, 148, 149, 152, 153, 160, 161, 162, 164, 165, 174, 225, 232, 385, 399, 412, 450, 463, 464, 465, 468, 476, 485, 526, 564], "summary": {"covered_lines": 55, "num_statements": 55, "percent_covered": 100.0, "percent_covered_display": "100", "missing_lines": 0, "excluded_lines": 0, "percent_statements_covered": 100.0, "percent_statements_covered_display": "100"}, "missing_lines": [], "excluded_lines": [], "start_line": 1}}, "classes": {"RefusalReason": {"executed_lines": [], "summary": {"covered_lines": 0, "num_statements": 0, "percent_covered": 100.0, "percent_covered_display": "100", "missing_lines": 0, "excluded_lines": 0, "percent_statements_covered": 100.0, "percent_statements_covered_display": "100"}, "missing_lines": [], "excluded_lines": [], "start_line": 117}, "SkipReason": {"executed_lines": [], "summary": {"covered_lines": 0, "num_statements": 0, "percent_covered": 100.0, "percent_covered_display": "100", "missing_lines": 0, "excluded_lines": 0, "percent_statements_covered": 100.0, "percent_statements_covered_display": "100"}, "missing_lines": [], "excluded_lines": [], "start_line": 125}, "RefusalRecord": {"executed_lines": [], "summary": {"covered_lines": 0, "num_statements": 0, "percent_covered": 100.0, "percent_covered_display": "100", "missing_lines": 0, "excluded_lines": 0, "percent_statements_covered": 100.0, "percent_statements_covered_display": "100"}, "missing_lines": [], "excluded_lines": [], "start_line": 135}, "SkipRecord": {"executed_lines": [], "summary": {"covered_lines": 0, "num_statements": 0, "percent_covered": 100.0, "percent_covered_display": "100", "missing_lines": 0, "excluded_lines": 0, "percent_statements_covered": 100.0, "percent_statements_covered_display": "100"}, "missing_lines": [], "excluded_lines": [], "start_line": 144}, "IngestResult": {"executed_lines": [166], "summary": {"covered_lines": 1, "num_statements": 1, "percent_covered": 100.0, "percent_covered_display": "100", "missing_lines": 0, "excluded_lines": 0, "percent_statements_covered": 100.0, "percent_statements_covered_display": "100"}, "missing_lines": [], "excluded_lines": [], "start_line": 153}, "": {"executed_lines": [55, 57, 58, 59, 60, 61, 62, 64, 72, 82, 93, 101, 113, 114, 117, 120, 121, 122, 125, 128, 129, 130, 131, 134, 135, 138, 139, 140, 143, 144, 147, 148, 149, 152, 153, 160, 161, 162, 164, 165, 174, 187, 188, 193, 194, 195, 199, 200, 201, 209, 210, 214, 215, 216, 217, 225, 227, 228, 229, 232, 243, 244, 258, 259, 260, 261, 269, 270, 274, 276, 277, 281, 282, 290, 291, 295, 297, 298, 299, 308, 309, 313, 315, 316, 317, 318, 323, 324, 328, 330, 340, 341, 346, 347, 351, 353, 354, 355, 356, 357, 358, 359, 368, 385, 392, 393, 394, 395, 396, 399, 406, 407, 409, 412, 421, 423, 424, 425, 426, 427, 428, 431, 437, 438, 439, 440, 441, 443, 450, 463, 464, 465, 468, 470, 471, 472, 473, 476, 478, 479, 480, 481, 485, 495, 496, 497, 498, 499, 500, 501, 502, 503, 504, 505, 506, 507, 508, 509, 510, 511, 512, 513, 514, 515, 516, 517, 518, 519, 520, 521, 523, 526, 535, 536, 537, 538, 539, 540, 541, 542, 543, 544, 545, 546, 547, 548, 549, 550, 551, 552, 553, 554, 555, 557, 558, 559, 561, 564], "summary": {"covered_lines": 198, "num_statements": 221, "percent_covered": 89.59276018099547, "percent_covered_display": "90", "missing_lines": 23, "excluded_lines": 0, "percent_statements_covered": 89.59276018099547, "percent_statements_covered_display": "90"}, "missing_lines": [189, 198, 245, 246, 251, 252, 256, 331, 336, 337, 338, 360, 408, 422, 432, 433, 434, 435, 436, 442, 482, 522, 560], "excluded_lines": [], "start_line": 1}}}, "src/study_tutor/knowledge/corpus_models.py": {"executed_lines": [32, 34, 35, 37, 40, 58, 59, 60, 61, 64, 70, 72, 73, 74, 75, 78, 84, 86, 87, 88, 95, 101, 125, 127, 128, 129, 130, 131, 132, 135], "summary": {"covered_lines": 30, "num_statements": 30, "percent_covered": 100.0, "percent_covered_display": "100", "missing_lines": 0, "excluded_lines": 0, "percent_statements_covered": 100.0, "percent_statements_covered_display": "100"}, "missing_lines": [], "excluded_lines": [], "functions": {"": {"executed_lines": [32, 34, 35, 37, 40, 58, 59, 60, 61, 64, 70, 72, 73, 74, 75, 78, 84, 86, 87, 88, 95, 101, 125, 127, 128, 129, 130, 131, 132, 135], "summary": {"covered_lines": 30, "num_statements": 30, "percent_covered": 100.0, "percent_covered_display": "100", "missing_lines": 0, "excluded_lines": 0, "percent_statements_covered": 100.0, "percent_statements_covered_display": "100"}, "missing_lines": [], "excluded_lines": [], "start_line": 1}}, "classes": {"SourceType": {"executed_lines": [], "summary": {"covered_lines": 0, "num_statements": 0, "percent_covered": 100.0, "percent_covered_display": "100", "missing_lines": 0, "excluded_lines": 0, "percent_statements_covered": 100.0, "percent_statements_covered_display": "100"}, "missing_lines": [], "excluded_lines": [], "start_line": 40}, "PlayCitationAnchor": {"executed_lines": [], "summary": {"covered_lines": 0, "num_statements": 0, "percent_covered": 100.0, "percent_covered_display": "100", "missing_lines": 0, "excluded_lines": 0, "percent_statements_covered": 100.0, "percent_statements_covered_display": "100"}, "missing_lines": [], "excluded_lines": [], "start_line": 64}, "NovelCitationAnchor": {"executed_lines": [], "summary": {"covered_lines": 0, "num_statements": 0, "percent_covered": 100.0, "percent_covered_display": "100", "missing_lines": 0, "excluded_lines": 0, "percent_statements_covered": 100.0, "percent_statements_covered_display": "100"}, "missing_lines": [], "excluded_lines": [], "start_line": 78}, "CorpusChunk": {"executed_lines": [], "summary": {"covered_lines": 0, "num_statements": 0, "percent_covered": 100.0, "percent_covered_display": "100", "missing_lines": 0, "excluded_lines": 0, "percent_statements_covered": 100.0, "percent_statements_covered_display": "100"}, "missing_lines": [], "excluded_lines": [], "start_line": 101}, "": {"executed_lines": [32, 34, 35, 37, 40, 58, 59, 60, 61, 64, 70, 72, 73, 74, 75, 78, 84, 86, 87, 88, 95, 101, 125, 127, 128, 129, 130, 131, 132, 135], "summary": {"covered_lines": 30, "num_statements": 30, "percent_covered": 100.0, "percent_covered_display": "100", "missing_lines": 0, "excluded_lines": 0, "percent_statements_covered": 100.0, "percent_statements_covered_display": "100"}, "missing_lines": [], "excluded_lines": [], "start_line": 1}}}, "src/study_tutor/knowledge/episodes.py": {"executed_lines": [17, 19, 20, 22, 35, 42, 53, 55, 57, 69, 77, 78, 79, 80, 81, 82, 83, 84, 85, 86, 88, 89, 90, 91, 101, 108, 109, 110, 111, 112, 113, 114, 115, 116, 123, 134, 135, 140, 150, 158, 159, 160, 161, 162, 163, 164, 166, 167, 177], "summary": {"covered_lines": 49, "num_statements": 50, "percent_covered": 98.0, "percent_covered_display": "98", "missing_lines": 1, "excluded_lines": 0, "percent_statements_covered": 98.0, "percent_statements_covered_display": "98"}, "missing_lines": [64], "excluded_lines": [], "functions": {"EpisodeBase.to_graphiti_episode_body": {"executed_lines": [], "summary": {"covered_lines": 0, "num_statements": 1, "percent_covered": 0.0, "percent_covered_display": "0", "missing_lines": 1, "excluded_lines": 0, "percent_statements_covered": 0.0, "percent_statements_covered_display": "0"}, "missing_lines": [64], "excluded_lines": [], "start_line": 57}, "SessionCompletedEpisode.to_graphiti_episode_body": {"executed_lines": [89, 90, 91], "summary": {"covered_lines": 3, "num_statements": 3, "percent_covered": 100.0, "percent_covered_display": "100", "missing_lines": 0, "excluded_lines": 0, "percent_statements_covered": 100.0, "percent_statements_covered_display": "100"}, "missing_lines": [], "excluded_lines": [], "start_line": 88}, "TopicConfidenceUpdatedEpisode.to_graphiti_episode_body": {"executed_lines": [135, 140], "summary": {"covered_lines": 2, "num_statements": 2, "percent_covered": 100.0, "percent_covered_display": "100", "missing_lines": 0, "excluded_lines": 0, "percent_statements_covered": 100.0, "percent_statements_covered_display": "100"}, "missing_lines": [], "excluded_lines": [], "start_line": 134}, "MisconceptionObservedEpisode.to_graphiti_episode_body": {"executed_lines": [167], "summary": {"covered_lines": 1, "num_statements": 1, "percent_covered": 100.0, "percent_covered_display": "100", "missing_lines": 0, "excluded_lines": 0, "percent_statements_covered": 100.0, "percent_statements_covered_display": "100"}, "missing_lines": [], "excluded_lines": [], "start_line": 166}, "": {"executed_lines": [17, 19, 20, 22, 35, 42, 53, 55, 57, 69, 77, 78, 79, 80, 81, 82, 83, 84, 85, 86, 88, 101, 108, 109, 110, 111, 112, 113, 114, 115, 116, 123, 134, 150, 158, 159, 160, 161, 162, 163, 164, 166, 177], "summary": {"covered_lines": 43, "num_statements": 43, "percent_covered": 100.0, "percent_covered_display": "100", "missing_lines": 0, "excluded_lines": 0, "percent_statements_covered": 100.0, "percent_statements_covered_display": "100"}, "missing_lines": [], "excluded_lines": [], "start_line": 1}}, "classes": {"EpisodeBase": {"executed_lines": [], "summary": {"covered_lines": 0, "num_statements": 1, "percent_covered": 0.0, "percent_covered_display": "0", "missing_lines": 1, "excluded_lines": 0, "percent_statements_covered": 0.0, "percent_statements_covered_display": "0"}, "missing_lines": [64], "excluded_lines": [], "start_line": 42}, "SessionCompletedEpisode": {"executed_lines": [89, 90, 91], "summary": {"covered_lines": 3, "num_statements": 3, "percent_covered": 100.0, "percent_covered_display": "100", "missing_lines": 0, "excluded_lines": 0, "percent_statements_covered": 100.0, "percent_statements_covered_display": "100"}, "missing_lines": [], "excluded_lines": [], "start_line": 69}, "TopicConfidenceUpdatedEpisode": {"executed_lines": [135, 140], "summary": {"covered_lines": 2, "num_statements": 2, "percent_covered": 100.0, "percent_covered_display": "100", "missing_lines": 0, "excluded_lines": 0, "percent_statements_covered": 100.0, "percent_statements_covered_display": "100"}, "missing_lines": [], "excluded_lines": [], "start_line": 101}, "MisconceptionObservedEpisode": {"executed_lines": [167], "summary": {"covered_lines": 1, "num_statements": 1, "percent_covered": 100.0, "percent_covered_display": "100", "missing_lines": 0, "excluded_lines": 0, "percent_statements_covered": 100.0, "percent_statements_covered_display": "100"}, "missing_lines": [], "excluded_lines": [], "start_line": 150}, "": {"executed_lines": [17, 19, 20, 22, 35, 42, 53, 55, 57, 69, 77, 78, 79, 80, 81, 82, 83, 84, 85, 86, 88, 101, 108, 109, 110, 111, 112, 113, 114, 115, 116, 123, 134, 150, 158, 159, 160, 161, 162, 163, 164, 166, 177], "summary": {"covered_lines": 43, "num_statements": 43, "percent_covered": 100.0, "percent_covered_display": "100", "missing_lines": 0, "excluded_lines": 0, "percent_statements_covered": 100.0, "percent_statements_covered_display": "100"}, "missing_lines": [], "excluded_lines": [], "start_line": 1}}}, "src/study_tutor/knowledge/graphiti_client.py": {"executed_lines": [37, 39, 40, 41, 42, 43, 44, 46, 47, 49, 54, 55, 56, 57, 63, 74, 75, 78, 129, 131, 132, 133, 137, 138, 139, 140, 141, 142, 143, 144, 145, 146, 147, 159, 169, 185, 201, 211, 212, 213, 222, 224, 225, 229, 238, 241, 249, 250, 251, 252, 254, 262, 270, 271, 272, 273, 274, 277, 313, 314, 320, 321, 322, 327, 329, 330, 331, 333, 334, 335, 338, 342, 349, 350, 352, 355, 370, 376, 377, 378, 379, 380, 383, 414, 417, 432, 435, 439, 442, 456, 461, 464, 495, 496, 503, 505, 518, 519, 520, 522, 525, 546, 547, 554, 556, 566, 567, 569, 570, 573, 585, 586, 595, 598, 601, 627, 633, 649, 650, 652, 656, 659, 669, 672, 682, 687, 688, 690, 691, 693, 695, 703, 704, 706, 707, 708, 712, 713, 714, 715, 721, 722, 723, 724, 730, 732, 742, 743, 748, 749, 750, 752, 753, 754, 755, 761, 769, 770, 772, 775, 777, 778, 781, 782, 783, 784, 785, 786, 798, 816, 818, 819, 820, 821, 826, 843, 844, 845, 846, 847, 848, 853, 854, 860, 865, 874, 875, 880, 886, 887, 892, 894, 896, 897, 899, 903, 908, 909, 911, 921, 924], "summary": {"covered_lines": 201, "num_statements": 220, "percent_covered": 91.36363636363636, "percent_covered_display": "91", "missing_lines": 19, "excluded_lines": 0, "percent_statements_covered": 91.36363636363636, "percent_statements_covered_display": "91"}, "missing_lines": [253, 255, 256, 396, 397, 401, 589, 594, 647, 744, 751, 757, 779, 827, 828, 833, 866, 867, 872], "excluded_lines": [], "functions": {"_enforce_decision_df_001": {"executed_lines": [211, 212, 213, 222, 224, 225, 229, 238], "summary": {"covered_lines": 8, "num_statements": 8, "percent_covered": 100.0, "percent_covered_display": "100", "missing_lines": 0, "excluded_lines": 0, "percent_statements_covered": 100.0, "percent_statements_covered_display": "100"}, "missing_lines": [], "excluded_lines": [], "start_line": 201}, "_coerce_env_value": {"executed_lines": [249, 250, 251, 252, 254], "summary": {"covered_lines": 5, "num_statements": 8, "percent_covered": 62.5, "percent_covered_display": "62", "missing_lines": 3, "excluded_lines": 0, "percent_statements_covered": 62.5, "percent_statements_covered_display": "62"}, "missing_lines": [253, 255, 256], "excluded_lines": [], "start_line": 241}, "_apply_env_overrides": {"executed_lines": [270, 271, 272, 273, 274], "summary": {"covered_lines": 5, "num_statements": 5, "percent_covered": 100.0, "percent_covered_display": "100", "missing_lines": 0, "excluded_lines": 0, "percent_statements_covered": 100.0, "percent_statements_covered_display": "100"}, "missing_lines": [], "excluded_lines": [], "start_line": 262}, "load_graphiti_config_from_yaml": {"executed_lines": [313, 314, 320, 321, 322, 327, 329, 330, 331, 333, 334, 335, 338, 342, 349, 350, 352], "summary": {"covered_lines": 17, "num_statements": 17, "percent_covered": 100.0, "percent_covered_display": "100", "missing_lines": 0, "excluded_lines": 0, "percent_statements_covered": 100.0, "percent_statements_covered_display": "100"}, "missing_lines": [], "excluded_lines": [], "start_line": 277}, "_log_degraded": {"executed_lines": [370, 376, 377, 378, 379, 380], "summary": {"covered_lines": 6, "num_statements": 6, "percent_covered": 100.0, "percent_covered_display": "100", "missing_lines": 0, "excluded_lines": 0, "percent_statements_covered": 100.0, "percent_statements_covered_display": "100"}, "missing_lines": [], "excluded_lines": [], "start_line": 355}, "_load_graphiti_core": {"executed_lines": [], "summary": {"covered_lines": 0, "num_statements": 3, "percent_covered": 0.0, "percent_covered_display": "0", "missing_lines": 3, "excluded_lines": 0, "percent_statements_covered": 0.0, "percent_statements_covered_display": "0"}, "missing_lines": [396, 397, 401], "excluded_lines": [], "start_line": 383}, "_load_llm_client_classes": {"executed_lines": [432, 435, 439], "summary": {"covered_lines": 3, "num_statements": 3, "percent_covered": 100.0, "percent_covered_display": "100", "missing_lines": 0, "excluded_lines": 0, "percent_statements_covered": 100.0, "percent_statements_covered_display": "100"}, "missing_lines": [], "excluded_lines": [], "start_line": 417}, "_load_embedder_classes": {"executed_lines": [456, 461], "summary": {"covered_lines": 2, "num_statements": 2, "percent_covered": 100.0, "percent_covered_display": "100", "missing_lines": 0, "excluded_lines": 0, "percent_statements_covered": 100.0, "percent_statements_covered_display": "100"}, "missing_lines": [], "excluded_lines": [], "start_line": 442}, "_build_llm_client": {"executed_lines": [495, 496, 503, 505, 518, 519, 520, 522], "summary": {"covered_lines": 8, "num_statements": 8, "percent_covered": 100.0, "percent_covered_display": "100", "missing_lines": 0, "excluded_lines": 0, "percent_statements_covered": 100.0, "percent_statements_covered_display": "100"}, "missing_lines": [], "excluded_lines": [], "start_line": 464}, "_build_embedder": {"executed_lines": [546, 547, 554, 556, 566, 567, 569, 570], "summary": {"covered_lines": 8, "num_statements": 8, "percent_covered": 100.0, "percent_covered_display": "100", "missing_lines": 0, "excluded_lines": 0, "percent_statements_covered": 100.0, "percent_statements_covered_display": "100"}, "missing_lines": [], "excluded_lines": [], "start_line": 525}, "_resolve_cross_encoder_base": {"executed_lines": [585, 586, 595], "summary": {"covered_lines": 3, "num_statements": 5, "percent_covered": 60.0, "percent_covered_display": "60", "missing_lines": 2, "excluded_lines": 0, "percent_statements_covered": 60.0, "percent_statements_covered_display": "60"}, "missing_lines": [589, 594], "excluded_lines": [], "start_line": 573}, "_CrossEncoderSentinel.rank": {"executed_lines": [], "summary": {"covered_lines": 0, "num_statements": 1, "percent_covered": 0.0, "percent_covered_display": "0", "missing_lines": 1, "excluded_lines": 0, "percent_statements_covered": 0.0, "percent_statements_covered_display": "0"}, "missing_lines": [647], "excluded_lines": [], "start_line": 633}, "_CrossEncoderSentinel.__getattr__": {"executed_lines": [650], "summary": {"covered_lines": 1, "num_statements": 1, "percent_covered": 100.0, "percent_covered_display": "100", "missing_lines": 0, "excluded_lines": 0, "percent_statements_covered": 100.0, "percent_statements_covered_display": "100"}, "missing_lines": [], "excluded_lines": [], "start_line": 649}, "_CrossEncoderSentinel.__repr__": {"executed_lines": [656], "summary": {"covered_lines": 1, "num_statements": 1, "percent_covered": 100.0, "percent_covered_display": "100", "missing_lines": 0, "excluded_lines": 0, "percent_statements_covered": 100.0, "percent_statements_covered_display": "100"}, "missing_lines": [], "excluded_lines": [], "start_line": 652}, "_build_cross_encoder_sentinel": {"executed_lines": [669], "summary": {"covered_lines": 1, "num_statements": 1, "percent_covered": 100.0, "percent_covered_display": "100", "missing_lines": 0, "excluded_lines": 0, "percent_statements_covered": 100.0, "percent_statements_covered_display": "100"}, "missing_lines": [], "excluded_lines": [], "start_line": 659}, "GraphitiClient.__init__": {"executed_lines": [687, 688], "summary": {"covered_lines": 2, "num_statements": 2, "percent_covered": 100.0, "percent_covered_display": "100", "missing_lines": 0, "excluded_lines": 0, "percent_statements_covered": 100.0, "percent_statements_covered_display": "100"}, "missing_lines": [], "excluded_lines": [], "start_line": 682}, "GraphitiClient.client_or_none": {"executed_lines": [693], "summary": {"covered_lines": 1, "num_statements": 1, "percent_covered": 100.0, "percent_covered_display": "100", "missing_lines": 0, "excluded_lines": 0, "percent_statements_covered": 100.0, "percent_statements_covered_display": "100"}, "missing_lines": [], "excluded_lines": [], "start_line": 691}, "GraphitiClient.healthcheck": {"executed_lines": [703, 704, 706, 707, 708, 712, 713, 714, 715, 721, 722, 723, 724, 730], "summary": {"covered_lines": 14, "num_statements": 14, "percent_covered": 100.0, "percent_covered_display": "100", "missing_lines": 0, "excluded_lines": 0, "percent_statements_covered": 100.0, "percent_statements_covered_display": "100"}, "missing_lines": [], "excluded_lines": [], "start_line": 695}, "GraphitiClient._ping": {"executed_lines": [742, 743, 748, 749, 750, 752, 753, 754, 755], "summary": {"covered_lines": 9, "num_statements": 12, "percent_covered": 75.0, "percent_covered_display": "75", "missing_lines": 3, "excluded_lines": 0, "percent_statements_covered": 75.0, "percent_statements_covered_display": "75"}, "missing_lines": [744, 751, 757], "excluded_lines": [], "start_line": 732}, "GraphitiClient.close": {"executed_lines": [769, 770, 772, 775, 777, 778, 781, 782, 783, 784, 785, 786], "summary": {"covered_lines": 12, "num_statements": 13, "percent_covered": 92.3076923076923, "percent_covered_display": "92", "missing_lines": 1, "excluded_lines": 0, "percent_statements_covered": 92.3076923076923, "percent_statements_covered_display": "92"}, "missing_lines": [779], "excluded_lines": [], "start_line": 761}, "get_client": {"executed_lines": [816, 818, 819, 820, 821, 826, 843, 844, 845, 846, 847, 848, 853, 854, 860, 865, 874, 875, 880, 886, 887, 892, 894, 896, 897, 899, 903, 908, 909, 911, 921], "summary": {"covered_lines": 31, "num_statements": 37, "percent_covered": 83.78378378378379, "percent_covered_display": "84", "missing_lines": 6, "excluded_lines": 0, "percent_statements_covered": 83.78378378378379, "percent_statements_covered_display": "84"}, "missing_lines": [827, 828, 833, 866, 867, 872], "excluded_lines": [], "start_line": 798}, "": {"executed_lines": [37, 39, 40, 41, 42, 43, 44, 46, 47, 49, 54, 55, 56, 57, 63, 74, 75, 78, 129, 131, 132, 133, 137, 138, 139, 140, 141, 142, 143, 144, 145, 146, 147, 159, 169, 185, 201, 241, 262, 277, 355, 383, 414, 417, 442, 464, 525, 573, 598, 601, 627, 633, 649, 652, 659, 672, 682, 690, 691, 695, 732, 761, 798, 924], "summary": {"covered_lines": 64, "num_statements": 64, "percent_covered": 100.0, "percent_covered_display": "100", "missing_lines": 0, "excluded_lines": 0, "percent_statements_covered": 100.0, "percent_statements_covered_display": "100"}, "missing_lines": [], "excluded_lines": [], "start_line": 1}}, "classes": {"GraphitiConnectionConfig": {"executed_lines": [], "summary": {"covered_lines": 0, "num_statements": 0, "percent_covered": 100.0, "percent_covered_display": "100", "missing_lines": 0, "excluded_lines": 0, "percent_statements_covered": 100.0, "percent_statements_covered_display": "100"}, "missing_lines": [], "excluded_lines": [], "start_line": 78}, "_CrossEncoderSentinel": {"executed_lines": [650, 656], "summary": {"covered_lines": 2, "num_statements": 3, "percent_covered": 66.66666666666667, "percent_covered_display": "67", "missing_lines": 1, "excluded_lines": 0, "percent_statements_covered": 66.66666666666667, "percent_statements_covered_display": "67"}, "missing_lines": [647], "excluded_lines": [], "start_line": 601}, "GraphitiClient": {"executed_lines": [687, 688, 693, 703, 704, 706, 707, 708, 712, 713, 714, 715, 721, 722, 723, 724, 730, 742, 743, 748, 749, 750, 752, 753, 754, 755, 769, 770, 772, 775, 777, 778, 781, 782, 783, 784, 785, 786], "summary": {"covered_lines": 38, "num_statements": 42, "percent_covered": 90.47619047619048, "percent_covered_display": "90", "missing_lines": 4, "excluded_lines": 0, "percent_statements_covered": 90.47619047619048, "percent_statements_covered_display": "90"}, "missing_lines": [744, 751, 757, 779], "excluded_lines": [], "start_line": 672}, "": {"executed_lines": [37, 39, 40, 41, 42, 43, 44, 46, 47, 49, 54, 55, 56, 57, 63, 74, 75, 78, 129, 131, 132, 133, 137, 138, 139, 140, 141, 142, 143, 144, 145, 146, 147, 159, 169, 185, 201, 211, 212, 213, 222, 224, 225, 229, 238, 241, 249, 250, 251, 252, 254, 262, 270, 271, 272, 273, 274, 277, 313, 314, 320, 321, 322, 327, 329, 330, 331, 333, 334, 335, 338, 342, 349, 350, 352, 355, 370, 376, 377, 378, 379, 380, 383, 414, 417, 432, 435, 439, 442, 456, 461, 464, 495, 496, 503, 505, 518, 519, 520, 522, 525, 546, 547, 554, 556, 566, 567, 569, 570, 573, 585, 586, 595, 598, 601, 627, 633, 649, 652, 659, 669, 672, 682, 690, 691, 695, 732, 761, 798, 816, 818, 819, 820, 821, 826, 843, 844, 845, 846, 847, 848, 853, 854, 860, 865, 874, 875, 880, 886, 887, 892, 894, 896, 897, 899, 903, 908, 909, 911, 921, 924], "summary": {"covered_lines": 161, "num_statements": 175, "percent_covered": 92.0, "percent_covered_display": "92", "missing_lines": 14, "excluded_lines": 0, "percent_statements_covered": 92.0, "percent_statements_covered_display": "92"}, "missing_lines": [253, 255, 256, 396, 397, 401, 589, 594, 827, 828, 833, 866, 867, 872], "excluded_lines": [], "start_line": 1}}}, "src/study_tutor/knowledge/queries.py": {"executed_lines": [33, 35, 36, 37, 38, 40, 42, 43, 47, 48, 54, 62, 65, 68, 71, 74, 79, 82, 94, 97, 99, 100, 101, 102, 105, 108, 110, 111, 112, 115, 124, 126, 127, 128, 129, 130, 131, 132, 133, 134, 135, 138, 141, 143, 144, 145, 146, 154, 156, 159, 166, 168, 169, 170, 174, 193, 195, 196, 200, 271, 273, 274, 275, 278, 288, 289, 293, 294, 295, 296, 300, 302, 303, 304, 305, 306, 307, 308, 311, 315, 329, 330, 331, 332, 333, 335, 336, 337, 339, 340, 341, 342, 343, 344, 345, 354, 357, 358, 359, 360, 362, 363, 364, 365, 367, 368, 369, 370, 372, 373, 374, 375, 376, 379, 380, 388, 389, 391, 392, 393, 394, 397, 403, 411, 412, 418, 420, 425, 426, 427, 428, 429, 431, 439, 463, 464, 466, 467, 470, 472, 473, 477, 478, 487, 489, 492, 514, 515, 517, 518, 521, 522, 523, 525, 526, 527, 529, 530, 533, 535, 537, 538, 546, 547, 548, 557, 568, 569, 572, 599, 600, 606, 607, 608, 610, 630, 633, 662, 679, 690, 714, 716, 723, 728, 729, 730, 732, 735, 737, 738, 739, 743, 805, 806, 808, 809, 812, 813, 825, 826, 833, 838, 839, 841, 842, 843, 847, 857, 872, 880, 881, 882, 883, 885, 891, 892, 893, 894, 895, 896, 910, 911, 912, 929, 930, 932, 933, 944, 951, 960, 961, 963, 964, 969], "summary": {"covered_lines": 234, "num_statements": 297, "percent_covered": 78.78787878787878, "percent_covered_display": "79", "missing_lines": 63, "excluded_lines": 9, "percent_statements_covered": 78.78787878787878, "percent_statements_covered_display": "79"}, "missing_lines": [167, 171, 194, 202, 203, 204, 208, 210, 211, 212, 223, 227, 228, 229, 232, 236, 237, 239, 240, 241, 244, 245, 246, 248, 249, 253, 255, 256, 257, 261, 263, 266, 267, 268, 290, 291, 292, 297, 309, 310, 312, 419, 468, 519, 731, 740, 810, 814, 823, 858, 859, 870, 897, 901, 902, 903, 904, 905, 913, 914, 962, 965, 966], "excluded_lines": [681, 682, 683, 684, 685, 686, 687, 688, 689], "functions": {"_now_utc": {"executed_lines": [156], "summary": {"covered_lines": 1, "num_statements": 1, "percent_covered": 100.0, "percent_covered_display": "100", "missing_lines": 0, "excluded_lines": 0, "percent_statements_covered": 100.0, "percent_statements_covered_display": "100"}, "missing_lines": [], "excluded_lines": [], "start_line": 154}, "_inner_client": {"executed_lines": [166, 168, 169, 170], "summary": {"covered_lines": 4, "num_statements": 6, "percent_covered": 66.66666666666667, "percent_covered_display": "67", "missing_lines": 2, "excluded_lines": 0, "percent_statements_covered": 66.66666666666667, "percent_statements_covered_display": "67"}, "missing_lines": [167, 171], "excluded_lines": [], "start_line": 159}, "_read_student_partition": {"executed_lines": [193, 195, 196, 200], "summary": {"covered_lines": 4, "num_statements": 23, "percent_covered": 17.391304347826086, "percent_covered_display": "17", "missing_lines": 19, "excluded_lines": 0, "percent_statements_covered": 17.391304347826086, "percent_statements_covered_display": "17"}, "missing_lines": [194, 202, 203, 204, 208, 210, 211, 212, 223, 227, 239, 248, 249, 253, 255, 263, 266, 267, 268], "excluded_lines": [], "start_line": 174}, "_read_student_partition._safe_nodes": {"executed_lines": [], "summary": {"covered_lines": 0, "num_statements": 5, "percent_covered": 0.0, "percent_covered_display": "0", "missing_lines": 5, "excluded_lines": 0, "percent_statements_covered": 0.0, "percent_statements_covered_display": "0"}, "missing_lines": [228, 229, 232, 236, 237], "excluded_lines": [], "start_line": 227}, "_read_student_partition._safe_edges": {"executed_lines": [], "summary": {"covered_lines": 0, "num_statements": 5, "percent_covered": 0.0, "percent_covered_display": "0", "missing_lines": 5, "excluded_lines": 0, "percent_statements_covered": 0.0, "percent_statements_covered_display": "0"}, "missing_lines": [240, 241, 244, 245, 246], "excluded_lines": [], "start_line": 239}, "_read_student_partition._read_one_group": {"executed_lines": [], "summary": {"covered_lines": 0, "num_statements": 3, "percent_covered": 0.0, "percent_covered_display": "0", "missing_lines": 3, "excluded_lines": 0, "percent_statements_covered": 0.0, "percent_statements_covered_display": "0"}, "missing_lines": [256, 257, 261], "excluded_lines": [], "start_line": 255}, "_attr": {"executed_lines": [273, 274, 275], "summary": {"covered_lines": 3, "num_statements": 3, "percent_covered": 100.0, "percent_covered_display": "100", "missing_lines": 0, "excluded_lines": 0, "percent_statements_covered": 100.0, "percent_statements_covered_display": "100"}, "missing_lines": [], "excluded_lines": [], "start_line": 271}, "_entity_type": {"executed_lines": [288, 289, 293, 294, 295, 296], "summary": {"covered_lines": 6, "num_statements": 10, "percent_covered": 60.0, "percent_covered_display": "60", "missing_lines": 4, "excluded_lines": 0, "percent_statements_covered": 60.0, "percent_statements_covered_display": "60"}, "missing_lines": [290, 291, 292, 297], "excluded_lines": [], "start_line": 278}, "_coerce_datetime": {"executed_lines": [302, 303, 304, 305, 306, 307, 308, 311], "summary": {"covered_lines": 8, "num_statements": 11, "percent_covered": 72.72727272727273, "percent_covered_display": "73", "missing_lines": 3, "excluded_lines": 0, "percent_statements_covered": 72.72727272727273, "percent_statements_covered_display": "73"}, "missing_lines": [309, 310, 312], "excluded_lines": [], "start_line": 300}, "_build_student_state": {"executed_lines": [329, 330, 331, 332, 333, 335, 336, 337, 339, 340, 341, 342, 343, 344, 345, 354, 357, 358, 359, 360, 362, 363, 364, 365, 367, 368, 369, 370, 372, 373, 374, 375, 376, 379, 380, 388, 389, 391, 392, 393, 394, 397, 403, 411, 412, 418, 420, 425, 426, 427, 428, 429, 431], "summary": {"covered_lines": 53, "num_statements": 54, "percent_covered": 98.14814814814815, "percent_covered_display": "98", "missing_lines": 1, "excluded_lines": 0, "percent_statements_covered": 98.14814814814815, "percent_statements_covered_display": "98"}, "missing_lines": [419], "excluded_lines": [], "start_line": 315}, "get_student_state": {"executed_lines": [463, 464, 466, 467, 470, 472, 473, 477, 478, 487, 489], "summary": {"covered_lines": 11, "num_statements": 12, "percent_covered": 91.66666666666667, "percent_covered_display": "92", "missing_lines": 1, "excluded_lines": 0, "percent_statements_covered": 91.66666666666667, "percent_statements_covered_display": "92"}, "missing_lines": [468], "excluded_lines": [], "start_line": 439}, "get_topic_recommendations": {"executed_lines": [514, 515, 517, 518, 521, 522, 523, 525, 526, 527, 529, 530, 533, 535, 537, 538, 546, 547, 548, 557, 568, 569], "summary": {"covered_lines": 22, "num_statements": 23, "percent_covered": 95.65217391304348, "percent_covered_display": "96", "missing_lines": 1, "excluded_lines": 0, "percent_statements_covered": 95.65217391304348, "percent_statements_covered_display": "96"}, "missing_lines": [519], "excluded_lines": [], "start_line": 492}, "record_session_completion": {"executed_lines": [599, 600, 606, 607, 608, 610, 630, 633], "summary": {"covered_lines": 8, "num_statements": 8, "percent_covered": 100.0, "percent_covered_display": "100", "missing_lines": 0, "excluded_lines": 0, "percent_statements_covered": 100.0, "percent_statements_covered_display": "100"}, "missing_lines": [], "excluded_lines": [], "start_line": 572}, "ConfidenceDeltaPolicyLike.compute": {"executed_lines": [], "summary": {"covered_lines": 0, "num_statements": 0, "percent_covered": 100.0, "percent_covered_display": "100", "missing_lines": 0, "excluded_lines": 1, "percent_statements_covered": 100.0, "percent_statements_covered_display": "100"}, "missing_lines": [], "excluded_lines": [687], "start_line": 681}, "Phase1MinimalDeltaPolicy.compute": {"executed_lines": [723, 728, 729, 730, 732], "summary": {"covered_lines": 5, "num_statements": 6, "percent_covered": 83.33333333333333, "percent_covered_display": "83", "missing_lines": 1, "excluded_lines": 0, "percent_statements_covered": 83.33333333333333, "percent_statements_covered_display": "83"}, "missing_lines": [731], "excluded_lines": [], "start_line": 716}, "_coerce_node_attribute": {"executed_lines": [737, 738, 739], "summary": {"covered_lines": 3, "num_statements": 4, "percent_covered": 75.0, "percent_covered_display": "75", "missing_lines": 1, "excluded_lines": 0, "percent_statements_covered": 75.0, "percent_statements_covered_display": "75"}, "missing_lines": [740], "excluded_lines": [], "start_line": 735}, "record_topic_confidence_update": {"executed_lines": [805, 806, 808, 809, 812, 813, 825, 826, 833, 838, 839, 841, 842, 843, 847, 857, 872, 880, 881, 882, 883, 885, 891, 892, 893, 894, 895, 896, 910, 911, 912, 929, 930, 932, 933, 944], "summary": {"covered_lines": 36, "num_statements": 50, "percent_covered": 72.0, "percent_covered_display": "72", "missing_lines": 14, "excluded_lines": 0, "percent_statements_covered": 72.0, "percent_statements_covered_display": "72"}, "missing_lines": [810, 814, 823, 858, 859, 870, 897, 901, 902, 903, 904, 905, 913, 914], "excluded_lines": [], "start_line": 743}, "_driver_for_group_id": {"executed_lines": [960, 961, 963, 964], "summary": {"covered_lines": 4, "num_statements": 7, "percent_covered": 57.142857142857146, "percent_covered_display": "57", "missing_lines": 3, "excluded_lines": 0, "percent_statements_covered": 57.142857142857146, "percent_statements_covered_display": "57"}, "missing_lines": [962, 965, 966], "excluded_lines": [], "start_line": 951}, "": {"executed_lines": [33, 35, 36, 37, 38, 40, 42, 43, 47, 48, 54, 62, 65, 68, 71, 74, 79, 82, 94, 97, 99, 100, 101, 102, 105, 108, 110, 111, 112, 115, 124, 126, 127, 128, 129, 130, 131, 132, 133, 134, 135, 138, 141, 143, 144, 145, 146, 154, 159, 174, 271, 278, 300, 315, 439, 492, 572, 662, 679, 690, 714, 716, 735, 743, 951, 969], "summary": {"covered_lines": 66, "num_statements": 66, "percent_covered": 100.0, "percent_covered_display": "100", "missing_lines": 0, "excluded_lines": 8, "percent_statements_covered": 100.0, "percent_statements_covered_display": "100"}, "missing_lines": [], "excluded_lines": [681, 682, 683, 684, 685, 686, 688, 689], "start_line": 1}}, "classes": {"TopicConfidenceSnapshot": {"executed_lines": [], "summary": {"covered_lines": 0, "num_statements": 0, "percent_covered": 100.0, "percent_covered_display": "100", "missing_lines": 0, "excluded_lines": 0, "percent_statements_covered": 100.0, "percent_statements_covered_display": "100"}, "missing_lines": [], "excluded_lines": [], "start_line": 94}, "MisconceptionSnapshot": {"executed_lines": [], "summary": {"covered_lines": 0, "num_statements": 0, "percent_covered": 100.0, "percent_covered_display": "100", "missing_lines": 0, "excluded_lines": 0, "percent_statements_covered": 100.0, "percent_statements_covered_display": "100"}, "missing_lines": [], "excluded_lines": [], "start_line": 105}, "StudentState": {"executed_lines": [], "summary": {"covered_lines": 0, "num_statements": 0, "percent_covered": 100.0, "percent_covered_display": "100", "missing_lines": 0, "excluded_lines": 0, "percent_statements_covered": 100.0, "percent_statements_covered_display": "100"}, "missing_lines": [], "excluded_lines": [], "start_line": 115}, "TopicRecommendation": {"executed_lines": [], "summary": {"covered_lines": 0, "num_statements": 0, "percent_covered": 100.0, "percent_covered_display": "100", "missing_lines": 0, "excluded_lines": 0, "percent_statements_covered": 100.0, "percent_statements_covered_display": "100"}, "missing_lines": [], "excluded_lines": [], "start_line": 138}, "ConfidenceDeltaPolicyLike": {"executed_lines": [], "summary": {"covered_lines": 0, "num_statements": 0, "percent_covered": 100.0, "percent_covered_display": "100", "missing_lines": 0, "excluded_lines": 1, "percent_statements_covered": 100.0, "percent_statements_covered_display": "100"}, "missing_lines": [], "excluded_lines": [687], "start_line": 662}, "Phase1MinimalDeltaPolicy": {"executed_lines": [723, 728, 729, 730, 732], "summary": {"covered_lines": 5, "num_statements": 6, "percent_covered": 83.33333333333333, "percent_covered_display": "83", "missing_lines": 1, "excluded_lines": 0, "percent_statements_covered": 83.33333333333333, "percent_statements_covered_display": "83"}, "missing_lines": [731], "excluded_lines": [], "start_line": 690}, "": {"executed_lines": [33, 35, 36, 37, 38, 40, 42, 43, 47, 48, 54, 62, 65, 68, 71, 74, 79, 82, 94, 97, 99, 100, 101, 102, 105, 108, 110, 111, 112, 115, 124, 126, 127, 128, 129, 130, 131, 132, 133, 134, 135, 138, 141, 143, 144, 145, 146, 154, 156, 159, 166, 168, 169, 170, 174, 193, 195, 196, 200, 271, 273, 274, 275, 278, 288, 289, 293, 294, 295, 296, 300, 302, 303, 304, 305, 306, 307, 308, 311, 315, 329, 330, 331, 332, 333, 335, 336, 337, 339, 340, 341, 342, 343, 344, 345, 354, 357, 358, 359, 360, 362, 363, 364, 365, 367, 368, 369, 370, 372, 373, 374, 375, 376, 379, 380, 388, 389, 391, 392, 393, 394, 397, 403, 411, 412, 418, 420, 425, 426, 427, 428, 429, 431, 439, 463, 464, 466, 467, 470, 472, 473, 477, 478, 487, 489, 492, 514, 515, 517, 518, 521, 522, 523, 525, 526, 527, 529, 530, 533, 535, 537, 538, 546, 547, 548, 557, 568, 569, 572, 599, 600, 606, 607, 608, 610, 630, 633, 662, 679, 690, 714, 716, 735, 737, 738, 739, 743, 805, 806, 808, 809, 812, 813, 825, 826, 833, 838, 839, 841, 842, 843, 847, 857, 872, 880, 881, 882, 883, 885, 891, 892, 893, 894, 895, 896, 910, 911, 912, 929, 930, 932, 933, 944, 951, 960, 961, 963, 964, 969], "summary": {"covered_lines": 229, "num_statements": 291, "percent_covered": 78.69415807560138, "percent_covered_display": "79", "missing_lines": 62, "excluded_lines": 8, "percent_statements_covered": 78.69415807560138, "percent_statements_covered_display": "79"}, "missing_lines": [167, 171, 194, 202, 203, 204, 208, 210, 211, 212, 223, 227, 228, 229, 232, 236, 237, 239, 240, 241, 244, 245, 246, 248, 249, 253, 255, 256, 257, 261, 263, 266, 267, 268, 290, 291, 292, 297, 309, 310, 312, 419, 468, 519, 740, 810, 814, 823, 858, 859, 870, 897, 901, 902, 903, 904, 905, 913, 914, 962, 965, 966], "excluded_lines": [681, 682, 683, 684, 685, 686, 688, 689], "start_line": 1}}}, "src/study_tutor/knowledge/quote_verifier.py": {"executed_lines": [46, 48, 49, 50, 51, 53, 55, 63, 71, 75, 79, 82, 88, 101, 104, 107, 115, 116, 117, 118, 121, 129, 130, 131, 132, 135, 142, 143, 144, 145, 146, 147, 150, 153, 154, 157, 164, 165, 166, 169, 176, 177, 178, 181, 197, 198, 199, 200, 201, 202, 203, 212, 220, 221, 237, 238, 239, 240, 241, 248, 251, 259, 266, 268, 269, 272, 279, 280, 282, 283, 285, 286, 287, 288, 297, 300, 307, 309, 310, 311, 313, 314, 315, 316, 317, 318, 319, 320, 321, 322, 325, 334, 335, 338, 339, 341, 342, 343, 344, 345, 346, 347, 348, 349, 350, 352, 361, 366, 375, 378, 379, 384, 393, 401, 402, 407, 415, 416, 421, 430, 431, 432, 433, 434, 435, 439, 440, 443, 444, 445, 446, 447, 452, 462, 465, 473, 474, 477, 484, 492, 499, 500, 512, 520, 521, 529, 536, 537, 541, 551, 552, 553, 554, 555, 556, 563, 564, 566, 567, 571, 574, 576, 578, 580, 583, 593, 625, 628, 632, 633, 638, 639, 640, 641, 645, 646, 647, 648, 650, 651, 654, 655, 656, 657, 658, 659, 660, 661, 662, 663, 669, 672, 673, 674, 677], "summary": {"covered_lines": 195, "num_statements": 206, "percent_covered": 94.66019417475728, "percent_covered_display": "95", "missing_lines": 11, "excluded_lines": 2, "percent_statements_covered": 94.66019417475728, "percent_statements_covered_display": "95"}, "missing_lines": [284, 308, 312, 336, 351, 388, 501, 502, 504, 538, 585], "excluded_lines": [664, 665], "functions": {"_normalise": {"executed_lines": [259, 266, 268, 269], "summary": {"covered_lines": 4, "num_statements": 4, "percent_covered": 100.0, "percent_covered_display": "100", "missing_lines": 0, "excluded_lines": 0, "percent_statements_covered": 100.0, "percent_statements_covered_display": "100"}, "missing_lines": [], "excluded_lines": [], "start_line": 251}, "extract_quotes": {"executed_lines": [279, 280, 282, 283, 285, 286, 287, 288, 297], "summary": {"covered_lines": 9, "num_statements": 10, "percent_covered": 90.0, "percent_covered_display": "90", "missing_lines": 1, "excluded_lines": 0, "percent_statements_covered": 90.0, "percent_statements_covered_display": "90"}, "missing_lines": [284], "excluded_lines": [], "start_line": 272}, "_edit_distance": {"executed_lines": [307, 309, 310, 311, 313, 314, 315, 316, 317, 318, 319, 320, 321, 322], "summary": {"covered_lines": 14, "num_statements": 16, "percent_covered": 87.5, "percent_covered_display": "88", "missing_lines": 2, "excluded_lines": 0, "percent_statements_covered": 87.5, "percent_statements_covered_display": "88"}, "missing_lines": [308, 312], "excluded_lines": [], "start_line": 300}, "_best_fuzzy_window": {"executed_lines": [334, 335, 338, 339, 341, 342, 343, 344, 345, 346, 347, 348, 349, 350, 352], "summary": {"covered_lines": 15, "num_statements": 17, "percent_covered": 88.23529411764706, "percent_covered_display": "88", "missing_lines": 2, "excluded_lines": 0, "percent_statements_covered": 88.23529411764706, "percent_statements_covered_display": "88"}, "missing_lines": [336, 351], "excluded_lines": [], "start_line": 325}, "verify_quote": {"executed_lines": [375, 378, 379, 384, 393, 401, 402, 407, 415, 416, 421, 430, 431, 432, 433, 434, 435, 439, 440, 443, 444, 445, 446, 447, 452, 462], "summary": {"covered_lines": 26, "num_statements": 27, "percent_covered": 96.29629629629629, "percent_covered_display": "96", "missing_lines": 1, "excluded_lines": 0, "percent_statements_covered": 96.29629629629629, "percent_statements_covered_display": "96"}, "missing_lines": [388], "excluded_lines": [], "start_line": 366}, "_pick_secondary_attribution": {"executed_lines": [473, 474], "summary": {"covered_lines": 2, "num_statements": 2, "percent_covered": 100.0, "percent_covered_display": "100", "missing_lines": 0, "excluded_lines": 0, "percent_statements_covered": 100.0, "percent_statements_covered_display": "100"}, "missing_lines": [], "excluded_lines": [], "start_line": 465}, "_paraphrase_cross_text": {"executed_lines": [484], "summary": {"covered_lines": 1, "num_statements": 1, "percent_covered": 100.0, "percent_covered_display": "100", "missing_lines": 0, "excluded_lines": 0, "percent_statements_covered": 100.0, "percent_statements_covered_display": "100"}, "missing_lines": [], "excluded_lines": [], "start_line": 477}, "_render_citation": {"executed_lines": [499, 500], "summary": {"covered_lines": 2, "num_statements": 5, "percent_covered": 40.0, "percent_covered_display": "40", "missing_lines": 3, "excluded_lines": 0, "percent_statements_covered": 40.0, "percent_statements_covered_display": "40"}, "missing_lines": [501, 502, 504], "excluded_lines": [], "start_line": 492}, "_shorten_span": {"executed_lines": [520, 521], "summary": {"covered_lines": 2, "num_statements": 2, "percent_covered": 100.0, "percent_covered_display": "100", "missing_lines": 0, "excluded_lines": 0, "percent_statements_covered": 100.0, "percent_statements_covered_display": "100"}, "missing_lines": [], "excluded_lines": [], "start_line": 512}, "_soften_certainty_prefix": {"executed_lines": [536, 537], "summary": {"covered_lines": 2, "num_statements": 3, "percent_covered": 66.66666666666667, "percent_covered_display": "67", "missing_lines": 1, "excluded_lines": 0, "percent_statements_covered": 66.66666666666667, "percent_statements_covered_display": "67"}, "missing_lines": [538], "excluded_lines": [], "start_line": 529}, "_build_replacement": {"executed_lines": [551, 552, 553, 554, 555, 556, 563, 564, 566, 567, 571, 574, 576, 578, 580, 583], "summary": {"covered_lines": 16, "num_statements": 17, "percent_covered": 94.11764705882354, "percent_covered_display": "94", "missing_lines": 1, "excluded_lines": 0, "percent_statements_covered": 94.11764705882354, "percent_statements_covered_display": "94"}, "missing_lines": [585], "excluded_lines": [], "start_line": 541}, "verify_quotes": {"executed_lines": [625, 628, 632, 633, 638, 639, 640, 641, 645, 646, 647, 648, 650, 651, 654, 655, 656, 657, 658, 659, 660, 661, 662, 663, 669, 672, 673, 674], "summary": {"covered_lines": 28, "num_statements": 28, "percent_covered": 100.0, "percent_covered_display": "100", "missing_lines": 0, "excluded_lines": 2, "percent_statements_covered": 100.0, "percent_statements_covered_display": "100"}, "missing_lines": [], "excluded_lines": [664, 665], "start_line": 593}, "": {"executed_lines": [46, 48, 49, 50, 51, 53, 55, 63, 71, 75, 79, 82, 88, 101, 104, 107, 115, 116, 117, 118, 121, 129, 130, 131, 132, 135, 142, 143, 144, 145, 146, 147, 150, 153, 154, 157, 164, 165, 166, 169, 176, 177, 178, 181, 197, 198, 199, 200, 201, 202, 203, 212, 220, 221, 237, 238, 239, 240, 241, 248, 251, 272, 300, 325, 361, 366, 465, 477, 492, 512, 529, 541, 593, 677], "summary": {"covered_lines": 74, "num_statements": 74, "percent_covered": 100.0, "percent_covered_display": "100", "missing_lines": 0, "excluded_lines": 0, "percent_statements_covered": 100.0, "percent_statements_covered_display": "100"}, "missing_lines": [], "excluded_lines": [], "start_line": 1}}, "classes": {"_StrictModel": {"executed_lines": [], "summary": {"covered_lines": 0, "num_statements": 0, "percent_covered": 100.0, "percent_covered_display": "100", "missing_lines": 0, "excluded_lines": 0, "percent_statements_covered": 100.0, "percent_statements_covered_display": "100"}, "missing_lines": [], "excluded_lines": [], "start_line": 101}, "PrimaryMatch": {"executed_lines": [], "summary": {"covered_lines": 0, "num_statements": 0, "percent_covered": 100.0, "percent_covered_display": "100", "missing_lines": 0, "excluded_lines": 0, "percent_statements_covered": 100.0, "percent_statements_covered_display": "100"}, "missing_lines": [], "excluded_lines": [], "start_line": 107}, "SecondaryRewrite": {"executed_lines": [], "summary": {"covered_lines": 0, "num_statements": 0, "percent_covered": 100.0, "percent_covered_display": "100", "missing_lines": 0, "excluded_lines": 0, "percent_statements_covered": 100.0, "percent_statements_covered_display": "100"}, "missing_lines": [], "excluded_lines": [], "start_line": 121}, "FuzzyCorrection": {"executed_lines": [], "summary": {"covered_lines": 0, "num_statements": 0, "percent_covered": 100.0, "percent_covered_display": "100", "missing_lines": 0, "excluded_lines": 0, "percent_statements_covered": 100.0, "percent_statements_covered_display": "100"}, "missing_lines": [], "excluded_lines": [], "start_line": 135}, "NoMatchStrip": {"executed_lines": [], "summary": {"covered_lines": 0, "num_statements": 0, "percent_covered": 100.0, "percent_covered_display": "100", "missing_lines": 0, "excluded_lines": 0, "percent_statements_covered": 100.0, "percent_statements_covered_display": "100"}, "missing_lines": [], "excluded_lines": [], "start_line": 150}, "CrossTextEvent": {"executed_lines": [], "summary": {"covered_lines": 0, "num_statements": 0, "percent_covered": 100.0, "percent_covered_display": "100", "missing_lines": 0, "excluded_lines": 0, "percent_statements_covered": 100.0, "percent_statements_covered_display": "100"}, "missing_lines": [], "excluded_lines": [], "start_line": 157}, "Shortening": {"executed_lines": [], "summary": {"covered_lines": 0, "num_statements": 0, "percent_covered": 100.0, "percent_covered_display": "100", "missing_lines": 0, "excluded_lines": 0, "percent_statements_covered": 100.0, "percent_statements_covered_display": "100"}, "missing_lines": [], "excluded_lines": [], "start_line": 169}, "VerifierMetadata": {"executed_lines": [], "summary": {"covered_lines": 0, "num_statements": 0, "percent_covered": 100.0, "percent_covered_display": "100", "missing_lines": 0, "excluded_lines": 0, "percent_statements_covered": 100.0, "percent_statements_covered_display": "100"}, "missing_lines": [], "excluded_lines": [], "start_line": 181}, "Quote": {"executed_lines": [], "summary": {"covered_lines": 0, "num_statements": 0, "percent_covered": 100.0, "percent_covered_display": "100", "missing_lines": 0, "excluded_lines": 0, "percent_statements_covered": 100.0, "percent_statements_covered_display": "100"}, "missing_lines": [], "excluded_lines": [], "start_line": 221}, "": {"executed_lines": [46, 48, 49, 50, 51, 53, 55, 63, 71, 75, 79, 82, 88, 101, 104, 107, 115, 116, 117, 118, 121, 129, 130, 131, 132, 135, 142, 143, 144, 145, 146, 147, 150, 153, 154, 157, 164, 165, 166, 169, 176, 177, 178, 181, 197, 198, 199, 200, 201, 202, 203, 212, 220, 221, 237, 238, 239, 240, 241, 248, 251, 259, 266, 268, 269, 272, 279, 280, 282, 283, 285, 286, 287, 288, 297, 300, 307, 309, 310, 311, 313, 314, 315, 316, 317, 318, 319, 320, 321, 322, 325, 334, 335, 338, 339, 341, 342, 343, 344, 345, 346, 347, 348, 349, 350, 352, 361, 366, 375, 378, 379, 384, 393, 401, 402, 407, 415, 416, 421, 430, 431, 432, 433, 434, 435, 439, 440, 443, 444, 445, 446, 447, 452, 462, 465, 473, 474, 477, 484, 492, 499, 500, 512, 520, 521, 529, 536, 537, 541, 551, 552, 553, 554, 555, 556, 563, 564, 566, 567, 571, 574, 576, 578, 580, 583, 593, 625, 628, 632, 633, 638, 639, 640, 641, 645, 646, 647, 648, 650, 651, 654, 655, 656, 657, 658, 659, 660, 661, 662, 663, 669, 672, 673, 674, 677], "summary": {"covered_lines": 195, "num_statements": 206, "percent_covered": 94.66019417475728, "percent_covered_display": "95", "missing_lines": 11, "excluded_lines": 2, "percent_statements_covered": 94.66019417475728, "percent_statements_covered_display": "95"}, "missing_lines": [284, 308, 312, 336, 351, 388, 501, 502, 504, 538, 585], "excluded_lines": [664, 665], "start_line": 1}}}, "src/study_tutor/knowledge/retrieval.py": {"executed_lines": [68, 70, 71, 72, 73, 74, 76, 78, 88, 89, 90, 91, 92, 96, 104, 121, 122, 123, 140, 143, 158, 159, 160, 163, 170, 173, 175, 189, 199, 202, 210, 213, 216, 219, 241, 242, 245, 246, 247, 248, 249, 253, 254, 255, 263, 284, 288, 289, 293, 294, 299, 300, 303, 306, 323, 324, 327, 361, 364, 370, 377, 386, 387, 395, 404, 412, 415, 423, 432, 435, 445, 448, 451, 461, 464, 474, 477, 480, 483, 493, 494, 502, 521, 522, 523, 524, 542, 551, 552, 553, 560, 561, 564, 581, 591, 592, 604, 605, 606, 607, 610, 613, 617, 618, 619, 620, 624, 629, 630, 632, 633, 634, 637, 649, 651, 652, 653, 654, 655, 658, 670, 671, 674, 677, 720, 721, 722, 723, 727, 729, 730, 732, 733, 737, 738, 739, 741, 742, 743, 745, 746, 747, 753, 757, 758, 760, 761, 770, 771, 774], "summary": {"covered_lines": 150, "num_statements": 172, "percent_covered": 87.20930232558139, "percent_covered_display": "87", "missing_lines": 22, "excluded_lines": 0, "percent_statements_covered": 87.20930232558139, "percent_statements_covered_display": "87"}, "missing_lines": [196, 497, 499, 529, 530, 531, 532, 533, 534, 535, 539, 597, 598, 602, 631, 650, 734, 735, 762, 763, 767, 768], "excluded_lines": [], "functions": {"register_primary_text": {"executed_lines": [158, 159, 160], "summary": {"covered_lines": 3, "num_statements": 3, "percent_covered": 100.0, "percent_covered_display": "100", "missing_lines": 0, "excluded_lines": 0, "percent_statements_covered": 100.0, "percent_statements_covered_display": "100"}, "missing_lines": [], "excluded_lines": [], "start_line": 143}, "clear_primary_text_index": {"executed_lines": [170], "summary": {"covered_lines": 1, "num_statements": 1, "percent_covered": 100.0, "percent_covered_display": "100", "missing_lines": 0, "excluded_lines": 0, "percent_statements_covered": 100.0, "percent_statements_covered_display": "100"}, "missing_lines": [], "excluded_lines": [], "start_line": 163}, "has_primary_text": {"executed_lines": [175], "summary": {"covered_lines": 1, "num_statements": 1, "percent_covered": 100.0, "percent_covered_display": "100", "missing_lines": 0, "excluded_lines": 0, "percent_statements_covered": 100.0, "percent_statements_covered_display": "100"}, "missing_lines": [], "excluded_lines": [], "start_line": 173}, "_default_embedder_probe": {"executed_lines": [], "summary": {"covered_lines": 0, "num_statements": 1, "percent_covered": 0.0, "percent_covered_display": "0", "missing_lines": 1, "excluded_lines": 0, "percent_statements_covered": 0.0, "percent_statements_covered_display": "0"}, "missing_lines": [196], "excluded_lines": [], "start_line": 189}, "set_embedder_probe": {"executed_lines": [210], "summary": {"covered_lines": 1, "num_statements": 1, "percent_covered": 100.0, "percent_covered_display": "100", "missing_lines": 0, "excluded_lines": 0, "percent_statements_covered": 100.0, "percent_statements_covered_display": "100"}, "missing_lines": [], "excluded_lines": [], "start_line": 202}, "reset_embedder_probe": {"executed_lines": [216], "summary": {"covered_lines": 1, "num_statements": 1, "percent_covered": 100.0, "percent_covered_display": "100", "missing_lines": 0, "excluded_lines": 0, "percent_statements_covered": 100.0, "percent_statements_covered_display": "100"}, "missing_lines": [], "excluded_lines": [], "start_line": 213}, "embedder_available_within": {"executed_lines": [241, 242, 245, 246, 247, 248, 249, 253, 254, 255], "summary": {"covered_lines": 10, "num_statements": 10, "percent_covered": 100.0, "percent_covered_display": "100", "missing_lines": 0, "excluded_lines": 0, "percent_statements_covered": 100.0, "percent_statements_covered_display": "100"}, "missing_lines": [], "excluded_lines": [], "start_line": 219}, "should_retrieve": {"executed_lines": [284, 288, 289, 293, 294, 299, 300, 303], "summary": {"covered_lines": 8, "num_statements": 8, "percent_covered": 100.0, "percent_covered_display": "100", "missing_lines": 0, "excluded_lines": 0, "percent_statements_covered": 100.0, "percent_statements_covered_display": "100"}, "missing_lines": [], "excluded_lines": [], "start_line": 263}, "decide_retrieval": {"executed_lines": [323, 324, 327], "summary": {"covered_lines": 3, "num_statements": 3, "percent_covered": 100.0, "percent_covered_display": "100", "missing_lines": 0, "excluded_lines": 0, "percent_statements_covered": 100.0, "percent_statements_covered_display": "100"}, "missing_lines": [], "excluded_lines": [], "start_line": 306}, "get_last_retrieval_mode": {"executed_lines": [423], "summary": {"covered_lines": 1, "num_statements": 1, "percent_covered": 100.0, "percent_covered_display": "100", "missing_lines": 0, "excluded_lines": 0, "percent_statements_covered": 100.0, "percent_statements_covered_display": "100"}, "missing_lines": [], "excluded_lines": [], "start_line": 415}, "set_collection_provider": {"executed_lines": [445], "summary": {"covered_lines": 1, "num_statements": 1, "percent_covered": 100.0, "percent_covered_display": "100", "missing_lines": 0, "excluded_lines": 0, "percent_statements_covered": 100.0, "percent_statements_covered_display": "100"}, "missing_lines": [], "excluded_lines": [], "start_line": 435}, "reset_collection_provider": {"executed_lines": [451], "summary": {"covered_lines": 1, "num_statements": 1, "percent_covered": 100.0, "percent_covered_display": "100", "missing_lines": 0, "excluded_lines": 0, "percent_statements_covered": 100.0, "percent_statements_covered_display": "100"}, "missing_lines": [], "excluded_lines": [], "start_line": 448}, "set_reranker_factory": {"executed_lines": [474], "summary": {"covered_lines": 1, "num_statements": 1, "percent_covered": 100.0, "percent_covered_display": "100", "missing_lines": 0, "excluded_lines": 0, "percent_statements_covered": 100.0, "percent_statements_covered_display": "100"}, "missing_lines": [], "excluded_lines": [], "start_line": 464}, "reset_reranker_factory": {"executed_lines": [480], "summary": {"covered_lines": 1, "num_statements": 1, "percent_covered": 100.0, "percent_covered_display": "100", "missing_lines": 0, "excluded_lines": 0, "percent_statements_covered": 100.0, "percent_statements_covered_display": "100"}, "missing_lines": [], "excluded_lines": [], "start_line": 477}, "_load_reranker": {"executed_lines": [493, 494], "summary": {"covered_lines": 2, "num_statements": 4, "percent_covered": 50.0, "percent_covered_display": "50", "missing_lines": 2, "excluded_lines": 0, "percent_statements_covered": 50.0, "percent_statements_covered_display": "50"}, "missing_lines": [497, 499], "excluded_lines": [], "start_line": 483}, "_hydrate_chunk": {"executed_lines": [521, 522, 523, 524], "summary": {"covered_lines": 4, "num_statements": 12, "percent_covered": 33.333333333333336, "percent_covered_display": "33", "missing_lines": 8, "excluded_lines": 0, "percent_statements_covered": 33.333333333333336, "percent_statements_covered_display": "33"}, "missing_lines": [529, 530, 531, 532, 533, 534, 535, 539], "excluded_lines": [], "start_line": 502}, "_passes_aqa_filter": {"executed_lines": [551, 552, 553, 560, 561], "summary": {"covered_lines": 5, "num_statements": 5, "percent_covered": 100.0, "percent_covered_display": "100", "missing_lines": 0, "excluded_lines": 0, "percent_statements_covered": 100.0, "percent_statements_covered_display": "100"}, "missing_lines": [], "excluded_lines": [], "start_line": 542}, "_query_collection": {"executed_lines": [581, 591, 592, 604, 605, 606, 607, 610, 613, 617, 618, 619, 620, 624, 629, 630, 632, 633, 634], "summary": {"covered_lines": 19, "num_statements": 23, "percent_covered": 82.6086956521739, "percent_covered_display": "83", "missing_lines": 4, "excluded_lines": 0, "percent_statements_covered": 82.6086956521739, "percent_statements_covered_display": "83"}, "missing_lines": [597, 598, 602, 631], "excluded_lines": [], "start_line": 564}, "_rerank": {"executed_lines": [649, 651, 652, 653, 654, 655], "summary": {"covered_lines": 6, "num_statements": 7, "percent_covered": 85.71428571428571, "percent_covered_display": "86", "missing_lines": 1, "excluded_lines": 0, "percent_statements_covered": 85.71428571428571, "percent_statements_covered_display": "86"}, "missing_lines": [650], "excluded_lines": [], "start_line": 637}, "_primary_first": {"executed_lines": [670, 671, 674], "summary": {"covered_lines": 3, "num_statements": 3, "percent_covered": 100.0, "percent_covered_display": "100", "missing_lines": 0, "excluded_lines": 0, "percent_statements_covered": 100.0, "percent_statements_covered_display": "100"}, "missing_lines": [], "excluded_lines": [], "start_line": 658}, "retrieve": {"executed_lines": [720, 721, 722, 723, 727, 729, 730, 732, 733, 737, 738, 739, 741, 742, 743, 745, 746, 747, 753, 757, 758, 760, 761, 770, 771], "summary": {"covered_lines": 25, "num_statements": 31, "percent_covered": 80.64516129032258, "percent_covered_display": "81", "missing_lines": 6, "excluded_lines": 0, "percent_statements_covered": 80.64516129032258, "percent_statements_covered_display": "81"}, "missing_lines": [734, 735, 762, 763, 767, 768], "excluded_lines": [], "start_line": 677}, "": {"executed_lines": [68, 70, 71, 72, 73, 74, 76, 78, 88, 89, 90, 91, 92, 96, 104, 121, 122, 123, 140, 143, 163, 173, 189, 199, 202, 213, 219, 263, 306, 361, 364, 370, 377, 386, 387, 395, 404, 412, 415, 432, 435, 448, 461, 464, 477, 483, 502, 542, 564, 637, 658, 677, 774], "summary": {"covered_lines": 53, "num_statements": 53, "percent_covered": 100.0, "percent_covered_display": "100", "missing_lines": 0, "excluded_lines": 0, "percent_statements_covered": 100.0, "percent_statements_covered_display": "100"}, "missing_lines": [], "excluded_lines": [], "start_line": 1}}, "classes": {"RetrievalDecision": {"executed_lines": [], "summary": {"covered_lines": 0, "num_statements": 0, "percent_covered": 100.0, "percent_covered_display": "100", "missing_lines": 0, "excluded_lines": 0, "percent_statements_covered": 100.0, "percent_statements_covered_display": "100"}, "missing_lines": [], "excluded_lines": [], "start_line": 104}, "": {"executed_lines": [68, 70, 71, 72, 73, 74, 76, 78, 88, 89, 90, 91, 92, 96, 104, 121, 122, 123, 140, 143, 158, 159, 160, 163, 170, 173, 175, 189, 199, 202, 210, 213, 216, 219, 241, 242, 245, 246, 247, 248, 249, 253, 254, 255, 263, 284, 288
[...]
3, 864, 876], "summary": {"covered_lines": 125, "num_statements": 144, "percent_covered": 86.80555555555556, "percent_covered_display": "87", "missing_lines": 19, "excluded_lines": 39, "percent_statements_covered": 86.80555555555556, "percent_statements_covered_display": "87"}, "missing_lines": [461, 472, 473, 547, 551, 572, 576, 770, 780, 781, 782, 783, 784, 785, 786, 789, 839, 865, 866], "excluded_lines": [133, 134, 135, 136, 137, 138, 139, 140, 141, 142, 143, 144, 145, 146, 147, 148, 149, 150, 151, 163, 164, 165, 166, 167, 168, 169, 170, 171, 172, 185, 186, 187, 188, 189, 190, 191, 192, 193, 194], "functions": {"PlayerLike.respond": {"executed_lines": [], "summary": {"covered_lines": 0, "num_statements": 0, "percent_covered": 100.0, "percent_covered_display": "100", "missing_lines": 0, "excluded_lines": 1, "percent_statements_covered": 100.0, "percent_statements_covered_display": "100"}, "missing_lines": [], "excluded_lines": [139], "start_line": 133}, "PlayerLike.revise": {"executed_lines": [], "summary": {"covered_lines": 0, "num_statements": 0, "percent_covered": 100.0, "percent_covered_display": "100", "missing_lines": 0, "excluded_lines": 1, "percent_statements_covered": 100.0, "percent_statements_covered_display": "100"}, "missing_lines": [], "excluded_lines": [149], "start_line": 141}, "CoachLike.evaluate": {"executed_lines": [], "summary": {"covered_lines": 0, "num_statements": 0, "percent_covered": 100.0, "percent_covered_display": "100", "missing_lines": 0, "excluded_lines": 1, "percent_statements_covered": 100.0, "percent_statements_covered_display": "100"}, "missing_lines": [], "excluded_lines": [170], "start_line": 163}, "QuoteVerifierLike.verify": {"executed_lines": [], "summary": {"covered_lines": 0, "num_statements": 0, "percent_covered": 100.0, "percent_covered_display": "100", "missing_lines": 0, "excluded_lines": 1, "percent_statements_covered": 100.0, "percent_statements_covered_display": "100"}, "missing_lines": [], "excluded_lines": [191], "start_line": 185}, "validate_loop_configuration": {"executed_lines": [279, 280, 287, 288, 295, 296, 302, 303], "summary": {"covered_lines": 8, "num_statements": 8, "percent_covered": 100.0, "percent_covered_display": "100", "missing_lines": 0, "excluded_lines": 0, "percent_statements_covered": 100.0, "percent_statements_covered_display": "100"}, "missing_lines": [], "excluded_lines": [], "start_line": 249}, "PlayerCoachOrchestrator.__init__": {"executed_lines": [396, 398, 399, 400, 401, 402, 403, 404], "summary": {"covered_lines": 8, "num_statements": 8, "percent_covered": 100.0, "percent_covered_display": "100", "missing_lines": 0, "excluded_lines": 0, "percent_statements_covered": 100.0, "percent_statements_covered_display": "100"}, "missing_lines": [], "excluded_lines": [], "start_line": 351}, "PlayerCoachOrchestrator.run_turn": {"executed_lines": [453, 460, 467, 468, 484, 493, 494, 500, 501, 511, 512, 523, 530, 531, 533, 534, 535, 541, 542, 561, 565, 566, 583, 591, 592, 602, 603, 610, 611, 615, 616], "summary": {"covered_lines": 31, "num_statements": 38, "percent_covered": 81.57894736842105, "percent_covered_display": "82", "missing_lines": 7, "excluded_lines": 0, "percent_statements_covered": 81.57894736842105, "percent_statements_covered_display": "82"}, "missing_lines": [461, 472, 473, 547, 551, 572, 576], "excluded_lines": [], "start_line": 406}, "PlayerCoachOrchestrator._apply_coach_handover": {"executed_lines": [649, 650, 651], "summary": {"covered_lines": 3, "num_statements": 3, "percent_covered": 100.0, "percent_covered_display": "100", "missing_lines": 0, "excluded_lines": 0, "percent_statements_covered": 100.0, "percent_statements_covered_display": "100"}, "missing_lines": [], "excluded_lines": [], "start_line": 634}, "PlayerCoachOrchestrator._evaluate_with_metadata": {"executed_lines": [669, 670, 676], "summary": {"covered_lines": 3, "num_statements": 3, "percent_covered": 100.0, "percent_covered_display": "100", "missing_lines": 0, "excluded_lines": 0, "percent_statements_covered": 100.0, "percent_statements_covered_display": "100"}, "missing_lines": [], "excluded_lines": [], "start_line": 653}, "PlayerCoachOrchestrator._fallback_coach_unreachable": {"executed_lines": [698, 706, 707, 708], "summary": {"covered_lines": 4, "num_statements": 4, "percent_covered": 100.0, "percent_covered_display": "100", "missing_lines": 0, "excluded_lines": 0, "percent_statements_covered": 100.0, "percent_statements_covered_display": "100"}, "missing_lines": [], "excluded_lines": [], "start_line": 682}, "PlayerCoachOrchestrator._fallback_player_unavailable_mid_revision": {"executed_lines": [733, 742, 743, 746, 747], "summary": {"covered_lines": 5, "num_statements": 5, "percent_covered": 100.0, "percent_covered_display": "100", "missing_lines": 0, "excluded_lines": 0, "percent_statements_covered": 100.0, "percent_statements_covered_display": "100"}, "missing_lines": [], "excluded_lines": [], "start_line": 718}, "PlayerCoachOrchestrator._fallback_player_unavailable_first_attempt": {"executed_lines": [], "summary": {"covered_lines": 0, "num_statements": 9, "percent_covered": 0.0, "percent_covered_display": "0", "missing_lines": 9, "excluded_lines": 0, "percent_statements_covered": 0.0, "percent_statements_covered_display": "0"}, "missing_lines": [770, 780, 781, 782, 783, 784, 785, 786, 789], "excluded_lines": [], "start_line": 757}, "PlayerCoachOrchestrator._build_result": {"executed_lines": [821, 822, 823, 824, 828, 836, 837, 841], "summary": {"covered_lines": 8, "num_statements": 9, "percent_covered": 88.88888888888889, "percent_covered_display": "89", "missing_lines": 1, "excluded_lines": 0, "percent_statements_covered": 88.88888888888889, "percent_statements_covered_display": "89"}, "missing_lines": [839], "excluded_lines": [], "start_line": 802}, "PlayerCoachOrchestrator._emit_flag": {"executed_lines": [859, 860, 861, 862, 863, 864], "summary": {"covered_lines": 6, "num_statements": 8, "percent_covered": 75.0, "percent_covered_display": "75", "missing_lines": 2, "excluded_lines": 0, "percent_statements_covered": 75.0, "percent_statements_covered_display": "75"}, "missing_lines": [865, 866], "excluded_lines": [], "start_line": 852}, "": {"executed_lines": [24, 26, 27, 28, 29, 30, 32, 33, 35, 50, 63, 69, 73, 81, 92, 107, 122, 123, 152, 153, 173, 174, 199, 200, 227, 228, 229, 230, 231, 232, 233, 241, 249, 316, 317, 328, 329, 330, 333, 351, 406, 634, 653, 682, 718, 757, 802, 852, 876], "summary": {"covered_lines": 49, "num_statements": 49, "percent_covered": 100.0, "percent_covered_display": "100", "missing_lines": 0, "excluded_lines": 35, "percent_statements_covered": 100.0, "percent_statements_covered_display": "100"}, "missing_lines": [], "excluded_lines": [133, 134, 135, 136, 137, 138, 140, 141, 142, 143, 144, 145, 146, 147, 148, 150, 151, 163, 164, 165, 166, 167, 168, 169, 171, 172, 185, 186, 187, 188, 189, 190, 192, 193, 194], "start_line": 1}}, "classes": {"OrchestratorConfigurationError": {"executed_lines": [], "summary": {"covered_lines": 0, "num_statements": 0, "percent_covered": 100.0, "percent_covered_display": "100", "missing_lines": 0, "excluded_lines": 0, "percent_statements_covered": 100.0, "percent_statements_covered_display": "100"}, "missing_lines": [], "excluded_lines": [], "start_line": 81}, "PlayerUnavailableError": {"executed_lines": [], "summary": {"covered_lines": 0, "num_statements": 0, "percent_covered": 100.0, "percent_covered_display": "100", "missing_lines": 0, "excluded_lines": 0, "percent_statements_covered": 100.0, "percent_statements_covered_display": "100"}, "missing_lines": [], "excluded_lines": [], "start_line": 92}, "CoachUnavailableError": {"executed_lines": [], "summary": {"covered_lines": 0, "num_statements": 0, "percent_covered": 100.0, "percent_covered_display": "100", "missing_lines": 0, "excluded_lines": 0, "percent_statements_covered": 100.0, "percent_statements_covered_display": "100"}, "missing_lines": [], "excluded_lines": [], "start_line": 107}, "PlayerLike": {"executed_lines": [], "summary": {"covered_lines": 0, "num_statements": 0, "percent_covered": 100.0, "percent_covered_display": "100", "missing_lines": 0, "excluded_lines": 2, "percent_statements_covered": 100.0, "percent_statements_covered_display": "100"}, "missing_lines": [], "excluded_lines": [139, 149], "start_line": 123}, "CoachLike": {"executed_lines": [], "summary": {"covered_lines": 0, "num_statements": 0, "percent_covered": 100.0, "percent_covered_display": "100", "missing_lines": 0, "excluded_lines": 1, "percent_statements_covered": 100.0, "percent_statements_covered_display": "100"}, "missing_lines": [], "excluded_lines": [170], "start_line": 153}, "QuoteVerifierLike": {"executed_lines": [], "summary": {"covered_lines": 0, "num_statements": 0, "percent_covered": 100.0, "percent_covered_display": "100", "missing_lines": 0, "excluded_lines": 1, "percent_statements_covered": 100.0, "percent_statements_covered_display": "100"}, "missing_lines": [], "excluded_lines": [191], "start_line": 174}, "TurnResult": {"executed_lines": [], "summary": {"covered_lines": 0, "num_statements": 0, "percent_covered": 100.0, "percent_covered_display": "100", "missing_lines": 0, "excluded_lines": 0, "percent_statements_covered": 100.0, "percent_statements_covered_display": "100"}, "missing_lines": [], "excluded_lines": [], "start_line": 200}, "_AttemptRecord": {"executed_lines": [], "summary": {"covered_lines": 0, "num_statements": 0, "percent_covered": 100.0, "percent_covered_display": "100", "missing_lines": 0, "excluded_lines": 0, "percent_statements_covered": 100.0, "percent_statements_covered_display": "100"}, "missing_lines": [], "excluded_lines": [], "start_line": 317}, "PlayerCoachOrchestrator": {"executed_lines": [396, 398, 399, 400, 401, 402, 403, 404, 453, 460, 467, 468, 484, 493, 494, 500, 501, 511, 512, 523, 530, 531, 533, 534, 535, 541, 542, 561, 565, 566, 583, 591, 592, 602, 603, 610, 611, 615, 616, 649, 650, 651, 669, 670, 676, 698, 706, 707, 708, 733, 742, 743, 746, 747, 821, 822, 823, 824, 828, 836, 837, 841, 859, 860, 861, 862, 863, 864], "summary": {"covered_lines": 68, "num_statements": 87, "percent_covered": 78.16091954022988, "percent_covered_display": "78", "missing_lines": 19, "excluded_lines": 0, "percent_statements_covered": 78.16091954022988, "percent_statements_covered_display": "78"}, "missing_lines": [461, 472, 473, 547, 551, 572, 576, 770, 780, 781, 782, 783, 784, 785, 786, 789, 839, 865, 866], "excluded_lines": [], "start_line": 333}, "": {"executed_lines": [24, 26, 27, 28, 29, 30, 32, 33, 35, 50, 63, 69, 73, 81, 92, 107, 122, 123, 152, 153, 173, 174, 199, 200, 227, 228, 229, 230, 231, 232, 233, 241, 249, 279, 280, 287, 288, 295, 296, 302, 303, 316, 317, 328, 329, 330, 333, 351, 406, 634, 653, 682, 718, 757, 802, 852, 876], "summary": {"covered_lines": 57, "num_statements": 57, "percent_covered": 100.0, "percent_covered_display": "100", "missing_lines": 0, "excluded_lines": 35, "percent_statements_covered": 100.0, "percent_statements_covered_display": "100"}, "missing_lines": [], "excluded_lines": [133, 134, 135, 136, 137, 138, 140, 141, 142, 143, 144, 145, 146, 147, 148, 150, 151, 163, 164, 165, 166, 167, 168, 169, 171, 172, 185, 186, 187, 188, 189, 190, 192, 193, 194], "start_line": 1}}}, "src/study_tutor/tutoring/session_end.py": {"executed_lines": [42, 44, 45, 46, 47, 48, 49, 51, 52, 53, 54, 56, 72, 78, 85, 88, 97, 100, 109, 110, 112, 118, 120, 121, 124, 134, 135, 136, 137, 138, 139, 140, 156, 157, 167, 169, 175, 176, 177, 178, 180, 182, 184, 186, 194, 196, 197, 199, 202, 216, 219, 224, 225, 227, 228, 229, 230, 231, 234, 251, 253, 254, 255, 256, 262, 280, 295, 296, 297, 298, 301, 302, 303, 313, 314, 334, 389, 390, 391, 392, 396, 400, 401, 402, 409, 410, 412, 413, 420, 421, 432, 435, 440, 451, 457, 458, 463, 464, 481, 482, 493, 496, 515, 516, 517, 522, 523, 540, 554, 555, 556, 557, 568], "summary": {"covered_lines": 113, "num_statements": 124, "percent_covered": 91.12903225806451, "percent_covered_display": "91", "missing_lines": 11, "excluded_lines": 0, "percent_statements_covered": 91.12903225806451, "percent_statements_covered_display": "91"}, "missing_lines": [122, 198, 252, 315, 318, 326, 433, 465, 469, 479, 483], "excluded_lines": [], "functions": {"EventBus.__init__": {"executed_lines": [110], "summary": {"covered_lines": 1, "num_statements": 1, "percent_covered": 100.0, "percent_covered_display": "100", "missing_lines": 0, "excluded_lines": 0, "percent_statements_covered": 100.0, "percent_statements_covered_display": "100"}, "missing_lines": [], "excluded_lines": [], "start_line": 109}, "EventBus.subscribe": {"executed_lines": [118], "summary": {"covered_lines": 1, "num_statements": 1, "percent_covered": 100.0, "percent_covered_display": "100", "missing_lines": 0, "excluded_lines": 0, "percent_statements_covered": 100.0, "percent_statements_covered_display": "100"}, "missing_lines": [], "excluded_lines": [], "start_line": 112}, "EventBus.subscriber_count": {"executed_lines": [], "summary": {"covered_lines": 0, "num_statements": 1, "percent_covered": 0.0, "percent_covered_display": "0", "missing_lines": 1, "excluded_lines": 0, "percent_statements_covered": 0.0, "percent_statements_covered_display": "0"}, "missing_lines": [122], "excluded_lines": [], "start_line": 121}, "EventBus.emit": {"executed_lines": [134, 135, 136, 137, 138, 139, 140], "summary": {"covered_lines": 7, "num_statements": 7, "percent_covered": 100.0, "percent_covered_display": "100", "missing_lines": 0, "excluded_lines": 0, "percent_statements_covered": 100.0, "percent_statements_covered_display": "100"}, "missing_lines": [], "excluded_lines": [], "start_line": 124}, "MisconceptionAggregator.record": {"executed_lines": [175, 176, 177, 178], "summary": {"covered_lines": 4, "num_statements": 4, "percent_covered": 100.0, "percent_covered_display": "100", "missing_lines": 0, "excluded_lines": 0, "percent_statements_covered": 100.0, "percent_statements_covered_display": "100"}, "missing_lines": [], "excluded_lines": [], "start_line": 169}, "MisconceptionAggregator.snapshot": {"executed_lines": [182], "summary": {"covered_lines": 1, "num_statements": 1, "percent_covered": 100.0, "percent_covered_display": "100", "missing_lines": 0, "excluded_lines": 0, "percent_statements_covered": 100.0, "percent_statements_covered_display": "100"}, "missing_lines": [], "excluded_lines": [], "start_line": 180}, "MisconceptionAggregator.clear": {"executed_lines": [186], "summary": {"covered_lines": 1, "num_statements": 1, "percent_covered": 100.0, "percent_covered_display": "100", "missing_lines": 0, "excluded_lines": 0, "percent_statements_covered": 100.0, "percent_statements_covered_display": "100"}, "missing_lines": [], "excluded_lines": [], "start_line": 184}, "_format_duration_minutes": {"executed_lines": [196, 197, 199], "summary": {"covered_lines": 3, "num_statements": 4, "percent_covered": 75.0, "percent_covered_display": "75", "missing_lines": 1, "excluded_lines": 0, "percent_statements_covered": 75.0, "percent_statements_covered_display": "75"}, "missing_lines": [198], "excluded_lines": [], "start_line": 194}, "build_narrative_summary": {"executed_lines": [216, 219, 224, 225, 227, 228, 229, 230, 231], "summary": {"covered_lines": 9, "num_statements": 9, "percent_covered": 100.0, "percent_covered_display": "100", "missing_lines": 0, "excluded_lines": 0, "percent_statements_covered": 100.0, "percent_statements_covered_display": "100"}, "missing_lines": [], "excluded_lines": [], "start_line": 202}, "build_session_completed_episode": {"executed_lines": [251, 253, 254, 255, 256, 262], "summary": {"covered_lines": 6, "num_statements": 7, "percent_covered": 85.71428571428571, "percent_covered_display": "86", "missing_lines": 1, "excluded_lines": 0, "percent_statements_covered": 85.71428571428571, "percent_statements_covered_display": "86"}, "missing_lines": [252], "excluded_lines": [], "start_line": 234}, "resolve_inflight_turn": {"executed_lines": [295, 296, 297, 298, 301, 302, 303, 313, 314], "summary": {"covered_lines": 9, "num_statements": 12, "percent_covered": 75.0, "percent_covered_display": "75", "missing_lines": 3, "excluded_lines": 0, "percent_statements_covered": 75.0, "percent_statements_covered_display": "75"}, "missing_lines": [315, 318, 326], "excluded_lines": [], "start_line": 280}, "perform_session_end": {"executed_lines": [389, 390, 391, 392, 396, 400, 401, 402, 409, 410, 412, 413, 420, 421, 432, 435, 440, 451, 457, 458, 463, 464, 481, 482, 493], "summary": {"covered_lines": 25, "num_statements": 30, "percent_covered": 83.33333333333333, "percent_covered_display": "83", "missing_lines": 5, "excluded_lines": 0, "percent_statements_covered": 83.33333333333333, "percent_statements_covered_display": "83"}, "missing_lines": [433, 465, 469, 479, 483], "excluded_lines": [], "start_line": 334}, "_f3_write_coroutine": {"executed_lines": [515, 516, 517, 522, 523], "summary": {"covered_lines": 5, "num_statements": 5, "percent_covered": 100.0, "percent_covered_display": "100", "missing_lines": 0, "excluded_lines": 0, "percent_statements_covered": 100.0, "percent_statements_covered_display": "100"}, "missing_lines": [], "excluded_lines": [], "start_line": 496}, "runtime_shutdown": {"executed_lines": [554, 555, 556, 557], "summary": {"covered_lines": 4, "num_statements": 4, "percent_covered": 100.0, "percent_covered_display": "100", "missing_lines": 0, "excluded_lines": 0, "percent_statements_covered": 100.0, "percent_statements_covered_display": "100"}, "missing_lines": [], "excluded_lines": [], "start_line": 540}, "": {"executed_lines": [42, 44, 45, 46, 47, 48, 49, 51, 52, 53, 54, 56, 72, 78, 85, 88, 97, 100, 109, 112, 120, 121, 124, 156, 157, 167, 169, 180, 184, 194, 202, 234, 280, 334, 496, 540, 568], "summary": {"covered_lines": 37, "num_statements": 37, "percent_covered": 100.0, "percent_covered_display": "100", "missing_lines": 0, "excluded_lines": 0, "percent_statements_covered": 100.0, "percent_statements_covered_display": "100"}, "missing_lines": [], "excluded_lines": [], "start_line": 1}}, "classes": {"EventBus": {"executed_lines": [110, 118, 134, 135, 136, 137, 138, 139, 140], "summary": {"covered_lines": 9, "num_statements": 10, "percent_covered": 90.0, "percent_covered_display": "90", "missing_lines": 1, "excluded_lines": 0, "percent_statements_covered": 90.0, "percent_statements_covered_display": "90"}, "missing_lines": [122], "excluded_lines": [], "start_line": 100}, "MisconceptionAggregator": {"executed_lines": [175, 176, 177, 178, 182, 186], "summary": {"covered_lines": 6, "num_statements": 6, "percent_covered": 100.0, "percent_covered_display": "100", "missing_lines": 0, "excluded_lines": 0, "percent_statements_covered": 100.0, "percent_statements_covered_display": "100"}, "missing_lines": [], "excluded_lines": [], "start_line": 157}, "": {"executed_lines": [42, 44, 45, 46, 47, 48, 49, 51, 52, 53, 54, 56, 72, 78, 85, 88, 97, 100, 109, 112, 120, 121, 124, 156, 157, 167, 169, 180, 184, 194, 196, 197, 199, 202, 216, 219, 224, 225, 227, 228, 229, 230, 231, 234, 251, 253, 254, 255, 256, 262, 280, 295, 296, 297, 298, 301, 302, 303, 313, 314, 334, 389, 390, 391, 392, 396, 400, 401, 402, 409, 410, 412, 413, 420, 421, 432, 435, 440, 451, 457, 458, 463, 464, 481, 482, 493, 496, 515, 516, 517, 522, 523, 540, 554, 555, 556, 557, 568], "summary": {"covered_lines": 98, "num_statements": 108, "percent_covered": 90.74074074074075, "percent_covered_display": "91", "missing_lines": 10, "excluded_lines": 0, "percent_statements_covered": 90.74074074074075, "percent_statements_covered_display": "91"}, "missing_lines": [198, 252, 315, 318, 326, 433, 465, 469, 479, 483], "excluded_lines": [], "start_line": 1}}}}, "totals": {"covered_lines": 2405, "num_statements": 2639, "percent_covered": 91.13300492610837, "percent_covered_display": "91", "missing_lines": 234, "excluded_lines": 85, "percent_statements_covered": 91.13300492610837, "percent_statements_covered_display": "91"}}