{"meta": {"format": 3, "version": "7.13.4", "timestamp": "2026-07-08T12:50:55.141403", "branch_coverage": false, "show_contexts": false}, "files": {"src/study_tutor/voice/utils.py": {"executed_lines": [6, 8, 11, 32, 33, 36, 38, 39, 40, 41, 43, 46, 63, 64, 65, 66, 69, 70, 72, 74, 75, 76, 77, 80, 81, 82, 85, 86, 87, 91, 92, 94, 95, 98, 99, 101, 102, 103, 106, 109, 110, 111, 112, 114, 115, 118, 119, 122, 125, 126, 127, 128, 129, 130, 131, 132, 134, 137, 138, 139, 140, 141, 142, 143, 144, 146, 147, 149, 152, 153, 154, 155, 156, 157, 159, 161, 165, 166, 168, 169, 170, 172, 174, 176, 177, 179, 186, 200, 201, 202, 205, 207, 209, 211, 213, 218, 219, 223, 224, 227, 228, 232, 237, 239, 241, 243, 250, 257, 258, 260, 263, 264, 265, 266, 267, 268, 269, 272, 275, 278, 281, 284, 285, 286, 288, 290, 294, 295, 296, 298, 301, 308, 311, 313, 314, 315, 316, 317, 319, 322], "summary": {"covered_lines": 140, "num_statements": 169, "percent_covered": 82.84023668639053, "percent_covered_display": "83", "missing_lines": 29, "excluded_lines": 0, "percent_statements_covered": 82.84023668639053, "percent_statements_covered_display": "83"}, "missing_lines": [113, 120, 158, 167, 171, 181, 183, 214, 215, 220, 221, 229, 230, 245, 247, 270, 271, 273, 274, 276, 277, 279, 280, 282, 283, 291, 309, 318, 320], "excluded_lines": [], "functions": {"probe_duration_seconds": {"executed_lines": [32, 33, 36, 38, 39, 40, 41, 43], "summary": {"covered_lines": 8, "num_statements": 8, "percent_covered": 100.0, "percent_covered_display": "100", "missing_lines": 0, "excluded_lines": 0, "percent_statements_covered": 100.0, "percent_statements_covered_display": "100"}, "missing_lines": [], "excluded_lines": [], "start_line": 11}, "_probe_webm_duration": {"executed_lines": [63, 64, 65, 66, 69, 70, 72, 74, 75, 76, 77, 80, 81, 82, 85, 86, 87, 91, 92, 94, 95, 98, 99, 101, 102, 103, 106, 109, 110, 111, 112, 114, 115, 118, 119, 122, 125, 126, 127, 128, 129, 130, 131, 132, 134, 137, 138, 139, 140, 141, 142, 143, 144, 146, 147, 149, 152, 153, 154, 155, 156, 157, 159, 161, 165, 166, 168, 169, 170, 172, 174, 176, 177, 179], "summary": {"covered_lines": 74, "num_statements": 81, "percent_covered": 91.35802469135803, "percent_covered_display": "91", "missing_lines": 7, "excluded_lines": 0, "percent_statements_covered": 91.35802469135803, "percent_statements_covered_display": "91"}, "missing_lines": [113, 120, 158, 167, 171, 181, 183], "excluded_lines": [], "start_line": 46}, "_probe_ogg_duration": {"executed_lines": [200, 201, 202, 205, 207, 209, 211, 213, 218, 219, 223, 224, 227, 228, 232, 237, 239, 241, 243], "summary": {"covered_lines": 19, "num_statements": 27, "percent_covered": 70.37037037037037, "percent_covered_display": "70", "missing_lines": 8, "excluded_lines": 0, "percent_statements_covered": 70.37037037037037, "percent_statements_covered_display": "70"}, "missing_lines": [214, 215, 220, 221, 229, 230, 245, 247], "excluded_lines": [], "start_line": 186}, "_read_ebml_size": {"executed_lines": [257, 258, 260, 263, 264, 265, 266, 267, 268, 269, 272, 275, 278, 281, 284, 285, 286, 288, 290, 294, 295, 296, 298], "summary": {"covered_lines": 23, "num_statements": 34, "percent_covered": 67.6470588235294, "percent_covered_display": "68", "missing_lines": 11, "excluded_lines": 0, "percent_statements_covered": 67.6470588235294, "percent_statements_covered_display": "68"}, "missing_lines": [270, 271, 273, 274, 276, 277, 279, 280, 282, 283, 291], "excluded_lines": [], "start_line": 250}, "_get_ebml_id_length": {"executed_lines": [308, 311, 313, 314, 315, 316, 317, 319, 322], "summary": {"covered_lines": 9, "num_statements": 12, "percent_covered": 75.0, "percent_covered_display": "75", "missing_lines": 3, "excluded_lines": 0, "percent_statements_covered": 75.0, "percent_statements_covered_display": "75"}, "missing_lines": [309, 318, 320], "excluded_lines": [], "start_line": 301}, "": {"executed_lines": [6, 8, 11, 46, 186, 250, 301], "summary": {"covered_lines": 7, "num_statements": 7, "percent_covered": 100.0, "percent_covered_display": "100", "missing_lines": 0, "excluded_lines": 0, "percent_statements_covered": 100.0, "percent_statements_covered_display": "100"}, "missing_lines": [], "excluded_lines": [], "start_line": 1}}, "classes": {"": {"executed_lines": [6, 8, 11, 32, 33, 36, 38, 39, 40, 41, 43, 46, 63, 64, 65, 66, 69, 70, 72, 74, 75, 76, 77, 80, 81, 82, 85, 86, 87, 91, 92, 94, 95, 98, 99, 101, 102, 103, 106, 109, 110, 111, 112, 114, 115, 118, 119, 122, 125, 126, 127, 128, 129, 130, 131, 132, 134, 137, 138, 139, 140, 141, 142, 143, 144, 146, 147, 149, 152, 153, 154, 155, 156, 157, 159, 161, 165, 166, 168, 169, 170, 172, 174, 176, 177, 179, 186, 200, 201, 202, 205, 207, 209, 211, 213, 218, 219, 223, 224, 227, 228, 232, 237, 239, 241, 243, 250, 257, 258, 260, 263, 264, 265, 266, 267, 268, 269, 272, 275, 278, 281, 284, 285, 286, 288, 290, 294, 295, 296, 298, 301, 308, 311, 313, 314, 315, 316, 317, 319, 322], "summary": {"covered_lines": 140, "num_statements": 169, "percent_covered": 82.84023668639053, "percent_covered_display": "83", "missing_lines": 29, "excluded_lines": 0, "percent_statements_covered": 82.84023668639053, "percent_statements_covered_display": "83"}, "missing_lines": [113, 120, 158, 167, 171, 181, 183, 214, 215, 220, 221, 229, 230, 245, 247, 270, 271, 273, 274, 276, 277, 279, 280, 282, 283, 291, 309, 318, 320], "excluded_lines": [], "start_line": 1}}}}, "totals": {"covered_lines": 140, "num_statements": 169, "percent_covered": 82.84023668639053, "percent_covered_display": "83", "missing_lines": 29, "excluded_lines": 0, "percent_statements_covered": 82.84023668639053, "percent_statements_covered_display": "83"}}