<?xml version="1.0" encoding="utf-8"?><testsuites name="pytest tests"><testsuite name="pytest" errors="0" failures="8" skipped="0" tests="8" time="0.806" timestamp="2026-05-08T23:12:25.636562+01:00" hostname="Mac"><testcase classname="features.nats-fleet-integration.test_nats_fleet_integration" name="test_a_command_with_an_unknown_name_is_rejected_with_a_list_of_supported_commands" time="0.026"><failure message="pytest_bdd.exceptions.StepDefinitionNotFoundError: Step definition is not found: When &quot;a command with an unrecognised name is dispatched to the tutor&quot;. Line 165 in scenario &quot;A command with an unknown name is rejected with a list of supported commands&quot; in the feature &quot;/Users/richardwoollcott/Projects/appmilla_github/study-tutor/.guardkit/worktrees/FEAT-39E1/features/nats-fleet-integration/nats-fleet-integration.feature&quot;">E   pytest_bdd.exceptions.StepDefinitionNotFoundError: Step definition is not found: When "a command with an unrecognised name is dispatched to the tutor". Line 165 in scenario "A command with an unknown name is rejected with a list of supported commands" in the feature "/Users/richardwoollcott/Projects/appmilla_github/study-tutor/.guardkit/worktrees/FEAT-39E1/features/nats-fleet-integration/nats-fleet-integration.feature"
All traceback entries are hidden. Pass `--full-trace` to see hidden and internal frames.</failure></testcase><testcase classname="features.nats-fleet-integration.test_nats_fleet_integration" name="test_a_malformed_command_envelope_is_rejected_without_disrupting_the_adapter" time="0.001"><failure message="pytest_bdd.exceptions.StepDefinitionNotFoundError: Step definition is not found: When &quot;a malformed envelope is published on the tutor's command subject&quot;. Line 174 in scenario &quot;A malformed command envelope is rejected without disrupting the adapter&quot; in the feature &quot;/Users/richardwoollcott/Projects/appmilla_github/study-tutor/.guardkit/worktrees/FEAT-39E1/features/nats-fleet-integration/nats-fleet-integration.feature&quot;">E   pytest_bdd.exceptions.StepDefinitionNotFoundError: Step definition is not found: When "a malformed envelope is published on the tutor's command subject". Line 174 in scenario "A malformed command envelope is rejected without disrupting the adapter" in the feature "/Users/richardwoollcott/Projects/appmilla_github/study-tutor/.guardkit/worktrees/FEAT-39E1/features/nats-fleet-integration/nats-fleet-integration.feature"
All traceback entries are hidden. Pass `--full-trace` to see hidden and internal frames.</failure></testcase><testcase classname="features.nats-fleet-integration.test_nats_fleet_integration" name="test_a_command_targeted_at_another_agent_is_not_processed_by_the_tutor" time="0.001"><failure message="pytest_bdd.exceptions.StepDefinitionNotFoundError: Step definition is not found: When &quot;a command is published on a different agent's command subject&quot;. Line 192 in scenario &quot;A command targeted at another agent is not processed by the tutor&quot; in the feature &quot;/Users/richardwoollcott/Projects/appmilla_github/study-tutor/.guardkit/worktrees/FEAT-39E1/features/nats-fleet-integration/nats-fleet-integration.feature&quot;">E   pytest_bdd.exceptions.StepDefinitionNotFoundError: Step definition is not found: When "a command is published on a different agent's command subject". Line 192 in scenario "A command targeted at another agent is not processed by the tutor" in the feature "/Users/richardwoollcott/Projects/appmilla_github/study-tutor/.guardkit/worktrees/FEAT-39E1/features/nats-fleet-integration/nats-fleet-integration.feature"
All traceback entries are hidden. Pass `--full-trace` to see hidden and internal frames.</failure></testcase><testcase classname="features.nats-fleet-integration.test_nats_fleet_integration" name="test_a_toolname_dispatch_resolves_to_the_canonical_command_through_the_tool_to_command_map[tutor_start_session-start_session]" time="0.001"><failure message="pytest_bdd.exceptions.StepDefinitionNotFoundError: Step definition is not found: When &quot;jarvis dispatches with the tool name &quot;tutor_start_session&quot;&quot;. Line 226 in scenario &quot;A tool-name dispatch resolves to the canonical command through the tool_to_command map&quot; in the feature &quot;/Users/richardwoollcott/Projects/appmilla_github/study-tutor/.guardkit/worktrees/FEAT-39E1/features/nats-fleet-integration/nats-fleet-integration.feature&quot;">E   pytest_bdd.exceptions.StepDefinitionNotFoundError: Step definition is not found: When "jarvis dispatches with the tool name "tutor_start_session"". Line 226 in scenario "A tool-name dispatch resolves to the canonical command through the tool_to_command map" in the feature "/Users/richardwoollcott/Projects/appmilla_github/study-tutor/.guardkit/worktrees/FEAT-39E1/features/nats-fleet-integration/nats-fleet-integration.feature"
All traceback entries are hidden. Pass `--full-trace` to see hidden and internal frames.</failure></testcase><testcase classname="features.nats-fleet-integration.test_nats_fleet_integration" name="test_a_toolname_dispatch_resolves_to_the_canonical_command_through_the_tool_to_command_map[tutor_turn-tutor_turn]" time="0.001"><failure message="pytest_bdd.exceptions.StepDefinitionNotFoundError: Step definition is not found: When &quot;jarvis dispatches with the tool name &quot;tutor_turn&quot;&quot;. Line 226 in scenario &quot;A tool-name dispatch resolves to the canonical command through the tool_to_command map&quot; in the feature &quot;/Users/richardwoollcott/Projects/appmilla_github/study-tutor/.guardkit/worktrees/FEAT-39E1/features/nats-fleet-integration/nats-fleet-integration.feature&quot;">E   pytest_bdd.exceptions.StepDefinitionNotFoundError: Step definition is not found: When "jarvis dispatches with the tool name "tutor_turn"". Line 226 in scenario "A tool-name dispatch resolves to the canonical command through the tool_to_command map" in the feature "/Users/richardwoollcott/Projects/appmilla_github/study-tutor/.guardkit/worktrees/FEAT-39E1/features/nats-fleet-integration/nats-fleet-integration.feature"
All traceback entries are hidden. Pass `--full-trace` to see hidden and internal frames.</failure></testcase><testcase classname="features.nats-fleet-integration.test_nats_fleet_integration" name="test_a_toolname_dispatch_resolves_to_the_canonical_command_through_the_tool_to_command_map[tutor_session_status-session_status]" time="0.001"><failure message="pytest_bdd.exceptions.StepDefinitionNotFoundError: Step definition is not found: When &quot;jarvis dispatches with the tool name &quot;tutor_session_status&quot;&quot;. Line 226 in scenario &quot;A tool-name dispatch resolves to the canonical command through the tool_to_command map&quot; in the feature &quot;/Users/richardwoollcott/Projects/appmilla_github/study-tutor/.guardkit/worktrees/FEAT-39E1/features/nats-fleet-integration/nats-fleet-integration.feature&quot;">E   pytest_bdd.exceptions.StepDefinitionNotFoundError: Step definition is not found: When "jarvis dispatches with the tool name "tutor_session_status"". Line 226 in scenario "A tool-name dispatch resolves to the canonical command through the tool_to_command map" in the feature "/Users/richardwoollcott/Projects/appmilla_github/study-tutor/.guardkit/worktrees/FEAT-39E1/features/nats-fleet-integration/nats-fleet-integration.feature"
All traceback entries are hidden. Pass `--full-trace` to see hidden and internal frames.</failure></testcase><testcase classname="features.nats-fleet-integration.test_nats_fleet_integration" name="test_a_toolname_dispatch_resolves_to_the_canonical_command_through_the_tool_to_command_map[tutor_session_end-end_session]" time="0.001"><failure message="pytest_bdd.exceptions.StepDefinitionNotFoundError: Step definition is not found: When &quot;jarvis dispatches with the tool name &quot;tutor_session_end&quot;&quot;. Line 226 in scenario &quot;A tool-name dispatch resolves to the canonical command through the tool_to_command map&quot; in the feature &quot;/Users/richardwoollcott/Projects/appmilla_github/study-tutor/.guardkit/worktrees/FEAT-39E1/features/nats-fleet-integration/nats-fleet-integration.feature&quot;">E   pytest_bdd.exceptions.StepDefinitionNotFoundError: Step definition is not found: When "jarvis dispatches with the tool name "tutor_session_end"". Line 226 in scenario "A tool-name dispatch resolves to the canonical command through the tool_to_command map" in the feature "/Users/richardwoollcott/Projects/appmilla_github/study-tutor/.guardkit/worktrees/FEAT-39E1/features/nats-fleet-integration/nats-fleet-integration.feature"
All traceback entries are hidden. Pass `--full-trace` to see hidden and internal frames.</failure></testcase><testcase classname="features.nats-fleet-integration.test_nats_fleet_integration" name="test_two_concurrent_tutor_turn_commands_for_the_same_session_are_serialised" time="0.001"><failure message="pytest_bdd.exceptions.StepDefinitionNotFoundError: Step definition is not found: Given &quot;one active tutor session exists&quot;. Line 322 in scenario &quot;Two concurrent tutor_turn commands for the same session are serialised&quot; in the feature &quot;/Users/richardwoollcott/Projects/appmilla_github/study-tutor/.guardkit/worktrees/FEAT-39E1/features/nats-fleet-integration/nats-fleet-integration.feature&quot;">E   pytest_bdd.exceptions.StepDefinitionNotFoundError: Step definition is not found: Given "one active tutor session exists". Line 322 in scenario "Two concurrent tutor_turn commands for the same session are serialised" in the feature "/Users/richardwoollcott/Projects/appmilla_github/study-tutor/.guardkit/worktrees/FEAT-39E1/features/nats-fleet-integration/nats-fleet-integration.feature"
All traceback entries are hidden. Pass `--full-trace` to see hidden and internal frames.</failure></testcase></testsuite></testsuites>