<?xml version="1.0" encoding="utf-8"?><testsuites name="pytest tests"><testsuite name="pytest" errors="0" failures="0" skipped="0" tests="2" time="0.972" timestamp="2026-05-08T22:58:56.287377+01:00" hostname="Mac"><testcase classname="features.nats-fleet-integration.by-task.test_TASK_NATS_PH1_006" name="test_sigterm_during_an_inflight_tutor_turn_drains_the_request_before_deregistration" time="0.078" /><testcase classname="features.nats-fleet-integration.test_nats_fleet_integration" name="test_sigterm_during_an_inflight_tutor_turn_drains_the_request_before_deregistration" time="0.054" /></testsuite></testsuites>