<?xml version="1.0" encoding="utf-8"?><testsuites name="pytest tests"><testsuite name="pytest" errors="0" failures="3" skipped="0" tests="3" time="0.783" timestamp="2026-05-09T08:13:49.929944+01:00" hostname="Mac"><testcase classname="features.nats-fleet-integration.test_nats_fleet_integration" name="test_a_command_arriving_exactly_at_the_moment_the_adapter_becomes_ready_is_processed" time="0.022"><failure message="pytest_bdd.exceptions.StepDefinitionNotFoundError: Step definition is not found: Given &quot;the adapter has connected and registered but is in the process of marking itself ready&quot;. Line 141 in scenario &quot;A command arriving exactly at the moment the adapter becomes ready is processed&quot; in the feature &quot;/Users/richardwoollcott/Projects/appmilla_github/study-tutor/.guardkit/worktrees/FEAT-39E1/features/nats-fleet-integration/nats-fleet-integration.feature&quot;">E   pytest_bdd.exceptions.StepDefinitionNotFoundError: Step definition is not found: Given "the adapter has connected and registered but is in the process of marking itself ready". Line 141 in scenario "A command arriving exactly at the moment the adapter becomes ready is processed" in the feature "/Users/richardwoollcott/Projects/appmilla_github/study-tutor/.guardkit/worktrees/FEAT-39E1/features/nats-fleet-integration/nats-fleet-integration.feature"
All traceback entries are hidden. Pass `--full-trace` to see hidden and internal frames.</failure></testcase><testcase classname="features.nats-fleet-integration.test_nats_fleet_integration" name="test_a_command_arriving_before_the_adapter_is_ready_is_rejected_with_a_clear_error" time="0.001"><failure message="pytest_bdd.exceptions.StepDefinitionNotFoundError: Step definition is not found: Given &quot;the adapter has connected but has not yet completed registration&quot;. Line 150 in scenario &quot;A command arriving before the adapter is ready is rejected with a clear error&quot; in the feature &quot;/Users/richardwoollcott/Projects/appmilla_github/study-tutor/.guardkit/worktrees/FEAT-39E1/features/nats-fleet-integration/nats-fleet-integration.feature&quot;">E   pytest_bdd.exceptions.StepDefinitionNotFoundError: Step definition is not found: Given "the adapter has connected but has not yet completed registration". Line 150 in scenario "A command arriving before the adapter is ready is rejected with a clear error" in the feature "/Users/richardwoollcott/Projects/appmilla_github/study-tutor/.guardkit/worktrees/FEAT-39E1/features/nats-fleet-integration/nats-fleet-integration.feature"
All traceback entries are hidden. Pass `--full-trace` to see hidden and internal frames.</failure></testcase><testcase classname="features.nats-fleet-integration.test_nats_fleet_integration" name="test_a_second_adapter_claiming_the_same_agent_id_is_rejected_after_the_first_is_registered" time="0.001"><failure message="pytest_bdd.exceptions.StepDefinitionNotFoundError: Step definition is not found: Given &quot;an adapter is already running and registered as &quot;gcse-tutor&quot;&quot;. Line 307 in scenario &quot;A second adapter claiming the same agent_id is rejected after the first is registered&quot; in the feature &quot;/Users/richardwoollcott/Projects/appmilla_github/study-tutor/.guardkit/worktrees/FEAT-39E1/features/nats-fleet-integration/nats-fleet-integration.feature&quot;">E   pytest_bdd.exceptions.StepDefinitionNotFoundError: Step definition is not found: Given "an adapter is already running and registered as "gcse-tutor"". Line 307 in scenario "A second adapter claiming the same agent_id is rejected after the first is registered" in the feature "/Users/richardwoollcott/Projects/appmilla_github/study-tutor/.guardkit/worktrees/FEAT-39E1/features/nats-fleet-integration/nats-fleet-integration.feature"
All traceback entries are hidden. Pass `--full-trace` to see hidden and internal frames.</failure></testcase></testsuite></testsuites>