<?xml version="1.0" encoding="utf-8"?><testsuites name="pytest tests"><testsuite name="pytest" errors="0" failures="15" skipped="0" tests="15" time="0.097" timestamp="2026-04-29T17:08:03.062475+01:00" hostname="Richards-MBP"><testcase classname="features.graphiti-student-model.test_graphiti_student_model" name="test_retrieving_a_learners_current_state_returns_identity_confidence_and_recent_context" time="0.031"><failure message="pytest_bdd.exceptions.StepDefinitionNotFoundError: Step definition is not found: Given &quot;Lilymay's baseline includes a target grade, enrolled subjects, and per-topic confidence&quot;. Line 29 in scenario &quot;Retrieving a learner's current state returns identity, confidence, and recent context&quot; in the feature &quot;/Users/richardwoollcott/Projects/appmilla_github/study-tutor/.guardkit/worktrees/FEAT-1773/features/graphiti-student-model/graphiti-student-model.feature&quot;">E   pytest_bdd.exceptions.StepDefinitionNotFoundError: Step definition is not found: Given "Lilymay's baseline includes a target grade, enrolled subjects, and per-topic confidence". Line 29 in scenario "Retrieving a learner's current state returns identity, confidence, and recent context" in the feature "/Users/richardwoollcott/Projects/appmilla_github/study-tutor/.guardkit/worktrees/FEAT-1773/features/graphiti-student-model/graphiti-student-model.feature"
All traceback entries are hidden. Pass `--full-trace` to see hidden and internal frames.</failure></testcase><testcase classname="features.graphiti-student-model.test_graphiti_student_model" name="test_recommending_topics_prioritises_weak_areas_the_learner_has_not_revisited_recently" time="0.001"><failure message="pytest_bdd.exceptions.StepDefinitionNotFoundError: Step definition is not found: Given &quot;Lilymay has one struggling topic not revised in the last 48 hours&quot;. Line 50 in scenario &quot;Recommending topics prioritises weak areas the learner has not revisited recently&quot; in the feature &quot;/Users/richardwoollcott/Projects/appmilla_github/study-tutor/.guardkit/worktrees/FEAT-1773/features/graphiti-student-model/graphiti-student-model.feature&quot;">E   pytest_bdd.exceptions.StepDefinitionNotFoundError: Step definition is not found: Given "Lilymay has one struggling topic not revised in the last 48 hours". Line 50 in scenario "Recommending topics prioritises weak areas the learner has not revisited recently" in the feature "/Users/richardwoollcott/Projects/appmilla_github/study-tutor/.guardkit/worktrees/FEAT-1773/features/graphiti-student-model/graphiti-student-model.feature"
All traceback entries are hidden. Pass `--full-trace` to see hidden and internal frames.</failure></testcase><testcase classname="features.graphiti-student-model.test_graphiti_student_model" name="test_a_learnersupplied_topic_override_bypasses_recommendation_ranking" time="0.001"><failure message="pytest_bdd.exceptions.StepDefinitionNotFoundError: Step definition is not found: Given &quot;Lilymay's weakest topic is metaphor identification&quot;. Line 92 in scenario &quot;A learner-supplied topic override bypasses recommendation ranking&quot; in the feature &quot;/Users/richardwoollcott/Projects/appmilla_github/study-tutor/.guardkit/worktrees/FEAT-1773/features/graphiti-student-model/graphiti-student-model.feature&quot;">E   pytest_bdd.exceptions.StepDefinitionNotFoundError: Step definition is not found: Given "Lilymay's weakest topic is metaphor identification". Line 92 in scenario "A learner-supplied topic override bypasses recommendation ranking" in the feature "/Users/richardwoollcott/Projects/appmilla_github/study-tutor/.guardkit/worktrees/FEAT-1773/features/graphiti-student-model/graphiti-student-model.feature"
All traceback entries are hidden. Pass `--full-trace` to see hidden and internal frames.</failure></testcase><testcase classname="features.graphiti-student-model.test_graphiti_student_model" name="test_recommending_topics_for_a_learner_with_no_completed_sessions_falls_back_to_baseline_confidence" time="0.001"><failure message="pytest_bdd.exceptions.StepDefinitionNotFoundError: Step definition is not found: Given &quot;a newly seeded learner with confidence bands but no completed sessions&quot;. Line 101 in scenario &quot;Recommending topics for a learner with no completed sessions falls back to baseline confidence&quot; in the feature &quot;/Users/richardwoollcott/Projects/appmilla_github/study-tutor/.guardkit/worktrees/FEAT-1773/features/graphiti-student-model/graphiti-student-model.feature&quot;">E   pytest_bdd.exceptions.StepDefinitionNotFoundError: Step definition is not found: Given "a newly seeded learner with confidence bands but no completed sessions". Line 101 in scenario "Recommending topics for a learner with no completed sessions falls back to baseline confidence" in the feature "/Users/richardwoollcott/Projects/appmilla_github/study-tutor/.guardkit/worktrees/FEAT-1773/features/graphiti-student-model/graphiti-student-model.feature"
All traceback entries are hidden. Pass `--full-trace` to see hidden and internal frames.</failure></testcase><testcase classname="features.graphiti-student-model.test_graphiti_student_model" name="test_recommending_topics_returns_the_requested_number_when_enough_are_available[1]" time="0.001"><failure message="pytest_bdd.exceptions.StepDefinitionNotFoundError: Step definition is not found: Given &quot;the learner has at least 6 candidate topics across struggling and developing bands&quot;. Line 135 in scenario &quot;Recommending topics returns the requested number when enough are available&quot; in the feature &quot;/Users/richardwoollcott/Projects/appmilla_github/study-tutor/.guardkit/worktrees/FEAT-1773/features/graphiti-student-model/graphiti-student-model.feature&quot;">E   pytest_bdd.exceptions.StepDefinitionNotFoundError: Step definition is not found: Given "the learner has at least 6 candidate topics across struggling and developing bands". Line 135 in scenario "Recommending topics returns the requested number when enough are available" in the feature "/Users/richardwoollcott/Projects/appmilla_github/study-tutor/.guardkit/worktrees/FEAT-1773/features/graphiti-student-model/graphiti-student-model.feature"
All traceback entries are hidden. Pass `--full-trace` to see hidden and internal frames.</failure></testcase><testcase classname="features.graphiti-student-model.test_graphiti_student_model" name="test_recommending_topics_returns_the_requested_number_when_enough_are_available[3]" time="0.001"><failure message="pytest_bdd.exceptions.StepDefinitionNotFoundError: Step definition is not found: Given &quot;the learner has at least 6 candidate topics across struggling and developing bands&quot;. Line 135 in scenario &quot;Recommending topics returns the requested number when enough are available&quot; in the feature &quot;/Users/richardwoollcott/Projects/appmilla_github/study-tutor/.guardkit/worktrees/FEAT-1773/features/graphiti-student-model/graphiti-student-model.feature&quot;">E   pytest_bdd.exceptions.StepDefinitionNotFoundError: Step definition is not found: Given "the learner has at least 6 candidate topics across struggling and developing bands". Line 135 in scenario "Recommending topics returns the requested number when enough are available" in the feature "/Users/richardwoollcott/Projects/appmilla_github/study-tutor/.guardkit/worktrees/FEAT-1773/features/graphiti-student-model/graphiti-student-model.feature"
All traceback entries are hidden. Pass `--full-trace` to see hidden and internal frames.</failure></testcase><testcase classname="features.graphiti-student-model.test_graphiti_student_model" name="test_recommending_topics_returns_the_requested_number_when_enough_are_available[6]" time="0.001"><failure message="pytest_bdd.exceptions.StepDefinitionNotFoundError: Step definition is not found: Given &quot;the learner has at least 6 candidate topics across struggling and developing bands&quot;. Line 135 in scenario &quot;Recommending topics returns the requested number when enough are available&quot; in the feature &quot;/Users/richardwoollcott/Projects/appmilla_github/study-tutor/.guardkit/worktrees/FEAT-1773/features/graphiti-student-model/graphiti-student-model.feature&quot;">E   pytest_bdd.exceptions.StepDefinitionNotFoundError: Step definition is not found: Given "the learner has at least 6 candidate topics across struggling and developing bands". Line 135 in scenario "Recommending topics returns the requested number when enough are available" in the feature "/Users/richardwoollcott/Projects/appmilla_github/study-tutor/.guardkit/worktrees/FEAT-1773/features/graphiti-student-model/graphiti-student-model.feature"
All traceback entries are hidden. Pass `--full-trace` to see hidden and internal frames.</failure></testcase><testcase classname="features.graphiti-student-model.test_graphiti_student_model" name="test_recommending_more_topics_than_the_learner_has_available_returns_all_available" time="0.001"><failure message="pytest_bdd.exceptions.StepDefinitionNotFoundError: Step definition is not found: Given &quot;the learner has only 2 candidate topics across struggling and developing bands&quot;. Line 149 in scenario &quot;Recommending more topics than the learner has available returns all available&quot; in the feature &quot;/Users/richardwoollcott/Projects/appmilla_github/study-tutor/.guardkit/worktrees/FEAT-1773/features/graphiti-student-model/graphiti-student-model.feature&quot;">E   pytest_bdd.exceptions.StepDefinitionNotFoundError: Step definition is not found: Given "the learner has only 2 candidate topics across struggling and developing bands". Line 149 in scenario "Recommending more topics than the learner has available returns all available" in the feature "/Users/richardwoollcott/Projects/appmilla_github/study-tutor/.guardkit/worktrees/FEAT-1773/features/graphiti-student-model/graphiti-student-model.feature"
All traceback entries are hidden. Pass `--full-trace` to see hidden and internal frames.</failure></testcase><testcase classname="features.graphiti-student-model.test_graphiti_student_model" name="test_a_struggling_topic_studied_within_the_last_48_hours_is_excluded_from_recommendations" time="0.001"><failure message="pytest_bdd.exceptions.StepDefinitionNotFoundError: Step definition is not found: Given &quot;Lilymay has a struggling topic last studied 47 hours ago&quot;. Line 178 in scenario &quot;A struggling topic studied within the last 48 hours is excluded from recommendations&quot; in the feature &quot;/Users/richardwoollcott/Projects/appmilla_github/study-tutor/.guardkit/worktrees/FEAT-1773/features/graphiti-student-model/graphiti-student-model.feature&quot;">E   pytest_bdd.exceptions.StepDefinitionNotFoundError: Step definition is not found: Given "Lilymay has a struggling topic last studied 47 hours ago". Line 178 in scenario "A struggling topic studied within the last 48 hours is excluded from recommendations" in the feature "/Users/richardwoollcott/Projects/appmilla_github/study-tutor/.guardkit/worktrees/FEAT-1773/features/graphiti-student-model/graphiti-student-model.feature"
All traceback entries are hidden. Pass `--full-trace` to see hidden and internal frames.</failure></testcase><testcase classname="features.graphiti-student-model.test_graphiti_student_model" name="test_a_topic_last_studied_exactly_at_the_cooldown_boundary_is_eligible_for_recommendation" time="0.001"><failure message="pytest_bdd.exceptions.StepDefinitionNotFoundError: Step definition is not found: Given &quot;Lilymay has a struggling topic last studied 48 hours ago&quot;. Line 188 in scenario &quot;A topic last studied exactly at the cooldown boundary is eligible for recommendation&quot; in the feature &quot;/Users/richardwoollcott/Projects/appmilla_github/study-tutor/.guardkit/worktrees/FEAT-1773/features/graphiti-student-model/graphiti-student-model.feature&quot;">E   pytest_bdd.exceptions.StepDefinitionNotFoundError: Step definition is not found: Given "Lilymay has a struggling topic last studied 48 hours ago". Line 188 in scenario "A topic last studied exactly at the cooldown boundary is eligible for recommendation" in the feature "/Users/richardwoollcott/Projects/appmilla_github/study-tutor/.guardkit/worktrees/FEAT-1773/features/graphiti-student-model/graphiti-student-model.feature"
All traceback entries are hidden. Pass `--full-trace` to see hidden and internal frames.</failure></testcase><testcase classname="features.graphiti-student-model.test_graphiti_student_model" name="test_a_learnerstate_read_is_strictly_scoped_to_that_learners_group" time="0.001"><failure message="pytest_bdd.exceptions.StepDefinitionNotFoundError: Step definition is not found: Given &quot;two seeded learners with non-overlapping topic confidence&quot;. Line 213 in scenario &quot;A learner-state read is strictly scoped to that learner's group&quot; in the feature &quot;/Users/richardwoollcott/Projects/appmilla_github/study-tutor/.guardkit/worktrees/FEAT-1773/features/graphiti-student-model/graphiti-student-model.feature&quot;">E   pytest_bdd.exceptions.StepDefinitionNotFoundError: Step definition is not found: Given "two seeded learners with non-overlapping topic confidence". Line 213 in scenario "A learner-state read is strictly scoped to that learner's group" in the feature "/Users/richardwoollcott/Projects/appmilla_github/study-tutor/.guardkit/worktrees/FEAT-1773/features/graphiti-student-model/graphiti-student-model.feature"
All traceback entries are hidden. Pass `--full-trace` to see hidden and internal frames.</failure></testcase><testcase classname="features.graphiti-student-model.test_graphiti_student_model" name="test_retrieving_the_state_of_an_unknown_learner_returns_an_empty_profile_not_an_error" time="0.001"><failure message="pytest_bdd.exceptions.StepDefinitionNotFoundError: Step definition is not found: When &quot;the system requests learner state for an identifier that has never been seeded&quot;. Line 226 in scenario &quot;Retrieving the state of an unknown learner returns an empty profile, not an error&quot; in the feature &quot;/Users/richardwoollcott/Projects/appmilla_github/study-tutor/.guardkit/worktrees/FEAT-1773/features/graphiti-student-model/graphiti-student-model.feature&quot;">E   pytest_bdd.exceptions.StepDefinitionNotFoundError: Step definition is not found: When "the system requests learner state for an identifier that has never been seeded". Line 226 in scenario "Retrieving the state of an unknown learner returns an empty profile, not an error" in the feature "/Users/richardwoollcott/Projects/appmilla_github/study-tutor/.guardkit/worktrees/FEAT-1773/features/graphiti-student-model/graphiti-student-model.feature"
All traceback entries are hidden. Pass `--full-trace` to see hidden and internal frames.</failure></testcase><testcase classname="features.graphiti-student-model.test_graphiti_student_model" name="test_when_the_studentmodel_store_is_unreachable_learnerstate_reads_return_an_empty_profile" time="0.001"><failure message="pytest_bdd.exceptions.StepDefinitionNotFoundError: Step definition is not found: Given &quot;the underlying student-model store is unreachable&quot;. Line 234 in scenario &quot;When the student-model store is unreachable, learner-state reads return an empty profile&quot; in the feature &quot;/Users/richardwoollcott/Projects/appmilla_github/study-tutor/.guardkit/worktrees/FEAT-1773/features/graphiti-student-model/graphiti-student-model.feature&quot;">E   pytest_bdd.exceptions.StepDefinitionNotFoundError: Step definition is not found: Given "the underlying student-model store is unreachable". Line 234 in scenario "When the student-model store is unreachable, learner-state reads return an empty profile" in the feature "/Users/richardwoollcott/Projects/appmilla_github/study-tutor/.guardkit/worktrees/FEAT-1773/features/graphiti-student-model/graphiti-student-model.feature"
All traceback entries are hidden. Pass `--full-trace` to see hidden and internal frames.</failure></testcase><testcase classname="features.graphiti-student-model.test_graphiti_student_model" name="test_a_studentmodel_read_that_exceeds_its_timeout_returns_an_empty_profile" time="0.001"><failure message="pytest_bdd.exceptions.StepDefinitionNotFoundError: Step definition is not found: Given &quot;the underlying student-model store is responding very slowly&quot;. Line 245 in scenario &quot;A student-model read that exceeds its timeout returns an empty profile&quot; in the feature &quot;/Users/richardwoollcott/Projects/appmilla_github/study-tutor/.guardkit/worktrees/FEAT-1773/features/graphiti-student-model/graphiti-student-model.feature&quot;">E   pytest_bdd.exceptions.StepDefinitionNotFoundError: Step definition is not found: Given "the underlying student-model store is responding very slowly". Line 245 in scenario "A student-model read that exceeds its timeout returns an empty profile" in the feature "/Users/richardwoollcott/Projects/appmilla_github/study-tutor/.guardkit/worktrees/FEAT-1773/features/graphiti-student-model/graphiti-student-model.feature"
All traceback entries are hidden. Pass `--full-trace` to see hidden and internal frames.</failure></testcase><testcase classname="features.graphiti-student-model.test_graphiti_student_model" name="test_facts_older_than_the_staleness_threshold_are_flagged_when_returned" time="0.001"><failure message="pytest_bdd.exceptions.StepDefinitionNotFoundError: Step definition is not found: Given &quot;a topic confidence fact recorded 200 days ago&quot;. Line 332 in scenario &quot;Facts older than the staleness threshold are flagged when returned&quot; in the feature &quot;/Users/richardwoollcott/Projects/appmilla_github/study-tutor/.guardkit/worktrees/FEAT-1773/features/graphiti-student-model/graphiti-student-model.feature&quot;">E   pytest_bdd.exceptions.StepDefinitionNotFoundError: Step definition is not found: Given "a topic confidence fact recorded 200 days ago". Line 332 in scenario "Facts older than the staleness threshold are flagged when returned" in the feature "/Users/richardwoollcott/Projects/appmilla_github/study-tutor/.guardkit/worktrees/FEAT-1773/features/graphiti-student-model/graphiti-student-model.feature"
All traceback entries are hidden. Pass `--full-trace` to see hidden and internal frames.</failure></testcase></testsuite></testsuites>