<?xml version="1.0" encoding="utf-8"?><testsuites name="pytest tests"><testsuite name="pytest" errors="0" failures="1" skipped="0" tests="1" time="0.784" timestamp="2026-05-08T23:51:37.314700+01:00" hostname="Mac"><testcase classname="features.nats-fleet-integration.test_nats_fleet_integration" name="test_jarvis_discovers_the_tutor_through_live_capability_registration_without_any_stub_configuration" time="0.021"><failure message="pytest_bdd.exceptions.StepDefinitionNotFoundError: Step definition is not found: Given &quot;jarvis is configured to read capabilities from the live registry&quot;. Line 69 in scenario &quot;jarvis discovers the tutor through live capability registration without any stub configuration&quot; in the feature &quot;/Users/richardwoollcott/Projects/appmilla_github/study-tutor/.guardkit/worktrees/FEAT-39E1/features/nats-fleet-integration/nats-fleet-integration.feature&quot;">E   pytest_bdd.exceptions.StepDefinitionNotFoundError: Step definition is not found: Given "jarvis is configured to read capabilities from the live registry". Line 69 in scenario "jarvis discovers the tutor through live capability registration without any stub configuration" in the feature "/Users/richardwoollcott/Projects/appmilla_github/study-tutor/.guardkit/worktrees/FEAT-39E1/features/nats-fleet-integration/nats-fleet-integration.feature"
All traceback entries are hidden. Pass `--full-trace` to see hidden and internal frames.</failure></testcase></testsuite></testsuites>