<?xml version="1.0" encoding="utf-8"?><testsuites name="pytest tests"><testsuite name="pytest" errors="0" failures="0" skipped="0" tests="5" time="0.084" timestamp="2026-04-30T16:56:44.064038+01:00" hostname="promaxgb10-41b1"><testcase classname="features.primary-text-rag-and-quote-verifier.test_primary_text_rag_and_quote_verifier" name="test_a_turn_on_an_incopyright_text_with_no_primary_edition_in_the_corpus_skips_retrieval_and_runs_in_analysis_mode" time="0.001" /><testcase classname="features.primary-text-rag-and-quote-verifier.test_primary_text_rag_and_quote_verifier" name="test_a_turn_whose_focus_is_ao3_context_bypasses_retrieval_and_is_answered_from_training" time="0.001" /><testcase classname="features.primary-text-rag-and-quote-verifier.test_primary_text_rag_and_quote_verifier" name="test_a_turn_with_mixed_focus_assessment_objectives_retrieves_for_ao1ao2_evidence_and_supplies_ao3_from_training" time="0.001" /><testcase classname="features.primary-text-rag-and-quote-verifier.test_primary_text_rag_and_quote_verifier" name="test_when_the_embedding_service_is_unavailable_retrieval_is_skipped_and_the_turn_proceeds_in_analysis_mode" time="0.051" /><testcase classname="features.primary-text-rag-and-quote-verifier.test_primary_text_rag_and_quote_verifier" name="test_an_ao3only_turn_with_an_empty_historicalcontext_folder_still_bypasses_retrieval" time="0.001" /></testsuite></testsuites>