<?xml version="1.0" encoding="utf-8"?><testsuites name="pytest tests"><testsuite name="pytest" errors="0" failures="0" skipped="0" tests="2" time="0.086" timestamp="2026-05-06T12:20:40.805439+01:00" hostname="Richards-MBP"><testcase classname="features.mcp-llm-player-coach-adapters.test_mcp_llm_player_coach_adapters" name="test_adapters_operate_with_the_minimum_required_sessionstate_fields" time="0.021" /><testcase classname="features.mcp-llm-player-coach-adapters.test_mcp_llm_player_coach_adapters" name="test_adversarial_sessionstate_field_values_are_passed_through_but_never_executed" time="0.001" /></testsuite></testsuites>