<?xml version="1.0" encoding="utf-8"?><testsuites name="pytest tests"><testsuite name="pytest" errors="0" failures="8" skipped="0" tests="8" time="0.797" timestamp="2026-05-08T23:37:12.708387+01:00" hostname="Mac"><testcase classname="features.nats-fleet-integration.test_nats_fleet_integration" name="test_adapter_boot_registers_the_tutor_in_the_fleet_and_advertises_its_capabilities" time="0.022"><failure message="pytest_bdd.exceptions.StepDefinitionNotFoundError: Step definition is not found: Given &quot;the adapter has not yet started&quot;. Line 31 in scenario &quot;Adapter boot registers the tutor in the fleet and advertises its capabilities&quot; in the feature &quot;/Users/richardwoollcott/Projects/appmilla_github/study-tutor/.guardkit/worktrees/FEAT-39E1/features/nats-fleet-integration/nats-fleet-integration.feature&quot;">E   pytest_bdd.exceptions.StepDefinitionNotFoundError: Step definition is not found: Given "the adapter has not yet started". Line 31 in scenario "Adapter boot registers the tutor in the fleet and advertises its capabilities" in the feature "/Users/richardwoollcott/Projects/appmilla_github/study-tutor/.guardkit/worktrees/FEAT-39E1/features/nats-fleet-integration/nats-fleet-integration.feature"
All traceback entries are hidden. Pass `--full-trace` to see hidden and internal frames.</failure></testcase><testcase classname="features.nats-fleet-integration.test_nats_fleet_integration" name="test_a_live_adapter_publishes_heartbeats_on_its_fleet_subject" time="0.001"><failure message="pytest_bdd.exceptions.StepDefinitionNotFoundError: Step definition is not found: When &quot;30 seconds have elapsed since the last heartbeat&quot;. Line 44 in scenario &quot;A live adapter publishes heartbeats on its fleet subject&quot; in the feature &quot;/Users/richardwoollcott/Projects/appmilla_github/study-tutor/.guardkit/worktrees/FEAT-39E1/features/nats-fleet-integration/nats-fleet-integration.feature&quot;">E   pytest_bdd.exceptions.StepDefinitionNotFoundError: Step definition is not found: When "30 seconds have elapsed since the last heartbeat". Line 44 in scenario "A live adapter publishes heartbeats on its fleet subject" in the feature "/Users/richardwoollcott/Projects/appmilla_github/study-tutor/.guardkit/worktrees/FEAT-39E1/features/nats-fleet-integration/nats-fleet-integration.feature"
All traceback entries are hidden. Pass `--full-trace` to see hidden and internal frames.</failure></testcase><testcase classname="features.nats-fleet-integration.test_nats_fleet_integration" name="test_graceful_shutdown_deregisters_the_tutor_and_stops_heartbeats" time="0.001"><failure message="pytest_bdd.exceptions.StepDefinitionNotFoundError: Step definition is not found: When &quot;the adapter receives a shutdown signal&quot;. Line 81 in scenario &quot;Graceful shutdown deregisters the tutor and stops heartbeats&quot; in the feature &quot;/Users/richardwoollcott/Projects/appmilla_github/study-tutor/.guardkit/worktrees/FEAT-39E1/features/nats-fleet-integration/nats-fleet-integration.feature&quot;">E   pytest_bdd.exceptions.StepDefinitionNotFoundError: Step definition is not found: When "the adapter receives a shutdown signal". Line 81 in scenario "Graceful shutdown deregisters the tutor and stops heartbeats" in the feature "/Users/richardwoollcott/Projects/appmilla_github/study-tutor/.guardkit/worktrees/FEAT-39E1/features/nats-fleet-integration/nats-fleet-integration.feature"
All traceback entries are hidden. Pass `--full-trace` to see hidden and internal frames.</failure></testcase><testcase classname="features.nats-fleet-integration.test_nats_fleet_integration" name="test_an_unreachable_nats_server_at_boot_fails_fast_with_a_clear_error" time="0.001"><failure message="pytest_bdd.exceptions.StepDefinitionNotFoundError: Step definition is not found: Given &quot;NATS is unreachable&quot;. Line 201 in scenario &quot;An unreachable NATS server at boot fails fast with a clear error&quot; in the feature &quot;/Users/richardwoollcott/Projects/appmilla_github/study-tutor/.guardkit/worktrees/FEAT-39E1/features/nats-fleet-integration/nats-fleet-integration.feature&quot;">E   pytest_bdd.exceptions.StepDefinitionNotFoundError: Step definition is not found: Given "NATS is unreachable". Line 201 in scenario "An unreachable NATS server at boot fails fast with a clear error" in the feature "/Users/richardwoollcott/Projects/appmilla_github/study-tutor/.guardkit/worktrees/FEAT-39E1/features/nats-fleet-integration/nats-fleet-integration.feature"
All traceback entries are hidden. Pass `--full-trace` to see hidden and internal frames.</failure></testcase><testcase classname="features.nats-fleet-integration.test_nats_fleet_integration" name="test_a_reply_to_a_requeststyle_dispatch_lands_on_the_callers_inbox_not_only_on_the_result_topic" time="0.001"><failure message="pytest_bdd.exceptions.StepDefinitionNotFoundError: Step definition is not found: Given &quot;a command subject is JetStream-stored under the AGENTS stream&quot;. Line 215 in scenario &quot;A reply to a request-style dispatch lands on the caller's inbox, not only on the result topic&quot; in the feature &quot;/Users/richardwoollcott/Projects/appmilla_github/study-tutor/.guardkit/worktrees/FEAT-39E1/features/nats-fleet-integration/nats-fleet-integration.feature&quot;">E   pytest_bdd.exceptions.StepDefinitionNotFoundError: Step definition is not found: Given "a command subject is JetStream-stored under the AGENTS stream". Line 215 in scenario "A reply to a request-style dispatch lands on the caller's inbox, not only on the result topic" in the feature "/Users/richardwoollcott/Projects/appmilla_github/study-tutor/.guardkit/worktrees/FEAT-39E1/features/nats-fleet-integration/nats-fleet-integration.feature"
All traceback entries are hidden. Pass `--full-trace` to see hidden and internal frames.</failure></testcase><testcase classname="features.nats-fleet-integration.test_nats_fleet_integration" name="test_the_adapter_reconnects_to_nats_after_a_transient_disconnect_without_losing_live_sessions" time="0.001"><failure message="pytest_bdd.exceptions.StepDefinitionNotFoundError: Step definition is not found: Given &quot;the adapter is running with one active tutor session&quot;. Line 263 in scenario &quot;The adapter reconnects to NATS after a transient disconnect without losing live sessions&quot; in the feature &quot;/Users/richardwoollcott/Projects/appmilla_github/study-tutor/.guardkit/worktrees/FEAT-39E1/features/nats-fleet-integration/nats-fleet-integration.feature&quot;">E   pytest_bdd.exceptions.StepDefinitionNotFoundError: Step definition is not found: Given "the adapter is running with one active tutor session". Line 263 in scenario "The adapter reconnects to NATS after a transient disconnect without losing live sessions" in the feature "/Users/richardwoollcott/Projects/appmilla_github/study-tutor/.guardkit/worktrees/FEAT-39E1/features/nats-fleet-integration/nats-fleet-integration.feature"
All traceback entries are hidden. Pass `--full-trace` to see hidden and internal frames.</failure></testcase><testcase classname="features.nats-fleet-integration.test_nats_fleet_integration" name="test_an_adapter_started_with_invalid_nats_credentials_fails_closed_at_boot" time="0.001"><failure message="pytest_bdd.exceptions.StepDefinitionNotFoundError: Step definition is not found: Given &quot;the adapter is configured with credentials that NATS will reject&quot;. Line 297 in scenario &quot;An adapter started with invalid NATS credentials fails closed at boot&quot; in the feature &quot;/Users/richardwoollcott/Projects/appmilla_github/study-tutor/.guardkit/worktrees/FEAT-39E1/features/nats-fleet-integration/nats-fleet-integration.feature&quot;">E   pytest_bdd.exceptions.StepDefinitionNotFoundError: Step definition is not found: Given "the adapter is configured with credentials that NATS will reject". Line 297 in scenario "An adapter started with invalid NATS credentials fails closed at boot" in the feature "/Users/richardwoollcott/Projects/appmilla_github/study-tutor/.guardkit/worktrees/FEAT-39E1/features/nats-fleet-integration/nats-fleet-integration.feature"
All traceback entries are hidden. Pass `--full-trace` to see hidden and internal frames.</failure></testcase><testcase classname="features.nats-fleet-integration.test_nats_fleet_integration" name="test_a_command_arriving_during_the_deregister_phase_of_shutdown_is_handled_cleanly" time="0.001"><failure message="pytest_bdd.exceptions.StepDefinitionNotFoundError: Step definition is not found: Given &quot;the adapter is running and has begun graceful shutdown&quot;. Line 332 in scenario &quot;A command arriving during the deregister phase of shutdown is handled cleanly&quot; in the feature &quot;/Users/richardwoollcott/Projects/appmilla_github/study-tutor/.guardkit/worktrees/FEAT-39E1/features/nats-fleet-integration/nats-fleet-integration.feature&quot;">E   pytest_bdd.exceptions.StepDefinitionNotFoundError: Step definition is not found: Given "the adapter is running and has begun graceful shutdown". Line 332 in scenario "A command arriving during the deregister phase of shutdown is handled cleanly" in the feature "/Users/richardwoollcott/Projects/appmilla_github/study-tutor/.guardkit/worktrees/FEAT-39E1/features/nats-fleet-integration/nats-fleet-integration.feature"
All traceback entries are hidden. Pass `--full-trace` to see hidden and internal frames.</failure></testcase></testsuite></testsuites>