<?xml version="1.0" encoding="utf-8"?><testsuites name="pytest tests"><testsuite name="pytest" errors="0" failures="0" skipped="0" tests="7" time="0.038" timestamp="2026-04-30T16:59:41.577322+01:00" hostname="promaxgb10-41b1"><testcase classname="features.primary-text-rag-and-quote-verifier.test_primary_text_rag_and_quote_verifier" name="test_the_corpus_loader_infers_a_chunks_source_type_from_the_folder_it_lives_in" time="0.003" /><testcase classname="features.primary-text-rag-and-quote-verifier.test_primary_text_rag_and_quote_verifier" name="test_an_empty_primarytext_folder_produces_no_chunks_and_no_error" time="0.001" /><testcase classname="features.primary-text-rag-and-quote-verifier.test_primary_text_rag_and_quote_verifier" name="test_a_whitespaceonly_source_file_produces_no_chunks" time="0.001" /><testcase classname="features.primary-text-rag-and-quote-verifier.test_primary_text_rag_and_quote_verifier" name="test_a_file_matching_an_aqa_assessmentmaterial_pattern_is_refused_at_ingestion" time="0.001" /><testcase classname="features.primary-text-rag-and-quote-verifier.test_primary_text_rag_and_quote_verifier" name="test_an_incopyright_modern_set_text_placed_under_primary_text_is_refused_at_ingestion" time="0.001" /><testcase classname="features.primary-text-rag-and-quote-verifier.test_primary_text_rag_and_quote_verifier" name="test_a_corrupted_source_file_does_not_prevent_the_rest_of_the_corpus_from_loading" time="0.001" /><testcase classname="features.primary-text-rag-and-quote-verifier.test_primary_text_rag_and_quote_verifier" name="test_a_source_file_whose_path_traverses_outside_the_corpus_root_is_rejected_at_ingestion" time="0.001" /></testsuite></testsuites>