<?xml version="1.0" encoding="utf-8"?><testsuites name="pytest tests"><testsuite name="pytest" errors="0" failures="8" skipped="0" tests="8" time="0.036" timestamp="2026-04-30T21:07:24.813182+01:00" hostname="promaxgb10-41b1"><testcase classname="features.primary-text-rag-and-quote-verifier.test_primary_text_rag_and_quote_verifier" name="test_a_turn_on_a_primary_text_whose_canonical_edition_is_in_the_corpus_retrieves_sourcefiltered_chunks" time="0.001"><failure message="pytest_bdd.exceptions.StepDefinitionNotFoundError: Step definition is not found: Given &quot;the focus assessment objectives include AO1 and AO2&quot;. Line 38 in scenario &quot;A turn on a primary text whose canonical edition is in the corpus retrieves source-filtered chunks&quot; in the feature &quot;/home/richardwoollcott/Projects/appmilla_github/study-tutor/.guardkit/worktrees/FEAT-70A4/features/primary-text-rag-and-quote-verifier/primary-text-rag-and-quote-verifier.feature&quot;">E   pytest_bdd.exceptions.StepDefinitionNotFoundError: Step definition is not found: Given "the focus assessment objectives include AO1 and AO2". Line 38 in scenario "A turn on a primary text whose canonical edition is in the corpus retrieves source-filtered chunks" in the feature "/home/richardwoollcott/Projects/appmilla_github/study-tutor/.guardkit/worktrees/FEAT-70A4/features/primary-text-rag-and-quote-verifier/primary-text-rag-and-quote-verifier.feature"
All traceback entries are hidden. Pass `--full-trace` to see hidden and internal frames.</failure></testcase><testcase classname="features.primary-text-rag-and-quote-verifier.test_primary_text_rag_and_quote_verifier" name="test_sourcefiltered_retrieval_returns_at_most_the_configured_topk_chunks[6-6]" time="0.001"><failure message="pytest_bdd.exceptions.StepDefinitionNotFoundError: Step definition is not found: Given &quot;the corpus contains 6 primary-text chunks relevant to the query&quot;. Line 167 in scenario &quot;Source-filtered retrieval returns at most the configured top-K chunks&quot; in the feature &quot;/home/richardwoollcott/Projects/appmilla_github/study-tutor/.guardkit/worktrees/FEAT-70A4/features/primary-text-rag-and-quote-verifier/primary-text-rag-and-quote-verifier.feature&quot;">E   pytest_bdd.exceptions.StepDefinitionNotFoundError: Step definition is not found: Given "the corpus contains 6 primary-text chunks relevant to the query". Line 167 in scenario "Source-filtered retrieval returns at most the configured top-K chunks" in the feature "/home/richardwoollcott/Projects/appmilla_github/study-tutor/.guardkit/worktrees/FEAT-70A4/features/primary-text-rag-and-quote-verifier/primary-text-rag-and-quote-verifier.feature"
All traceback entries are hidden. Pass `--full-trace` to see hidden and internal frames.</failure></testcase><testcase classname="features.primary-text-rag-and-quote-verifier.test_primary_text_rag_and_quote_verifier" name="test_sourcefiltered_retrieval_returns_at_most_the_configured_topk_chunks[7-6]" time="0.000"><failure message="pytest_bdd.exceptions.StepDefinitionNotFoundError: Step definition is not found: Given &quot;the corpus contains 7 primary-text chunks relevant to the query&quot;. Line 167 in scenario &quot;Source-filtered retrieval returns at most the configured top-K chunks&quot; in the feature &quot;/home/richardwoollcott/Projects/appmilla_github/study-tutor/.guardkit/worktrees/FEAT-70A4/features/primary-text-rag-and-quote-verifier/primary-text-rag-and-quote-verifier.feature&quot;">E   pytest_bdd.exceptions.StepDefinitionNotFoundError: Step definition is not found: Given "the corpus contains 7 primary-text chunks relevant to the query". Line 167 in scenario "Source-filtered retrieval returns at most the configured top-K chunks" in the feature "/home/richardwoollcott/Projects/appmilla_github/study-tutor/.guardkit/worktrees/FEAT-70A4/features/primary-text-rag-and-quote-verifier/primary-text-rag-and-quote-verifier.feature"
All traceback entries are hidden. Pass `--full-trace` to see hidden and internal frames.</failure></testcase><testcase classname="features.primary-text-rag-and-quote-verifier.test_primary_text_rag_and_quote_verifier" name="test_sourcefiltered_retrieval_returns_at_most_the_configured_topk_chunks[3-3]" time="0.000"><failure message="pytest_bdd.exceptions.StepDefinitionNotFoundError: Step definition is not found: Given &quot;the corpus contains 3 primary-text chunks relevant to the query&quot;. Line 167 in scenario &quot;Source-filtered retrieval returns at most the configured top-K chunks&quot; in the feature &quot;/home/richardwoollcott/Projects/appmilla_github/study-tutor/.guardkit/worktrees/FEAT-70A4/features/primary-text-rag-and-quote-verifier/primary-text-rag-and-quote-verifier.feature&quot;">E   pytest_bdd.exceptions.StepDefinitionNotFoundError: Step definition is not found: Given "the corpus contains 3 primary-text chunks relevant to the query". Line 167 in scenario "Source-filtered retrieval returns at most the configured top-K chunks" in the feature "/home/richardwoollcott/Projects/appmilla_github/study-tutor/.guardkit/worktrees/FEAT-70A4/features/primary-text-rag-and-quote-verifier/primary-text-rag-and-quote-verifier.feature"
All traceback entries are hidden. Pass `--full-trace` to see hidden and internal frames.</failure></testcase><testcase classname="features.primary-text-rag-and-quote-verifier.test_primary_text_rag_and_quote_verifier" name="test_sourcefiltered_retrieval_returns_at_most_the_configured_topk_chunks[0-0]" time="0.001"><failure message="pytest_bdd.exceptions.StepDefinitionNotFoundError: Step definition is not found: Given &quot;the corpus contains 0 primary-text chunks relevant to the query&quot;. Line 167 in scenario &quot;Source-filtered retrieval returns at most the configured top-K chunks&quot; in the feature &quot;/home/richardwoollcott/Projects/appmilla_github/study-tutor/.guardkit/worktrees/FEAT-70A4/features/primary-text-rag-and-quote-verifier/primary-text-rag-and-quote-verifier.feature&quot;">E   pytest_bdd.exceptions.StepDefinitionNotFoundError: Step definition is not found: Given "the corpus contains 0 primary-text chunks relevant to the query". Line 167 in scenario "Source-filtered retrieval returns at most the configured top-K chunks" in the feature "/home/richardwoollcott/Projects/appmilla_github/study-tutor/.guardkit/worktrees/FEAT-70A4/features/primary-text-rag-and-quote-verifier/primary-text-rag-and-quote-verifier.feature"
All traceback entries are hidden. Pass `--full-trace` to see hidden and internal frames.</failure></testcase><testcase classname="features.primary-text-rag-and-quote-verifier.test_primary_text_rag_and_quote_verifier" name="test_a_retrieval_request_for_a_text_absent_from_the_corpus_returns_an_empty_result_with_an_explicit_reason" time="0.000"><failure message="pytest_bdd.exceptions.StepDefinitionNotFoundError: Step definition is not found: Given &quot;the session is on a text not present in any source-type folder&quot;. Line 226 in scenario &quot;A retrieval request for a text absent from the corpus returns an empty result with an explicit reason&quot; in the feature &quot;/home/richardwoollcott/Projects/appmilla_github/study-tutor/.guardkit/worktrees/FEAT-70A4/features/primary-text-rag-and-quote-verifier/primary-text-rag-and-quote-verifier.feature&quot;">E   pytest_bdd.exceptions.StepDefinitionNotFoundError: Step definition is not found: Given "the session is on a text not present in any source-type folder". Line 226 in scenario "A retrieval request for a text absent from the corpus returns an empty result with an explicit reason" in the feature "/home/richardwoollcott/Projects/appmilla_github/study-tutor/.guardkit/worktrees/FEAT-70A4/features/primary-text-rag-and-quote-verifier/primary-text-rag-and-quote-verifier.feature"
All traceback entries are hidden. Pass `--full-trace` to see hidden and internal frames.</failure></testcase><testcase classname="features.primary-text-rag-and-quote-verifier.test_primary_text_rag_and_quote_verifier" name="test_aqastyle_assessment_material_accidentally_present_is_excluded_from_retrieval_results" time="0.000"><failure message="pytest_bdd.exceptions.StepDefinitionNotFoundError: Step definition is not found: Given &quot;a file matching an AQA assessment-material pattern was overlooked at ingestion&quot;. Line 254 in scenario &quot;AQA-style assessment material accidentally present is excluded from retrieval results&quot; in the feature &quot;/home/richardwoollcott/Projects/appmilla_github/study-tutor/.guardkit/worktrees/FEAT-70A4/features/primary-text-rag-and-quote-verifier/primary-text-rag-and-quote-verifier.feature&quot;">E   pytest_bdd.exceptions.StepDefinitionNotFoundError: Step definition is not found: Given "a file matching an AQA assessment-material pattern was overlooked at ingestion". Line 254 in scenario "AQA-style assessment material accidentally present is excluded from retrieval results" in the feature "/home/richardwoollcott/Projects/appmilla_github/study-tutor/.guardkit/worktrees/FEAT-70A4/features/primary-text-rag-and-quote-verifier/primary-text-rag-and-quote-verifier.feature"
All traceback entries are hidden. Pass `--full-trace` to see hidden and internal frames.</failure></testcase><testcase classname="features.primary-text-rag-and-quote-verifier.test_primary_text_rag_and_quote_verifier" name="test_sourcefiltered_retrieval_proceeds_without_a_reranker_when_the_reranker_is_unavailable" time="0.001"><failure message="pytest_bdd.exceptions.StepDefinitionNotFoundError: Step definition is not found: Given &quot;the configured reranker is unavailable at retrieval time&quot;. Line 399 in scenario &quot;Source-filtered retrieval proceeds without a reranker when the reranker is unavailable&quot; in the feature &quot;/home/richardwoollcott/Projects/appmilla_github/study-tutor/.guardkit/worktrees/FEAT-70A4/features/primary-text-rag-and-quote-verifier/primary-text-rag-and-quote-verifier.feature&quot;">E   pytest_bdd.exceptions.StepDefinitionNotFoundError: Step definition is not found: Given "the configured reranker is unavailable at retrieval time". Line 399 in scenario "Source-filtered retrieval proceeds without a reranker when the reranker is unavailable" in the feature "/home/richardwoollcott/Projects/appmilla_github/study-tutor/.guardkit/worktrees/FEAT-70A4/features/primary-text-rag-and-quote-verifier/primary-text-rag-and-quote-verifier.feature"
All traceback entries are hidden. Pass `--full-trace` to see hidden and internal frames.</failure></testcase></testsuite></testsuites>