<?xml version="1.0" encoding="utf-8"?><testsuites name="pytest tests"><testsuite name="pytest" errors="0" failures="1" skipped="0" tests="1" time="0.070" timestamp="2026-04-29T16:45:41.158662+01:00" hostname="Richards-MBP"><testcase classname="features.graphiti-student-model.test_graphiti_student_model" name="test_the_studentmodel_module_loads_successfully_when_the_graphiti_library_is_not_installed" time="0.038"><failure message="pytest_bdd.exceptions.StepDefinitionNotFoundError: Step definition is not found: Given &quot;the student model substrate is configured for FalkorDB and a Graphiti client&quot;. Line 16 in scenario &quot;The student-model module loads successfully when the Graphiti library is not installed&quot; in the feature &quot;/Users/richardwoollcott/Projects/appmilla_github/study-tutor/.guardkit/worktrees/FEAT-1773/features/graphiti-student-model/graphiti-student-model.feature&quot;">E   pytest_bdd.exceptions.StepDefinitionNotFoundError: Step definition is not found: Given "the student model substrate is configured for FalkorDB and a Graphiti client". Line 16 in scenario "The student-model module loads successfully when the Graphiti library is not installed" in the feature "/Users/richardwoollcott/Projects/appmilla_github/study-tutor/.guardkit/worktrees/FEAT-1773/features/graphiti-student-model/graphiti-student-model.feature"
All traceback entries are hidden. Pass `--full-trace` to see hidden and internal frames.</failure></testcase></testsuite></testsuites>