<?xml version="1.0" encoding="utf-8"?><testsuites name="pytest tests"><testsuite name="pytest" errors="0" failures="0" skipped="0" tests="2" time="0.072" timestamp="2026-05-06T12:32:59.069655+01:00" hostname="Richards-MBP"><testcase classname="features.mcp-llm-player-coach-adapters.test_mcp_llm_player_coach_adapters" name="test_adapters_operate_with_minimum_required_session_state_fields" time="0.033" /><testcase classname="features.mcp-llm-player-coach-adapters.test_mcp_llm_player_coach_adapters" name="test_adversarial_session_state_field_values_are_passed_through" time="0.001" /></testsuite></testsuites>