<?xml version="1.0" encoding="utf-8"?><testsuites name="pytest tests"><testsuite name="pytest" errors="0" failures="1" skipped="0" tests="1" time="0.759" timestamp="2026-05-09T00:09:00.299262+01:00" hostname="Mac"><testcase classname="features.nats-fleet-integration.test_nats_fleet_integration" name="test_a_misconfigured_llm_base_url_surfaces_a_clear_configuration_error_during_a_tutor_turn" time="0.022"><failure message="pytest_bdd.exceptions.StepDefinitionNotFoundError: Step definition is not found: Given &quot;the adapter is running with an LLM base URL missing the version suffix&quot;. Line 182 in scenario &quot;A misconfigured LLM base URL surfaces a clear configuration error during a tutor turn&quot; in the feature &quot;/Users/richardwoollcott/Projects/appmilla_github/study-tutor/.guardkit/worktrees/FEAT-39E1/features/nats-fleet-integration/nats-fleet-integration.feature&quot;">E   pytest_bdd.exceptions.StepDefinitionNotFoundError: Step definition is not found: Given "the adapter is running with an LLM base URL missing the version suffix". Line 182 in scenario "A misconfigured LLM base URL surfaces a clear configuration error during a tutor turn" in the feature "/Users/richardwoollcott/Projects/appmilla_github/study-tutor/.guardkit/worktrees/FEAT-39E1/features/nats-fleet-integration/nats-fleet-integration.feature"
All traceback entries are hidden. Pass `--full-trace` to see hidden and internal frames.</failure></testcase></testsuite></testsuites>