<?xml version="1.0" encoding="utf-8"?><testsuites name="pytest tests"><testsuite name="pytest" errors="0" failures="0" skipped="0" tests="16" time="0.087" timestamp="2026-04-29T16:59:01.518086+01:00" hostname="Richards-MBP"><testcase classname="features.graphiti-student-model.test_graphiti_student_model" name="test_recording_a_completed_session_persists_a_session_episode_for_that_learner" time="0.025" /><testcase classname="features.graphiti-student-model.test_graphiti_student_model" name="test_recording_an_observed_misconception_attaches_it_to_the_learner_and_the_topic" time="0.001" /><testcase classname="features.graphiti-student-model.test_graphiti_student_model" name="test_recording_a_confidence_change_updates_the_learners_mastery_for_that_topic" time="0.001" /><testcase classname="features.graphiti-student-model.test_graphiti_student_model" name="test_recording_a_session_completion_returns_within_the_handler_budget_even_when_persistence_is_slow" time="0.001" /><testcase classname="features.graphiti-student-model.test_graphiti_student_model" name="test_a_failed_background_persistence_write_does_not_surface_to_the_caller" time="0.001" /><testcase classname="features.graphiti-student-model.test_graphiti_student_model" name="test_recording_a_misconception_without_a_topic_reference_is_rejected_at_the_producer_boundary" time="0.001" /><testcase classname="features.graphiti-student-model.test_graphiti_student_model" name="test_a_session_abandoned_before_any_tutor_turn_produces_no_persisted_session_episode" time="0.001" /><testcase classname="features.graphiti-student-model.test_graphiti_student_model" name="test_two_background_persistence_writes_for_the_same_learner_do_not_interfere" time="0.001" /><testcase classname="features.graphiti-student-model.test_graphiti_student_model" name="test_a_process_crash_during_a_background_persistence_write_loses_only_the_inflight_write" time="0.001" /><testcase classname="features.graphiti-student-model.test_graphiti_student_model" name="test_a_subscriber_crash_on_a_sessioncompleted_event_does_not_block_subsequent_persistence" time="0.001" /><testcase classname="features.graphiti-student-model.test_graphiti_student_model" name="test_pending_background_writes_are_awaited_at_process_shutdown_up_to_a_bounded_grace_period" time="0.001" /><testcase classname="features.graphiti-student-model.test_graphiti_student_model" name="test_a_misconception_observation_containing_instructionlike_text_is_recorded_as_data_not_interpreted_as_a_directive" time="0.001" /><testcase classname="features.graphiti-student-model.test_graphiti_student_model" name="test_concurrent_confidence_updates_for_the_same_topic_resolve_to_the_most_recent_observation" time="0.001" /><testcase classname="features.graphiti-student-model.test_graphiti_student_model" name="test_a_learnerstate_read_taken_immediately_after_a_write_may_not_yet_observe_the_pending_write" time="0.001" /><testcase classname="features.graphiti-student-model.test_graphiti_student_model" name="test_a_malformed_extraction_response_from_the_entityextraction_service_fails_the_write_without_partial_persistence" time="0.001" /><testcase classname="features.graphiti-student-model.test_graphiti_student_model" name="test_a_persistence_write_failing_because_the_embeddings_endpoint_is_unreachable_does_not_corrupt_prior_state" time="0.001" /></testsuite></testsuites>