<?xml version="1.0" encoding="utf-8"?><testsuites name="pytest tests"><testsuite name="pytest" errors="0" failures="22" skipped="0" tests="22" time="0.047" timestamp="2026-04-30T21:19:29.668566+01:00" hostname="promaxgb10-41b1"><testcase classname="features.primary-text-rag-and-quote-verifier.test_primary_text_rag_and_quote_verifier" name="test_a_verbatim_quote_from_the_primary_text_is_annotated_with_its_canonical_citation" time="0.001"><failure message="pytest_bdd.exceptions.StepDefinitionNotFoundError: Step definition is not found: Given &quot;a Player response contains a verbatim quotation from the primary text in the corpus&quot;. Line 72 in scenario &quot;A verbatim quote from the primary text is annotated with its canonical citation&quot; in the feature &quot;/home/richardwoollcott/Projects/appmilla_github/study-tutor/.guardkit/worktrees/FEAT-70A4/features/primary-text-rag-and-quote-verifier/primary-text-rag-and-quote-verifier.feature&quot;">E   pytest_bdd.exceptions.StepDefinitionNotFoundError: Step definition is not found: Given "a Player response contains a verbatim quotation from the primary text in the corpus". Line 72 in scenario "A verbatim quote from the primary text is annotated with its canonical citation" in the feature "/home/richardwoollcott/Projects/appmilla_github/study-tutor/.guardkit/worktrees/FEAT-70A4/features/primary-text-rag-and-quote-verifier/primary-text-rag-and-quote-verifier.feature"
All traceback entries are hidden. Pass `--full-trace` to see hidden and internal frames.</failure></testcase><testcase classname="features.primary-text-rag-and-quote-verifier.test_primary_text_rag_and_quote_verifier" name="test_a_phrase_that_appears_verbatim_in_secondary_material_only_is_rewritten_as_attributed_paraphrase" time="0.000"><failure message="pytest_bdd.exceptions.StepDefinitionNotFoundError: Step definition is not found: Given &quot;a Player response contains a quoted phrase that appears verbatim only in secondary study-guide material&quot;. Line 83 in scenario &quot;A phrase that appears verbatim in secondary material only is rewritten as attributed paraphrase&quot; in the feature &quot;/home/richardwoollcott/Projects/appmilla_github/study-tutor/.guardkit/worktrees/FEAT-70A4/features/primary-text-rag-and-quote-verifier/primary-text-rag-and-quote-verifier.feature&quot;">E   pytest_bdd.exceptions.StepDefinitionNotFoundError: Step definition is not found: Given "a Player response contains a quoted phrase that appears verbatim only in secondary study-guide material". Line 83 in scenario "A phrase that appears verbatim in secondary material only is rewritten as attributed paraphrase" in the feature "/home/richardwoollcott/Projects/appmilla_github/study-tutor/.guardkit/worktrees/FEAT-70A4/features/primary-text-rag-and-quote-verifier/primary-text-rag-and-quote-verifier.feature"
All traceback entries are hidden. Pass `--full-trace` to see hidden and internal frames.</failure></testcase><testcase classname="features.primary-text-rag-and-quote-verifier.test_primary_text_rag_and_quote_verifier" name="test_a_nearverbatim_primarytext_quote_is_corrected_to_the_canonical_wording_and_annotated" time="0.000"><failure message="pytest_bdd.exceptions.StepDefinitionNotFoundError: Step definition is not found: Given &quot;a Player response contains a quoted phrase that does not match any chunk verbatim&quot;. Line 96 in scenario &quot;A near-verbatim primary-text quote is corrected to the canonical wording and annotated&quot; in the feature &quot;/home/richardwoollcott/Projects/appmilla_github/study-tutor/.guardkit/worktrees/FEAT-70A4/features/primary-text-rag-and-quote-verifier/primary-text-rag-and-quote-verifier.feature&quot;">E   pytest_bdd.exceptions.StepDefinitionNotFoundError: Step definition is not found: Given "a Player response contains a quoted phrase that does not match any chunk verbatim". Line 96 in scenario "A near-verbatim primary-text quote is corrected to the canonical wording and annotated" in the feature "/home/richardwoollcott/Projects/appmilla_github/study-tutor/.guardkit/worktrees/FEAT-70A4/features/primary-text-rag-and-quote-verifier/primary-text-rag-and-quote-verifier.feature"
All traceback entries are hidden. Pass `--full-trace` to see hidden and internal frames.</failure></testcase><testcase classname="features.primary-text-rag-and-quote-verifier.test_primary_text_rag_and_quote_verifier" name="test_a_fabricated_quote_with_no_corpus_match_is_stripped_of_quotation_marks_and_rewritten_as_paraphrase" time="0.001"><failure message="pytest_bdd.exceptions.StepDefinitionNotFoundError: Step definition is not found: Given &quot;a Player response contains a quotation that does not match any corpus chunk verbatim&quot;. Line 107 in scenario &quot;A fabricated quote with no corpus match is stripped of quotation marks and rewritten as paraphrase&quot; in the feature &quot;/home/richardwoollcott/Projects/appmilla_github/study-tutor/.guardkit/worktrees/FEAT-70A4/features/primary-text-rag-and-quote-verifier/primary-text-rag-and-quote-verifier.feature&quot;">E   pytest_bdd.exceptions.StepDefinitionNotFoundError: Step definition is not found: Given "a Player response contains a quotation that does not match any corpus chunk verbatim". Line 107 in scenario "A fabricated quote with no corpus match is stripped of quotation marks and rewritten as paraphrase" in the feature "/home/richardwoollcott/Projects/appmilla_github/study-tutor/.guardkit/worktrees/FEAT-70A4/features/primary-text-rag-and-quote-verifier/primary-text-rag-and-quote-verifier.feature"
All traceback entries are hidden. Pass `--full-trace` to see hidden and internal frames.</failure></testcase><testcase classname="features.primary-text-rag-and-quote-verifier.test_primary_text_rag_and_quote_verifier" name="test_the_verifier_inspects_spans_at_and_above_the_minimum_word_count_and_ignores_those_below[3-ignored as below minimum]" time="0.000"><failure message="pytest_bdd.exceptions.StepDefinitionNotFoundError: Step definition is not found: Given &quot;a Player response contains a quoted span of 3 words&quot;. Line 134 in scenario &quot;The verifier inspects spans at and above the minimum word count and ignores those below&quot; in the feature &quot;/home/richardwoollcott/Projects/appmilla_github/study-tutor/.guardkit/worktrees/FEAT-70A4/features/primary-text-rag-and-quote-verifier/primary-text-rag-and-quote-verifier.feature&quot;">E   pytest_bdd.exceptions.StepDefinitionNotFoundError: Step definition is not found: Given "a Player response contains a quoted span of 3 words". Line 134 in scenario "The verifier inspects spans at and above the minimum word count and ignores those below" in the feature "/home/richardwoollcott/Projects/appmilla_github/study-tutor/.guardkit/worktrees/FEAT-70A4/features/primary-text-rag-and-quote-verifier/primary-text-rag-and-quote-verifier.feature"
All traceback entries are hidden. Pass `--full-trace` to see hidden and internal frames.</failure></testcase><testcase classname="features.primary-text-rag-and-quote-verifier.test_primary_text_rag_and_quote_verifier" name="test_the_verifier_inspects_spans_at_and_above_the_minimum_word_count_and_ignores_those_below[4-inspected for matching]" time="0.000"><failure message="pytest_bdd.exceptions.StepDefinitionNotFoundError: Step definition is not found: Given &quot;a Player response contains a quoted span of 4 words&quot;. Line 134 in scenario &quot;The verifier inspects spans at and above the minimum word count and ignores those below&quot; in the feature &quot;/home/richardwoollcott/Projects/appmilla_github/study-tutor/.guardkit/worktrees/FEAT-70A4/features/primary-text-rag-and-quote-verifier/primary-text-rag-and-quote-verifier.feature&quot;">E   pytest_bdd.exceptions.StepDefinitionNotFoundError: Step definition is not found: Given "a Player response contains a quoted span of 4 words". Line 134 in scenario "The verifier inspects spans at and above the minimum word count and ignores those below" in the feature "/home/richardwoollcott/Projects/appmilla_github/study-tutor/.guardkit/worktrees/FEAT-70A4/features/primary-text-rag-and-quote-verifier/primary-text-rag-and-quote-verifier.feature"
All traceback entries are hidden. Pass `--full-trace` to see hidden and internal frames.</failure></testcase><testcase classname="features.primary-text-rag-and-quote-verifier.test_primary_text_rag_and_quote_verifier" name="test_the_verifier_inspects_spans_at_and_above_the_minimum_word_count_and_ignores_those_below[5-inspected for matching]" time="0.000"><failure message="pytest_bdd.exceptions.StepDefinitionNotFoundError: Step definition is not found: Given &quot;a Player response contains a quoted span of 5 words&quot;. Line 134 in scenario &quot;The verifier inspects spans at and above the minimum word count and ignores those below&quot; in the feature &quot;/home/richardwoollcott/Projects/appmilla_github/study-tutor/.guardkit/worktrees/FEAT-70A4/features/primary-text-rag-and-quote-verifier/primary-text-rag-and-quote-verifier.feature&quot;">E   pytest_bdd.exceptions.StepDefinitionNotFoundError: Step definition is not found: Given "a Player response contains a quoted span of 5 words". Line 134 in scenario "The verifier inspects spans at and above the minimum word count and ignores those below" in the feature "/home/richardwoollcott/Projects/appmilla_github/study-tutor/.guardkit/worktrees/FEAT-70A4/features/primary-text-rag-and-quote-verifier/primary-text-rag-and-quote-verifier.feature"
All traceback entries are hidden. Pass `--full-trace` to see hidden and internal frames.</failure></testcase><testcase classname="features.primary-text-rag-and-quote-verifier.test_primary_text_rag_and_quote_verifier" name="test_fuzzy_correction_is_bounded_by_edit_distance_from_a_canonical_primarytext_passage[0-annotated as a primary-text match]" time="0.000"><failure message="pytest_bdd.exceptions.StepDefinitionNotFoundError: Step definition is not found: Given &quot;a Player response contains a quoted phrase&quot;. Line 149 in scenario &quot;Fuzzy correction is bounded by edit distance from a canonical primary-text passage&quot; in the feature &quot;/home/richardwoollcott/Projects/appmilla_github/study-tutor/.guardkit/worktrees/FEAT-70A4/features/primary-text-rag-and-quote-verifier/primary-text-rag-and-quote-verifier.feature&quot;">E   pytest_bdd.exceptions.StepDefinitionNotFoundError: Step definition is not found: Given "a Player response contains a quoted phrase". Line 149 in scenario "Fuzzy correction is bounded by edit distance from a canonical primary-text passage" in the feature "/home/richardwoollcott/Projects/appmilla_github/study-tutor/.guardkit/worktrees/FEAT-70A4/features/primary-text-rag-and-quote-verifier/primary-text-rag-and-quote-verifier.feature"
All traceback entries are hidden. Pass `--full-trace` to see hidden and internal frames.</failure></testcase><testcase classname="features.primary-text-rag-and-quote-verifier.test_primary_text_rag_and_quote_verifier" name="test_fuzzy_correction_is_bounded_by_edit_distance_from_a_canonical_primarytext_passage[1-corrected and annotated]" time="0.000"><failure message="pytest_bdd.exceptions.StepDefinitionNotFoundError: Step definition is not found: Given &quot;a Player response contains a quoted phrase&quot;. Line 149 in scenario &quot;Fuzzy correction is bounded by edit distance from a canonical primary-text passage&quot; in the feature &quot;/home/richardwoollcott/Projects/appmilla_github/study-tutor/.guardkit/worktrees/FEAT-70A4/features/primary-text-rag-and-quote-verifier/primary-text-rag-and-quote-verifier.feature&quot;">E   pytest_bdd.exceptions.StepDefinitionNotFoundError: Step definition is not found: Given "a Player response contains a quoted phrase". Line 149 in scenario "Fuzzy correction is bounded by edit distance from a canonical primary-text passage" in the feature "/home/richardwoollcott/Projects/appmilla_github/study-tutor/.guardkit/worktrees/FEAT-70A4/features/primary-text-rag-and-quote-verifier/primary-text-rag-and-quote-verifier.feature"
All traceback entries are hidden. Pass `--full-trace` to see hidden and internal frames.</failure></testcase><testcase classname="features.primary-text-rag-and-quote-verifier.test_primary_text_rag_and_quote_verifier" name="test_fuzzy_correction_is_bounded_by_edit_distance_from_a_canonical_primarytext_passage[2-corrected and annotated]" time="0.000"><failure message="pytest_bdd.exceptions.StepDefinitionNotFoundError: Step definition is not found: Given &quot;a Player response contains a quoted phrase&quot;. Line 149 in scenario &quot;Fuzzy correction is bounded by edit distance from a canonical primary-text passage&quot; in the feature &quot;/home/richardwoollcott/Projects/appmilla_github/study-tutor/.guardkit/worktrees/FEAT-70A4/features/primary-text-rag-and-quote-verifier/primary-text-rag-and-quote-verifier.feature&quot;">E   pytest_bdd.exceptions.StepDefinitionNotFoundError: Step definition is not found: Given "a Player response contains a quoted phrase". Line 149 in scenario "Fuzzy correction is bounded by edit distance from a canonical primary-text passage" in the feature "/home/richardwoollcott/Projects/appmilla_github/study-tutor/.guardkit/worktrees/FEAT-70A4/features/primary-text-rag-and-quote-verifier/primary-text-rag-and-quote-verifier.feature"
All traceback entries are hidden. Pass `--full-trace` to see hidden and internal frames.</failure></testcase><testcase classname="features.primary-text-rag-and-quote-verifier.test_primary_text_rag_and_quote_verifier" name="test_fuzzy_correction_is_bounded_by_edit_distance_from_a_canonical_primarytext_passage[3-corrected and annotated]" time="0.000"><failure message="pytest_bdd.exceptions.StepDefinitionNotFoundError: Step definition is not found: Given &quot;a Player response contains a quoted phrase&quot;. Line 149 in scenario &quot;Fuzzy correction is bounded by edit distance from a canonical primary-text passage&quot; in the feature &quot;/home/richardwoollcott/Projects/appmilla_github/study-tutor/.guardkit/worktrees/FEAT-70A4/features/primary-text-rag-and-quote-verifier/primary-text-rag-and-quote-verifier.feature&quot;">E   pytest_bdd.exceptions.StepDefinitionNotFoundError: Step definition is not found: Given "a Player response contains a quoted phrase". Line 149 in scenario "Fuzzy correction is bounded by edit distance from a canonical primary-text passage" in the feature "/home/richardwoollcott/Projects/appmilla_github/study-tutor/.guardkit/worktrees/FEAT-70A4/features/primary-text-rag-and-quote-verifier/primary-text-rag-and-quote-verifier.feature"
All traceback entries are hidden. Pass `--full-trace` to see hidden and internal frames.</failure></testcase><testcase classname="features.primary-text-rag-and-quote-verifier.test_primary_text_rag_and_quote_verifier" name="test_fuzzy_correction_is_bounded_by_edit_distance_from_a_canonical_primarytext_passage[4-treated as a no-match strip event]" time="0.000"><failure message="pytest_bdd.exceptions.StepDefinitionNotFoundError: Step definition is not found: Given &quot;a Player response contains a quoted phrase&quot;. Line 149 in scenario &quot;Fuzzy correction is bounded by edit distance from a canonical primary-text passage&quot; in the feature &quot;/home/richardwoollcott/Projects/appmilla_github/study-tutor/.guardkit/worktrees/FEAT-70A4/features/primary-text-rag-and-quote-verifier/primary-text-rag-and-quote-verifier.feature&quot;">E   pytest_bdd.exceptions.StepDefinitionNotFoundError: Step definition is not found: Given "a Player response contains a quoted phrase". Line 149 in scenario "Fuzzy correction is bounded by edit distance from a canonical primary-text passage" in the feature "/home/richardwoollcott/Projects/appmilla_github/study-tutor/.guardkit/worktrees/FEAT-70A4/features/primary-text-rag-and-quote-verifier/primary-text-rag-and-quote-verifier.feature"
All traceback entries are hidden. Pass `--full-trace` to see hidden and internal frames.</failure></testcase><testcase classname="features.primary-text-rag-and-quote-verifier.test_primary_text_rag_and_quote_verifier" name="test_a_secondaryonly_phrase_presented_as_the_authors_words_is_never_annotated_as_a_primary_citation" time="0.000"><failure message="pytest_bdd.exceptions.StepDefinitionNotFoundError: Step definition is not found: Given &quot;a Player response presents a phrase as the original author's words&quot;. Line 235 in scenario &quot;A secondary-only phrase presented as the author's words is never annotated as a primary citation&quot; in the feature &quot;/home/richardwoollcott/Projects/appmilla_github/study-tutor/.guardkit/worktrees/FEAT-70A4/features/primary-text-rag-and-quote-verifier/primary-text-rag-and-quote-verifier.feature&quot;">E   pytest_bdd.exceptions.StepDefinitionNotFoundError: Step definition is not found: Given "a Player response presents a phrase as the original author's words". Line 235 in scenario "A secondary-only phrase presented as the author's words is never annotated as a primary citation" in the feature "/home/richardwoollcott/Projects/appmilla_github/study-tutor/.guardkit/worktrees/FEAT-70A4/features/primary-text-rag-and-quote-verifier/primary-text-rag-and-quote-verifier.feature"
All traceback entries are hidden. Pass `--full-trace` to see hidden and internal frames.</failure></testcase><testcase classname="features.primary-text-rag-and-quote-verifier.test_primary_text_rag_and_quote_verifier" name="test_multiple_secondaryonly_quotes_in_a_single_response_are_all_rewritten_not_just_the_first" time="0.000"><failure message="pytest_bdd.exceptions.StepDefinitionNotFoundError: Step definition is not found: Given &quot;a Player response contains three quoted phrases all of which appear verbatim only in secondary chunks&quot;. Line 245 in scenario &quot;Multiple secondary-only quotes in a single response are all rewritten, not just the first&quot; in the feature &quot;/home/richardwoollcott/Projects/appmilla_github/study-tutor/.guardkit/worktrees/FEAT-70A4/features/primary-text-rag-and-quote-verifier/primary-text-rag-and-quote-verifier.feature&quot;">E   pytest_bdd.exceptions.StepDefinitionNotFoundError: Step definition is not found: Given "a Player response contains three quoted phrases all of which appear verbatim only in secondary chunks". Line 245 in scenario "Multiple secondary-only quotes in a single response are all rewritten, not just the first" in the feature "/home/richardwoollcott/Projects/appmilla_github/study-tutor/.guardkit/worktrees/FEAT-70A4/features/primary-text-rag-and-quote-verifier/primary-text-rag-and-quote-verifier.feature"
All traceback entries are hidden. Pass `--full-trace` to see hidden and internal frames.</failure></testcase><testcase classname="features.primary-text-rag-and-quote-verifier.test_primary_text_rag_and_quote_verifier" name="test_a_quoted_span_matching_both_primary_and_secondary_chunks_is_treated_as_a_primarytext_match" time="0.000"><failure message="pytest_bdd.exceptions.StepDefinitionNotFoundError: Step definition is not found: Given &quot;a Player response contains a quoted span that appears verbatim in both a primary-text chunk and a secondary chunk&quot;. Line 278 in scenario &quot;A quoted span matching both primary and secondary chunks is treated as a primary-text match&quot; in the feature &quot;/home/richardwoollcott/Projects/appmilla_github/study-tutor/.guardkit/worktrees/FEAT-70A4/features/primary-text-rag-and-quote-verifier/primary-text-rag-and-quote-verifier.feature&quot;">E   pytest_bdd.exceptions.StepDefinitionNotFoundError: Step definition is not found: Given "a Player response contains a quoted span that appears verbatim in both a primary-text chunk and a secondary chunk". Line 278 in scenario "A quoted span matching both primary and secondary chunks is treated as a primary-text match" in the feature "/home/richardwoollcott/Projects/appmilla_github/study-tutor/.guardkit/worktrees/FEAT-70A4/features/primary-text-rag-and-quote-verifier/primary-text-rag-and-quote-verifier.feature"
All traceback entries are hidden. Pass `--full-trace` to see hidden and internal frames.</failure></testcase><testcase classname="features.primary-text-rag-and-quote-verifier.test_primary_text_rag_and_quote_verifier" name="test_a_quoted_span_that_differs_from_the_primarytext_only_in_whitespace_or_punctuation_matches_successfully" time="0.000"><failure message="pytest_bdd.exceptions.StepDefinitionNotFoundError: Step definition is not found: Given &quot;a Player response contains a quoted span that matches a primary-text passage in word sequence but differs in whitespace and punctuation&quot;. Line 288 in scenario &quot;A quoted span that differs from the primary-text only in whitespace or punctuation matches successfully&quot; in the feature &quot;/home/richardwoollcott/Projects/appmilla_github/study-tutor/.guardkit/worktrees/FEAT-70A4/features/primary-text-rag-and-quote-verifier/primary-text-rag-and-quote-verifier.feature&quot;">E   pytest_bdd.exceptions.StepDefinitionNotFoundError: Step definition is not found: Given "a Player response contains a quoted span that matches a primary-text passage in word sequence but differs in whitespace and punctuation". Line 288 in scenario "A quoted span that differs from the primary-text only in whitespace or punctuation matches successfully" in the feature "/home/richardwoollcott/Projects/appmilla_github/study-tutor/.guardkit/worktrees/FEAT-70A4/features/primary-text-rag-and-quote-verifier/primary-text-rag-and-quote-verifier.feature"
All traceback entries are hidden. Pass `--full-trace` to see hidden and internal frames.</failure></testcase><testcase classname="features.primary-text-rag-and-quote-verifier.test_primary_text_rag_and_quote_verifier" name="test_a_player_response_that_quotes_an_entire_long_passage_is_reduced_to_a_short_embedded_quotation" time="0.000"><failure message="pytest_bdd.exceptions.StepDefinitionNotFoundError: Step definition is not found: Given &quot;a Player response contains a verbatim primary-text quotation longer than a short evidence span&quot;. Line 298 in scenario &quot;A Player response that quotes an entire long passage is reduced to a short embedded quotation&quot; in the feature &quot;/home/richardwoollcott/Projects/appmilla_github/study-tutor/.guardkit/worktrees/FEAT-70A4/features/primary-text-rag-and-quote-verifier/primary-text-rag-and-quote-verifier.feature&quot;">E   pytest_bdd.exceptions.StepDefinitionNotFoundError: Step definition is not found: Given "a Player response contains a verbatim primary-text quotation longer than a short evidence span". Line 298 in scenario "A Player response that quotes an entire long passage is reduced to a short embedded quotation" in the feature "/home/richardwoollcott/Projects/appmilla_github/study-tutor/.guardkit/worktrees/FEAT-70A4/features/primary-text-rag-and-quote-verifier/primary-text-rag-and-quote-verifier.feature"
All traceback entries are hidden. Pass `--full-trace` to see hidden and internal frames.</failure></testcase><testcase classname="features.primary-text-rag-and-quote-verifier.test_primary_text_rag_and_quote_verifier" name="test_two_simultaneous_quoteverification_calls_on_different_responses_produce_independent_results" time="0.000"><failure message="pytest_bdd.exceptions.StepDefinitionNotFoundError: Step definition is not found: Given &quot;two Player responses are submitted to the verifier at the same time&quot;. Line 327 in scenario &quot;Two simultaneous quote-verification calls on different responses produce independent results&quot; in the feature &quot;/home/richardwoollcott/Projects/appmilla_github/study-tutor/.guardkit/worktrees/FEAT-70A4/features/primary-text-rag-and-quote-verifier/primary-text-rag-and-quote-verifier.feature&quot;">E   pytest_bdd.exceptions.StepDefinitionNotFoundError: Step definition is not found: Given "two Player responses are submitted to the verifier at the same time". Line 327 in scenario "Two simultaneous quote-verification calls on different responses produce independent results" in the feature "/home/richardwoollcott/Projects/appmilla_github/study-tutor/.guardkit/worktrees/FEAT-70A4/features/primary-text-rag-and-quote-verifier/primary-text-rag-and-quote-verifier.feature"
All traceback entries are hidden. Pass `--full-trace` to see hidden and internal frames.</failure></testcase><testcase classname="features.primary-text-rag-and-quote-verifier.test_primary_text_rag_and_quote_verifier" name="test_instructionlike_text_inside_a_corpus_chunk_is_treated_as_data_and_does_not_steer_the_verifier" time="0.000"><failure message="pytest_bdd.exceptions.StepDefinitionNotFoundError: Step definition is not found: Given &quot;a primary-text chunk happens to contain phrasing that resembles an instruction to an AI agent&quot;. Line 363 in scenario &quot;Instruction-like text inside a corpus chunk is treated as data and does not steer the verifier&quot; in the feature &quot;/home/richardwoollcott/Projects/appmilla_github/study-tutor/.guardkit/worktrees/FEAT-70A4/features/primary-text-rag-and-quote-verifier/primary-text-rag-and-quote-verifier.feature&quot;">E   pytest_bdd.exceptions.StepDefinitionNotFoundError: Step definition is not found: Given "a primary-text chunk happens to contain phrasing that resembles an instruction to an AI agent". Line 363 in scenario "Instruction-like text inside a corpus chunk is treated as data and does not steer the verifier" in the feature "/home/richardwoollcott/Projects/appmilla_github/study-tutor/.guardkit/worktrees/FEAT-70A4/features/primary-text-rag-and-quote-verifier/primary-text-rag-and-quote-verifier.feature"
All traceback entries are hidden. Pass `--full-trace` to see hidden and internal frames.</failure></testcase><testcase classname="features.primary-text-rag-and-quote-verifier.test_primary_text_rag_and_quote_verifier" name="test_a_quoted_span_belonging_to_a_different_primary_text_than_the_session_is_on_is_not_annotated_with_the_session_texts_citation" time="0.000"><failure message="pytest_bdd.exceptions.StepDefinitionNotFoundError: Step definition is not found: Given &quot;the corpus also contains a different primary text&quot;. Line 376 in scenario &quot;A quoted span belonging to a different primary text than the session is on is not annotated with the session text's citation&quot; in the feature &quot;/home/richardwoollcott/Projects/appmilla_github/study-tutor/.guardkit/worktrees/FEAT-70A4/features/primary-text-rag-and-quote-verifier/primary-text-rag-and-quote-verifier.feature&quot;">E   pytest_bdd.exceptions.StepDefinitionNotFoundError: Step definition is not found: Given "the corpus also contains a different primary text". Line 376 in scenario "A quoted span belonging to a different primary text than the session is on is not annotated with the session text's citation" in the feature "/home/richardwoollcott/Projects/appmilla_github/study-tutor/.guardkit/worktrees/FEAT-70A4/features/primary-text-rag-and-quote-verifier/primary-text-rag-and-quote-verifier.feature"
All traceback entries are hidden. Pass `--full-trace` to see hidden and internal frames.</failure></testcase><testcase classname="features.primary-text-rag-and-quote-verifier.test_primary_text_rag_and_quote_verifier" name="test_the_verifier_reads_canonical_citation_anchors_directly_from_the_matched_chunks_metadata" time="0.000"><failure message="pytest_bdd.exceptions.StepDefinitionNotFoundError: Step definition is not found: Given &quot;a primary-text chunk carries structured citation-anchor metadata&quot;. Line 410 in scenario &quot;The verifier reads canonical citation anchors directly from the matched chunk's metadata&quot; in the feature &quot;/home/richardwoollcott/Projects/appmilla_github/study-tutor/.guardkit/worktrees/FEAT-70A4/features/primary-text-rag-and-quote-verifier/primary-text-rag-and-quote-verifier.feature&quot;">E   pytest_bdd.exceptions.StepDefinitionNotFoundError: Step definition is not found: Given "a primary-text chunk carries structured citation-anchor metadata". Line 410 in scenario "The verifier reads canonical citation anchors directly from the matched chunk's metadata" in the feature "/home/richardwoollcott/Projects/appmilla_github/study-tutor/.guardkit/worktrees/FEAT-70A4/features/primary-text-rag-and-quote-verifier/primary-text-rag-and-quote-verifier.feature"
All traceback entries are hidden. Pass `--full-trace` to see hidden and internal frames.</failure></testcase><testcase classname="features.primary-text-rag-and-quote-verifier.test_primary_text_rag_and_quote_verifier" name="test_a_play_and_a_novel_coexist_in_the_corpus_and_produce_citations_in_their_respective_conventions" time="0.000"><failure message="pytest_bdd.exceptions.StepDefinitionNotFoundError: Step definition is not found: Given &quot;the corpus contains a play and a 19th-century novel as primary texts&quot;. Line 420 in scenario &quot;A play and a novel coexist in the corpus and produce citations in their respective conventions&quot; in the feature &quot;/home/richardwoollcott/Projects/appmilla_github/study-tutor/.guardkit/worktrees/FEAT-70A4/features/primary-text-rag-and-quote-verifier/primary-text-rag-and-quote-verifier.feature&quot;">E   pytest_bdd.exceptions.StepDefinitionNotFoundError: Step definition is not found: Given "the corpus contains a play and a 19th-century novel as primary texts". Line 420 in scenario "A play and a novel coexist in the corpus and produce citations in their respective conventions" in the feature "/home/richardwoollcott/Projects/appmilla_github/study-tutor/.guardkit/worktrees/FEAT-70A4/features/primary-text-rag-and-quote-verifier/primary-text-rag-and-quote-verifier.feature"
All traceback entries are hidden. Pass `--full-trace` to see hidden and internal frames.</failure></testcase></testsuite></testsuites>