<?xml version="1.0" encoding="utf-8"?><testsuites name="pytest tests"><testsuite name="pytest" errors="0" failures="13" skipped="0" tests="13" time="0.091" timestamp="2026-05-06T12:29:16.589567+01:00" hostname="Richards-MBP"><testcase classname="features.mcp-llm-player-coach-adapters.test_mcp_llm_player_coach_adapters" name="test_the_coach_adapter_returns_a_fullyshaped_verdict_for_a_valid_response" time="0.029"><failure message="pytest_bdd.exceptions.StepDefinitionNotFoundError: Step definition is not found: Given &quot;an LLMCoachAdapter configured against the Coach LLM provider&quot;. Line 83 in scenario &quot;The Coach adapter returns a fully-shaped verdict for a valid response&quot; in the feature &quot;/Users/richardwoollcott/Projects/appmilla_github/study-tutor/.guardkit/worktrees/FEAT-6CC5/features/mcp-llm-player-coach-adapters/mcp-llm-player-coach-adapters.feature&quot;">E   pytest_bdd.exceptions.StepDefinitionNotFoundError: Step definition is not found: Given "an LLMCoachAdapter configured against the Coach LLM provider". Line 83 in scenario "The Coach adapter returns a fully-shaped verdict for a valid response" in the feature "/Users/richardwoollcott/Projects/appmilla_github/study-tutor/.guardkit/worktrees/FEAT-6CC5/features/mcp-llm-player-coach-adapters/mcp-llm-player-coach-adapters.feature"
All traceback entries are hidden. Pass `--full-trace` to see hidden and internal frames.</failure></testcase><testcase classname="features.mcp-llm-player-coach-adapters.test_mcp_llm_player_coach_adapters" name="test_percriterion_scores_at_and_inside_the_clamp_boundary_are_accepted[0.0-0.0]" time="0.001"><failure message="pytest_bdd.exceptions.StepDefinitionNotFoundError: Step definition is not found: Given &quot;an LLMCoachAdapter and a Coach LLM that emits valid per-criterion JSON&quot;. Line 117 in scenario &quot;Per-criterion scores at and inside the clamp boundary are accepted&quot; in the feature &quot;/Users/richardwoollcott/Projects/appmilla_github/study-tutor/.guardkit/worktrees/FEAT-6CC5/features/mcp-llm-player-coach-adapters/mcp-llm-player-coach-adapters.feature&quot;">E   pytest_bdd.exceptions.StepDefinitionNotFoundError: Step definition is not found: Given "an LLMCoachAdapter and a Coach LLM that emits valid per-criterion JSON". Line 117 in scenario "Per-criterion scores at and inside the clamp boundary are accepted" in the feature "/Users/richardwoollcott/Projects/appmilla_github/study-tutor/.guardkit/worktrees/FEAT-6CC5/features/mcp-llm-player-coach-adapters/mcp-llm-player-coach-adapters.feature"
All traceback entries are hidden. Pass `--full-trace` to see hidden and internal frames.</failure></testcase><testcase classname="features.mcp-llm-player-coach-adapters.test_mcp_llm_player_coach_adapters" name="test_percriterion_scores_at_and_inside_the_clamp_boundary_are_accepted[0.001-0.001]" time="0.001"><failure message="pytest_bdd.exceptions.StepDefinitionNotFoundError: Step definition is not found: Given &quot;an LLMCoachAdapter and a Coach LLM that emits valid per-criterion JSON&quot;. Line 117 in scenario &quot;Per-criterion scores at and inside the clamp boundary are accepted&quot; in the feature &quot;/Users/richardwoollcott/Projects/appmilla_github/study-tutor/.guardkit/worktrees/FEAT-6CC5/features/mcp-llm-player-coach-adapters/mcp-llm-player-coach-adapters.feature&quot;">E   pytest_bdd.exceptions.StepDefinitionNotFoundError: Step definition is not found: Given "an LLMCoachAdapter and a Coach LLM that emits valid per-criterion JSON". Line 117 in scenario "Per-criterion scores at and inside the clamp boundary are accepted" in the feature "/Users/richardwoollcott/Projects/appmilla_github/study-tutor/.guardkit/worktrees/FEAT-6CC5/features/mcp-llm-player-coach-adapters/mcp-llm-player-coach-adapters.feature"
All traceback entries are hidden. Pass `--full-trace` to see hidden and internal frames.</failure></testcase><testcase classname="features.mcp-llm-player-coach-adapters.test_mcp_llm_player_coach_adapters" name="test_percriterion_scores_at_and_inside_the_clamp_boundary_are_accepted[0.5-0.5]" time="0.001"><failure message="pytest_bdd.exceptions.StepDefinitionNotFoundError: Step definition is not found: Given &quot;an LLMCoachAdapter and a Coach LLM that emits valid per-criterion JSON&quot;. Line 117 in scenario &quot;Per-criterion scores at and inside the clamp boundary are accepted&quot; in the feature &quot;/Users/richardwoollcott/Projects/appmilla_github/study-tutor/.guardkit/worktrees/FEAT-6CC5/features/mcp-llm-player-coach-adapters/mcp-llm-player-coach-adapters.feature&quot;">E   pytest_bdd.exceptions.StepDefinitionNotFoundError: Step definition is not found: Given "an LLMCoachAdapter and a Coach LLM that emits valid per-criterion JSON". Line 117 in scenario "Per-criterion scores at and inside the clamp boundary are accepted" in the feature "/Users/richardwoollcott/Projects/appmilla_github/study-tutor/.guardkit/worktrees/FEAT-6CC5/features/mcp-llm-player-coach-adapters/mcp-llm-player-coach-adapters.feature"
All traceback entries are hidden. Pass `--full-trace` to see hidden and internal frames.</failure></testcase><testcase classname="features.mcp-llm-player-coach-adapters.test_mcp_llm_player_coach_adapters" name="test_percriterion_scores_at_and_inside_the_clamp_boundary_are_accepted[0.999-0.999]" time="0.001"><failure message="pytest_bdd.exceptions.StepDefinitionNotFoundError: Step definition is not found: Given &quot;an LLMCoachAdapter and a Coach LLM that emits valid per-criterion JSON&quot;. Line 117 in scenario &quot;Per-criterion scores at and inside the clamp boundary are accepted&quot; in the feature &quot;/Users/richardwoollcott/Projects/appmilla_github/study-tutor/.guardkit/worktrees/FEAT-6CC5/features/mcp-llm-player-coach-adapters/mcp-llm-player-coach-adapters.feature&quot;">E   pytest_bdd.exceptions.StepDefinitionNotFoundError: Step definition is not found: Given "an LLMCoachAdapter and a Coach LLM that emits valid per-criterion JSON". Line 117 in scenario "Per-criterion scores at and inside the clamp boundary are accepted" in the feature "/Users/richardwoollcott/Projects/appmilla_github/study-tutor/.guardkit/worktrees/FEAT-6CC5/features/mcp-llm-player-coach-adapters/mcp-llm-player-coach-adapters.feature"
All traceback entries are hidden. Pass `--full-trace` to see hidden and internal frames.</failure></testcase><testcase classname="features.mcp-llm-player-coach-adapters.test_mcp_llm_player_coach_adapters" name="test_percriterion_scores_at_and_inside_the_clamp_boundary_are_accepted[1.0-1.0]" time="0.001"><failure message="pytest_bdd.exceptions.StepDefinitionNotFoundError: Step definition is not found: Given &quot;an LLMCoachAdapter and a Coach LLM that emits valid per-criterion JSON&quot;. Line 117 in scenario &quot;Per-criterion scores at and inside the clamp boundary are accepted&quot; in the feature &quot;/Users/richardwoollcott/Projects/appmilla_github/study-tutor/.guardkit/worktrees/FEAT-6CC5/features/mcp-llm-player-coach-adapters/mcp-llm-player-coach-adapters.feature&quot;">E   pytest_bdd.exceptions.StepDefinitionNotFoundError: Step definition is not found: Given "an LLMCoachAdapter and a Coach LLM that emits valid per-criterion JSON". Line 117 in scenario "Per-criterion scores at and inside the clamp boundary are accepted" in the feature "/Users/richardwoollcott/Projects/appmilla_github/study-tutor/.guardkit/worktrees/FEAT-6CC5/features/mcp-llm-player-coach-adapters/mcp-llm-player-coach-adapters.feature"
All traceback entries are hidden. Pass `--full-trace` to see hidden and internal frames.</failure></testcase><testcase classname="features.mcp-llm-player-coach-adapters.test_mcp_llm_player_coach_adapters" name="test_percriterion_scores_outside_the_clamp_boundary_are_clamped[-0.1-0.0]" time="0.001"><failure message="pytest_bdd.exceptions.StepDefinitionNotFoundError: Step definition is not found: Given &quot;an LLMCoachAdapter and a Coach LLM that emits valid JSON shape&quot;. Line 135 in scenario &quot;Per-criterion scores outside the clamp boundary are clamped&quot; in the feature &quot;/Users/richardwoollcott/Projects/appmilla_github/study-tutor/.guardkit/worktrees/FEAT-6CC5/features/mcp-llm-player-coach-adapters/mcp-llm-player-coach-adapters.feature&quot;">E   pytest_bdd.exceptions.StepDefinitionNotFoundError: Step definition is not found: Given "an LLMCoachAdapter and a Coach LLM that emits valid JSON shape". Line 135 in scenario "Per-criterion scores outside the clamp boundary are clamped" in the feature "/Users/richardwoollcott/Projects/appmilla_github/study-tutor/.guardkit/worktrees/FEAT-6CC5/features/mcp-llm-player-coach-adapters/mcp-llm-player-coach-adapters.feature"
All traceback entries are hidden. Pass `--full-trace` to see hidden and internal frames.</failure></testcase><testcase classname="features.mcp-llm-player-coach-adapters.test_mcp_llm_player_coach_adapters" name="test_percriterion_scores_outside_the_clamp_boundary_are_clamped[1.1-1.0]" time="0.001"><failure message="pytest_bdd.exceptions.StepDefinitionNotFoundError: Step definition is not found: Given &quot;an LLMCoachAdapter and a Coach LLM that emits valid JSON shape&quot;. Line 135 in scenario &quot;Per-criterion scores outside the clamp boundary are clamped&quot; in the feature &quot;/Users/richardwoollcott/Projects/appmilla_github/study-tutor/.guardkit/worktrees/FEAT-6CC5/features/mcp-llm-player-coach-adapters/mcp-llm-player-coach-adapters.feature&quot;">E   pytest_bdd.exceptions.StepDefinitionNotFoundError: Step definition is not found: Given "an LLMCoachAdapter and a Coach LLM that emits valid JSON shape". Line 135 in scenario "Per-criterion scores outside the clamp boundary are clamped" in the feature "/Users/richardwoollcott/Projects/appmilla_github/study-tutor/.guardkit/worktrees/FEAT-6CC5/features/mcp-llm-player-coach-adapters/mcp-llm-player-coach-adapters.feature"
All traceback entries are hidden. Pass `--full-trace` to see hidden and internal frames.</failure></testcase><testcase classname="features.mcp-llm-player-coach-adapters.test_mcp_llm_player_coach_adapters" name="test_a_nonjson_coach_llm_response_routes_the_turn_to_fallback" time="0.000"><failure message="pytest_bdd.exceptions.StepDefinitionNotFoundError: Step definition is not found: Given &quot;an LLMCoachAdapter and a Coach LLM that returns a non-JSON string&quot;. Line 203 in scenario &quot;A non-JSON Coach LLM response routes the turn to fallback&quot; in the feature &quot;/Users/richardwoollcott/Projects/appmilla_github/study-tutor/.guardkit/worktrees/FEAT-6CC5/features/mcp-llm-player-coach-adapters/mcp-llm-player-coach-adapters.feature&quot;">E   pytest_bdd.exceptions.StepDefinitionNotFoundError: Step definition is not found: Given "an LLMCoachAdapter and a Coach LLM that returns a non-JSON string". Line 203 in scenario "A non-JSON Coach LLM response routes the turn to fallback" in the feature "/Users/richardwoollcott/Projects/appmilla_github/study-tutor/.guardkit/worktrees/FEAT-6CC5/features/mcp-llm-player-coach-adapters/mcp-llm-player-coach-adapters.feature"
All traceback entries are hidden. Pass `--full-trace` to see hidden and internal frames.</failure></testcase><testcase classname="features.mcp-llm-player-coach-adapters.test_mcp_llm_player_coach_adapters" name="test_coach_json_missing_required_criteria_routes_the_turn_to_fallback" time="0.000"><failure message="pytest_bdd.exceptions.StepDefinitionNotFoundError: Step definition is not found: Given &quot;an LLMCoachAdapter and a Coach LLM that returns JSON missing one of the six rubric criteria&quot;. Line 214 in scenario &quot;Coach JSON missing required criteria routes the turn to fallback&quot; in the feature &quot;/Users/richardwoollcott/Projects/appmilla_github/study-tutor/.guardkit/worktrees/FEAT-6CC5/features/mcp-llm-player-coach-adapters/mcp-llm-player-coach-adapters.feature&quot;">E   pytest_bdd.exceptions.StepDefinitionNotFoundError: Step definition is not found: Given "an LLMCoachAdapter and a Coach LLM that returns JSON missing one of the six rubric criteria". Line 214 in scenario "Coach JSON missing required criteria routes the turn to fallback" in the feature "/Users/richardwoollcott/Projects/appmilla_github/study-tutor/.guardkit/worktrees/FEAT-6CC5/features/mcp-llm-player-coach-adapters/mcp-llm-player-coach-adapters.feature"
All traceback entries are hidden. Pass `--full-trace` to see hidden and internal frames.</failure></testcase><testcase classname="features.mcp-llm-player-coach-adapters.test_mcp_llm_player_coach_adapters" name="test_a_coach_transport_failure_routes_the_turn_to_the_unevaluated_fallback" time="0.000"><failure message="pytest_bdd.exceptions.StepDefinitionNotFoundError: Step definition is not found: Given &quot;an LLMCoachAdapter and a Coach LLM that raises a transport error&quot;. Line 251 in scenario &quot;A Coach transport failure routes the turn to the unevaluated fallback&quot; in the feature &quot;/Users/richardwoollcott/Projects/appmilla_github/study-tutor/.guardkit/worktrees/FEAT-6CC5/features/mcp-llm-player-coach-adapters/mcp-llm-player-coach-adapters.feature&quot;">E   pytest_bdd.exceptions.StepDefinitionNotFoundError: Step definition is not found: Given "an LLMCoachAdapter and a Coach LLM that raises a transport error". Line 251 in scenario "A Coach transport failure routes the turn to the unevaluated fallback" in the feature "/Users/richardwoollcott/Projects/appmilla_github/study-tutor/.guardkit/worktrees/FEAT-6CC5/features/mcp-llm-player-coach-adapters/mcp-llm-player-coach-adapters.feature"
All traceback entries are hidden. Pass `--full-trace` to see hidden and internal frames.</failure></testcase><testcase classname="features.mcp-llm-player-coach-adapters.test_mcp_llm_player_coach_adapters" name="test_concurrent_coach_evaluations_construct_independent_llm_clients" time="0.000"><failure message="pytest_bdd.exceptions.StepDefinitionNotFoundError: Step definition is not found: Given &quot;two orchestrators are evaluating two different Player responses at the same time&quot;. Line 317 in scenario &quot;Concurrent Coach evaluations construct independent LLM clients&quot; in the feature &quot;/Users/richardwoollcott/Projects/appmilla_github/study-tutor/.guardkit/worktrees/FEAT-6CC5/features/mcp-llm-player-coach-adapters/mcp-llm-player-coach-adapters.feature&quot;">E   pytest_bdd.exceptions.StepDefinitionNotFoundError: Step definition is not found: Given "two orchestrators are evaluating two different Player responses at the same time". Line 317 in scenario "Concurrent Coach evaluations construct independent LLM clients" in the feature "/Users/richardwoollcott/Projects/appmilla_github/study-tutor/.guardkit/worktrees/FEAT-6CC5/features/mcp-llm-player-coach-adapters/mcp-llm-player-coach-adapters.feature"
All traceback entries are hidden. Pass `--full-trace` to see hidden and internal frames.</failure></testcase><testcase classname="features.mcp-llm-player-coach-adapters.test_mcp_llm_player_coach_adapters" name="test_coach_json_with_extra_unknown_criteria_is_accepted_with_the_extras_ignored" time="0.000"><failure message="pytest_bdd.exceptions.StepDefinitionNotFoundError: Step definition is not found: Given &quot;the Coach LLM returns JSON containing the six Phase-1 rubric criteria plus an additional unknown criterion &quot;vibes_alignment&quot;&quot;. Line 334 in scenario &quot;Coach JSON with extra unknown criteria is accepted with the extras ignored&quot; in the feature &quot;/Users/richardwoollcott/Projects/appmilla_github/study-tutor/.guardkit/worktrees/FEAT-6CC5/features/mcp-llm-player-coach-adapters/mcp-llm-player-coach-adapters.feature&quot;">E   pytest_bdd.exceptions.StepDefinitionNotFoundError: Step definition is not found: Given "the Coach LLM returns JSON containing the six Phase-1 rubric criteria plus an additional unknown criterion "vibes_alignment"". Line 334 in scenario "Coach JSON with extra unknown criteria is accepted with the extras ignored" in the feature "/Users/richardwoollcott/Projects/appmilla_github/study-tutor/.guardkit/worktrees/FEAT-6CC5/features/mcp-llm-player-coach-adapters/mcp-llm-player-coach-adapters.feature"
All traceback entries are hidden. Pass `--full-trace` to see hidden and internal frames.</failure></testcase></testsuite></testsuites>