<?xml version="1.0" encoding="utf-8"?><testsuites name="pytest tests"><testsuite name="pytest" errors="0" failures="4" skipped="0" tests="4" time="0.082" timestamp="2026-05-06T12:23:10.980458+01:00" hostname="Richards-MBP"><testcase classname="features.mcp-llm-player-coach-adapters.test_mcp_llm_player_coach_adapters" name="test_the_mcp_server_refuses_to_boot_when_player_and_coach_share_a_provider" time="0.030"><failure message="pytest_bdd.exceptions.StepDefinitionNotFoundError: Step definition is not found: Given &quot;AGENT_MODELS__REASONING_MODEL and AGENT_MODELS__COACH_MODEL both resolve to the same provider&quot;. Line 180 in scenario &quot;The MCP server refuses to boot when Player and Coach share a provider&quot; in the feature &quot;/Users/richardwoollcott/Projects/appmilla_github/study-tutor/.guardkit/worktrees/FEAT-6CC5/features/mcp-llm-player-coach-adapters/mcp-llm-player-coach-adapters.feature&quot;">E   pytest_bdd.exceptions.StepDefinitionNotFoundError: Step definition is not found: Given "AGENT_MODELS__REASONING_MODEL and AGENT_MODELS__COACH_MODEL both resolve to the same provider". Line 180 in scenario "The MCP server refuses to boot when Player and Coach share a provider" in the feature "/Users/richardwoollcott/Projects/appmilla_github/study-tutor/.guardkit/worktrees/FEAT-6CC5/features/mcp-llm-player-coach-adapters/mcp-llm-player-coach-adapters.feature"
All traceback entries are hidden. Pass `--full-trace` to see hidden and internal frames.</failure></testcase><testcase classname="features.mcp-llm-player-coach-adapters.test_mcp_llm_player_coach_adapters" name="test_the_coach_default_model_raises_when_the_env_var_is_unset" time="0.001"><failure message="pytest_bdd.exceptions.StepDefinitionNotFoundError: Step definition is not found: Given &quot;AGENT_MODELS__COACH_MODEL is not set in the environment&quot;. Line 193 in scenario &quot;The Coach default model raises when the env var is unset&quot; in the feature &quot;/Users/richardwoollcott/Projects/appmilla_github/study-tutor/.guardkit/worktrees/FEAT-6CC5/features/mcp-llm-player-coach-adapters/mcp-llm-player-coach-adapters.feature&quot;">E   pytest_bdd.exceptions.StepDefinitionNotFoundError: Step definition is not found: Given "AGENT_MODELS__COACH_MODEL is not set in the environment". Line 193 in scenario "The Coach default model raises when the env var is unset" in the feature "/Users/richardwoollcott/Projects/appmilla_github/study-tutor/.guardkit/worktrees/FEAT-6CC5/features/mcp-llm-player-coach-adapters/mcp-llm-player-coach-adapters.feature"
All traceback entries are hidden. Pass `--full-trace` to see hidden and internal frames.</failure></testcase><testcase classname="features.mcp-llm-player-coach-adapters.test_mcp_llm_player_coach_adapters" name="test_an_orchestrator_factory_failure_during_boot_prevents_server_startup" time="0.000"><failure message="pytest_bdd.exceptions.StepDefinitionNotFoundError: Step definition is not found: Given &quot;an orchestrator_factory that raises OrchestratorConfigurationError when invoked&quot;. Line 275 in scenario &quot;An orchestrator_factory failure during boot prevents server startup&quot; in the feature &quot;/Users/richardwoollcott/Projects/appmilla_github/study-tutor/.guardkit/worktrees/FEAT-6CC5/features/mcp-llm-player-coach-adapters/mcp-llm-player-coach-adapters.feature&quot;">E   pytest_bdd.exceptions.StepDefinitionNotFoundError: Step definition is not found: Given "an orchestrator_factory that raises OrchestratorConfigurationError when invoked". Line 275 in scenario "An orchestrator_factory failure during boot prevents server startup" in the feature "/Users/richardwoollcott/Projects/appmilla_github/study-tutor/.guardkit/worktrees/FEAT-6CC5/features/mcp-llm-player-coach-adapters/mcp-llm-player-coach-adapters.feature"
All traceback entries are hidden. Pass `--full-trace` to see hidden and internal frames.</failure></testcase><testcase classname="features.mcp-llm-player-coach-adapters.test_mcp_llm_player_coach_adapters" name="test_env_var_rotation_postboot_does_not_change_the_resolved_coach_provider" time="0.000"><failure message="pytest_bdd.exceptions.StepDefinitionNotFoundError: Step definition is not found: Given &quot;the MCP server has booted with AGENT_MODELS__COACH_MODEL set to provider X&quot;. Line 361 in scenario &quot;Env var rotation post-boot does not change the resolved Coach provider&quot; in the feature &quot;/Users/richardwoollcott/Projects/appmilla_github/study-tutor/.guardkit/worktrees/FEAT-6CC5/features/mcp-llm-player-coach-adapters/mcp-llm-player-coach-adapters.feature&quot;">E   pytest_bdd.exceptions.StepDefinitionNotFoundError: Step definition is not found: Given "the MCP server has booted with AGENT_MODELS__COACH_MODEL set to provider X". Line 361 in scenario "Env var rotation post-boot does not change the resolved Coach provider" in the feature "/Users/richardwoollcott/Projects/appmilla_github/study-tutor/.guardkit/worktrees/FEAT-6CC5/features/mcp-llm-player-coach-adapters/mcp-llm-player-coach-adapters.feature"
All traceback entries are hidden. Pass `--full-trace` to see hidden and internal frames.</failure></testcase></testsuite></testsuites>