<?xml version="1.0" encoding="utf-8"?><testsuites name="pytest tests"><testsuite name="pytest" errors="0" failures="1" skipped="0" tests="1" time="0.032" timestamp="2026-04-30T21:33:25.432176+01:00" hostname="promaxgb10-41b1"><testcase classname="features.primary-text-rag-and-quote-verifier.test_primary_text_rag_and_quote_verifier" name="test_the_coach_evaluates_the_verifierrewritten_response_not_the_original_player_response" time="0.001"><failure message="pytest_bdd.exceptions.StepDefinitionNotFoundError: Step definition is not found: Given &quot;a Player response contains one fabricated quotation and one verbatim primary-text quotation&quot;. Line 387 in scenario &quot;The Coach evaluates the verifier-rewritten response, not the original Player response&quot; in the feature &quot;/home/richardwoollcott/Projects/appmilla_github/study-tutor/.guardkit/worktrees/FEAT-70A4/features/primary-text-rag-and-quote-verifier/primary-text-rag-and-quote-verifier.feature&quot;">E   pytest_bdd.exceptions.StepDefinitionNotFoundError: Step definition is not found: Given "a Player response contains one fabricated quotation and one verbatim primary-text quotation". Line 387 in scenario "The Coach evaluates the verifier-rewritten response, not the original Player response" in the feature "/home/richardwoollcott/Projects/appmilla_github/study-tutor/.guardkit/worktrees/FEAT-70A4/features/primary-text-rag-and-quote-verifier/primary-text-rag-and-quote-verifier.feature"
All traceback entries are hidden. Pass `--full-trace` to see hidden and internal frames.</failure></testcase></testsuite></testsuites>