<?xml version="1.0" encoding="utf-8"?><testsuites name="pytest tests"><testsuite name="pytest" errors="0" failures="4" skipped="0" tests="4" time="0.797" timestamp="2026-05-08T23:54:49.318888+01:00" hostname="Mac"><testcase classname="features.nats-fleet-integration.test_nats_fleet_integration" name="test_a_canonical_command_roundtrips_through_the_nats_adapter_to_the_tutor_business_logic[start_session]" time="0.023"><failure message="pytest_bdd.exceptions.StepDefinitionNotFoundError: Step definition is not found: When &quot;jarvis dispatches a &quot;start_session&quot; command for this tutor&quot;. Line 53 in scenario &quot;A canonical command round-trips through the NATS adapter to the tutor business logic&quot; in the feature &quot;/Users/richardwoollcott/Projects/appmilla_github/study-tutor/.guardkit/worktrees/FEAT-39E1/features/nats-fleet-integration/nats-fleet-integration.feature&quot;">E   pytest_bdd.exceptions.StepDefinitionNotFoundError: Step definition is not found: When "jarvis dispatches a "start_session" command for this tutor". Line 53 in scenario "A canonical command round-trips through the NATS adapter to the tutor business logic" in the feature "/Users/richardwoollcott/Projects/appmilla_github/study-tutor/.guardkit/worktrees/FEAT-39E1/features/nats-fleet-integration/nats-fleet-integration.feature"
All traceback entries are hidden. Pass `--full-trace` to see hidden and internal frames.</failure></testcase><testcase classname="features.nats-fleet-integration.test_nats_fleet_integration" name="test_a_canonical_command_roundtrips_through_the_nats_adapter_to_the_tutor_business_logic[tutor_turn]" time="0.001"><failure message="pytest_bdd.exceptions.StepDefinitionNotFoundError: Step definition is not found: When &quot;jarvis dispatches a &quot;tutor_turn&quot; command for this tutor&quot;. Line 53 in scenario &quot;A canonical command round-trips through the NATS adapter to the tutor business logic&quot; in the feature &quot;/Users/richardwoollcott/Projects/appmilla_github/study-tutor/.guardkit/worktrees/FEAT-39E1/features/nats-fleet-integration/nats-fleet-integration.feature&quot;">E   pytest_bdd.exceptions.StepDefinitionNotFoundError: Step definition is not found: When "jarvis dispatches a "tutor_turn" command for this tutor". Line 53 in scenario "A canonical command round-trips through the NATS adapter to the tutor business logic" in the feature "/Users/richardwoollcott/Projects/appmilla_github/study-tutor/.guardkit/worktrees/FEAT-39E1/features/nats-fleet-integration/nats-fleet-integration.feature"
All traceback entries are hidden. Pass `--full-trace` to see hidden and internal frames.</failure></testcase><testcase classname="features.nats-fleet-integration.test_nats_fleet_integration" name="test_a_canonical_command_roundtrips_through_the_nats_adapter_to_the_tutor_business_logic[session_status]" time="0.001"><failure message="pytest_bdd.exceptions.StepDefinitionNotFoundError: Step definition is not found: When &quot;jarvis dispatches a &quot;session_status&quot; command for this tutor&quot;. Line 53 in scenario &quot;A canonical command round-trips through the NATS adapter to the tutor business logic&quot; in the feature &quot;/Users/richardwoollcott/Projects/appmilla_github/study-tutor/.guardkit/worktrees/FEAT-39E1/features/nats-fleet-integration/nats-fleet-integration.feature&quot;">E   pytest_bdd.exceptions.StepDefinitionNotFoundError: Step definition is not found: When "jarvis dispatches a "session_status" command for this tutor". Line 53 in scenario "A canonical command round-trips through the NATS adapter to the tutor business logic" in the feature "/Users/richardwoollcott/Projects/appmilla_github/study-tutor/.guardkit/worktrees/FEAT-39E1/features/nats-fleet-integration/nats-fleet-integration.feature"
All traceback entries are hidden. Pass `--full-trace` to see hidden and internal frames.</failure></testcase><testcase classname="features.nats-fleet-integration.test_nats_fleet_integration" name="test_a_canonical_command_roundtrips_through_the_nats_adapter_to_the_tutor_business_logic[end_session]" time="0.001"><failure message="pytest_bdd.exceptions.StepDefinitionNotFoundError: Step definition is not found: When &quot;jarvis dispatches a &quot;end_session&quot; command for this tutor&quot;. Line 53 in scenario &quot;A canonical command round-trips through the NATS adapter to the tutor business logic&quot; in the feature &quot;/Users/richardwoollcott/Projects/appmilla_github/study-tutor/.guardkit/worktrees/FEAT-39E1/features/nats-fleet-integration/nats-fleet-integration.feature&quot;">E   pytest_bdd.exceptions.StepDefinitionNotFoundError: Step definition is not found: When "jarvis dispatches a "end_session" command for this tutor". Line 53 in scenario "A canonical command round-trips through the NATS adapter to the tutor business logic" in the feature "/Users/richardwoollcott/Projects/appmilla_github/study-tutor/.guardkit/worktrees/FEAT-39E1/features/nats-fleet-integration/nats-fleet-integration.feature"
All traceback entries are hidden. Pass `--full-trace` to see hidden and internal frames.</failure></testcase></testsuite></testsuites>