{"meta": {"format": 3, "version": "7.13.5", "timestamp": "2026-05-08T23:55:34.867908", "branch_coverage": false, "show_contexts": false}, "files": {"src/study_tutor/adapters/__init__.py": {"executed_lines": [], "summary": {"covered_lines": 0, "num_statements": 0, "percent_covered": 100.0, "percent_covered_display": "100", "missing_lines": 0, "excluded_lines": 0, "percent_statements_covered": 100.0, "percent_statements_covered_display": "100"}, "missing_lines": [], "excluded_lines": [], "functions": {"": {"executed_lines": [], "summary": {"covered_lines": 0, "num_statements": 0, "percent_covered": 100.0, "percent_covered_display": "100", "missing_lines": 0, "excluded_lines": 0, "percent_statements_covered": 100.0, "percent_statements_covered_display": "100"}, "missing_lines": [], "excluded_lines": [], "start_line": 1}}, "classes": {"": {"executed_lines": [], "summary": {"covered_lines": 0, "num_statements": 0, "percent_covered": 100.0, "percent_covered_display": "100", "missing_lines": 0, "excluded_lines": 0, "percent_statements_covered": 100.0, "percent_statements_covered_display": "100"}, "missing_lines": [], "excluded_lines": [], "start_line": 1}}}, "src/study_tutor/adapters/command_router.py": {"executed_lines": [31, 33, 34, 35, 37, 38, 39, 41, 43, 51, 64, 83, 91, 117, 124, 127, 128, 129, 133, 144, 176, 186, 187, 189, 190, 219, 225, 257, 258, 259, 263, 269, 272, 276, 279, 283, 286, 290, 293, 297, 311, 312, 337, 338, 344, 355, 385, 386, 387, 389, 390, 399], "summary": {"covered_lines": 52, "num_statements": 67, "percent_covered": 77.61194029850746, "percent_covered_display": "78", "missing_lines": 15, "excluded_lines": 0, "percent_statements_covered": 77.61194029850746, "percent_statements_covered_display": "78"}, "missing_lines": [65, 66, 69, 177, 184, 193, 199, 209, 260, 313, 314, 323, 339, 340, 342], "excluded_lines": [], "functions": {"UnsupportedCommandError.__init__": {"executed_lines": [], "summary": {"covered_lines": 0, "num_statements": 3, "percent_covered": 0.0, "percent_covered_display": "0", "missing_lines": 3, "excluded_lines": 0, "percent_statements_covered": 0.0, "percent_statements_covered_display": "0"}, "missing_lines": [65, 66, 69], "excluded_lines": [], "start_line": 64}, "CommandRouter.__init__": {"executed_lines": [124, 127, 128, 129, 133], "summary": {"covered_lines": 5, "num_statements": 5, "percent_covered": 100.0, "percent_covered_display": "100", "missing_lines": 0, "excluded_lines": 0, "percent_statements_covered": 100.0, "percent_statements_covered_display": "100"}, "missing_lines": [], "excluded_lines": [], "start_line": 117}, "CommandRouter.on_command": {"executed_lines": [176, 186, 187, 189, 190, 219], "summary": {"covered_lines": 6, "num_statements": 11, "percent_covered": 54.54545454545455, "percent_covered_display": "55", "missing_lines": 5, "excluded_lines": 0, "percent_statements_covered": 54.54545454545455, "percent_statements_covered_display": "55"}, "missing_lines": [177, 184, 193, 199, 209], "excluded_lines": [], "start_line": 144}, "CommandRouter._dispatch_command": {"executed_lines": [257, 258, 259, 263], "summary": {"covered_lines": 4, "num_statements": 5, "percent_covered": 80.0, "percent_covered_display": "80", "missing_lines": 1, "excluded_lines": 0, "percent_statements_covered": 80.0, "percent_statements_covered_display": "80"}, "missing_lines": [260], "excluded_lines": [], "start_line": 225}, "CommandRouter._handle_start_session": {"executed_lines": [272], "summary": {"covered_lines": 1, "num_statements": 1, "percent_covered": 100.0, "percent_covered_display": "100", "missing_lines": 0, "excluded_lines": 0, "percent_statements_covered": 100.0, "percent_statements_covered_display": "100"}, "missing_lines": [], "excluded_lines": [], "start_line": 269}, "CommandRouter._handle_tutor_turn": {"executed_lines": [279], "summary": {"covered_lines": 1, "num_statements": 1, "percent_covered": 100.0, "percent_covered_display": "100", "missing_lines": 0, "excluded_lines": 0, "percent_statements_covered": 100.0, "percent_statements_covered_display": "100"}, "missing_lines": [], "excluded_lines": [], "start_line": 276}, "CommandRouter._handle_session_status": {"executed_lines": [286], "summary": {"covered_lines": 1, "num_statements": 1, "percent_covered": 100.0, "percent_covered_display": "100", "missing_lines": 0, "excluded_lines": 0, "percent_statements_covered": 100.0, "percent_statements_covered_display": "100"}, "missing_lines": [], "excluded_lines": [], "start_line": 283}, "CommandRouter._handle_end_session": {"executed_lines": [293], "summary": {"covered_lines": 1, "num_statements": 1, "percent_covered": 100.0, "percent_covered_display": "100", "missing_lines": 0, "excluded_lines": 0, "percent_statements_covered": 100.0, "percent_statements_covered_display": "100"}, "missing_lines": [], "excluded_lines": [], "start_line": 290}, "CommandRouter._safe_invoke": {"executed_lines": [311, 312, 337, 338, 344], "summary": {"covered_lines": 5, "num_statements": 11, "percent_covered": 45.45454545454545, "percent_covered_display": "45", "missing_lines": 6, "excluded_lines": 0, "percent_statements_covered": 45.45454545454545, "percent_statements_covered_display": "45"}, "missing_lines": [313, 314, 323, 339, 340, 342], "excluded_lines": [], "start_line": 297}, "CommandRouter._publish_result": {"executed_lines": [385, 386, 387, 389, 390], "summary": {"covered_lines": 5, "num_statements": 5, "percent_covered": 100.0, "percent_covered_display": "100", "missing_lines": 0, "excluded_lines": 0, "percent_statements_covered": 100.0, "percent_statements_covered_display": "100"}, "missing_lines": [], "excluded_lines": [], "start_line": 355}, "": {"executed_lines": [31, 33, 34, 35, 37, 38, 39, 41, 43, 51, 64, 83, 91, 117, 144, 225, 269, 276, 283, 290, 297, 355, 399], "summary": {"covered_lines": 23, "num_statements": 23, "percent_covered": 100.0, "percent_covered_display": "100", "missing_lines": 0, "excluded_lines": 0, "percent_statements_covered": 100.0, "percent_statements_covered_display": "100"}, "missing_lines": [], "excluded_lines": [], "start_line": 1}}, "classes": {"UnsupportedCommandError": {"executed_lines": [], "summary": {"covered_lines": 0, "num_statements": 3, "percent_covered": 0.0, "percent_covered_display": "0", "missing_lines": 3, "excluded_lines": 0, "percent_statements_covered": 0.0, "percent_statements_covered_display": "0"}, "missing_lines": [65, 66, 69], "excluded_lines": [], "start_line": 51}, "CommandRouter": {"executed_lines": [124, 127, 128, 129, 133, 176, 186, 187, 189, 190, 219, 257, 258, 259, 263, 272, 279, 286, 293, 311, 312, 337, 338, 344, 385, 386, 387, 389, 390], "summary": {"covered_lines": 29, "num_statements": 41, "percent_covered": 70.73170731707317, "percent_covered_display": "71", "missing_lines": 12, "excluded_lines": 0, "percent_statements_covered": 70.73170731707317, "percent_statements_covered_display": "71"}, "missing_lines": [177, 184, 193, 199, 209, 260, 313, 314, 323, 339, 340, 342], "excluded_lines": [], "start_line": 91}, "": {"executed_lines": [31, 33, 34, 35, 37, 38, 39, 41, 43, 51, 64, 83, 91, 117, 144, 225, 269, 276, 283, 290, 297, 355, 399], "summary": {"covered_lines": 23, "num_statements": 23, "percent_covered": 100.0, "percent_covered_display": "100", "missing_lines": 0, "excluded_lines": 0, "percent_statements_covered": 100.0, "percent_statements_covered_display": "100"}, "missing_lines": [], "excluded_lines": [], "start_line": 1}}}, "src/study_tutor/adapters/manifest.py": {"executed_lines": [20, 22, 30, 60], "summary": {"covered_lines": 4, "num_statements": 4, "percent_covered": 100.0, "percent_covered_display": "100", "missing_lines": 0, "excluded_lines": 0, "percent_statements_covered": 100.0, "percent_statements_covered_display": "100"}, "missing_lines": [], "excluded_lines": [], "functions": {"_tutor_manifest_factory": {"executed_lines": [60], "summary": {"covered_lines": 1, "num_statements": 1, "percent_covered": 100.0, "percent_covered_display": "100", "missing_lines": 0, "excluded_lines": 0, "percent_statements_covered": 100.0, "percent_statements_covered_display": "100"}, "missing_lines": [], "excluded_lines": [], "start_line": 30}, "": {"executed_lines": [20, 22, 30], "summary": {"covered_lines": 3, "num_statements": 3, "percent_covered": 100.0, "percent_covered_display": "100", "missing_lines": 0, "excluded_lines": 0, "percent_statements_covered": 100.0, "percent_statements_covered_display": "100"}, "missing_lines": [], "excluded_lines": [], "start_line": 1}}, "classes": {"": {"executed_lines": [20, 22, 30, 60], "summary": {"covered_lines": 4, "num_statements": 4, "percent_covered": 100.0, "percent_covered_display": "100", "missing_lines": 0, "excluded_lines": 0, "percent_statements_covered": 100.0, "percent_statements_covered_display": "100"}, "missing_lines": [], "excluded_lines": [], "start_line": 1}}}, "src/study_tutor/adapters/nats_adapter.py": {"executed_lines": [49, 51, 52, 53, 54, 56, 57, 58, 59, 64, 67, 91, 97, 98, 99, 100, 104, 105, 106, 107, 108, 113, 119, 120, 124, 125, 139, 162, 163, 164, 167, 173, 174, 187, 188, 191, 200, 208, 209, 215, 239, 240, 245, 246, 247, 254, 259, 279, 280, 281, 282, 283, 284, 285, 292, 293, 294, 307, 308, 318, 319, 325, 345, 346, 347, 349, 355, 370, 371, 372, 373, 374, 375, 376, 387, 388, 389, 390, 392, 403, 404, 405, 414], "summary": {"covered_lines": 83, "num_statements": 99, "percent_covered": 83.83838383838383, "percent_covered_display": "84", "missing_lines": 16, "excluded_lines": 2, "percent_statements_covered": 83.83838383838383, "percent_statements_covered_display": "84"}, "missing_lines": [122, 133, 248, 249, 260, 265, 266, 267, 268, 269, 299, 300, 309, 310, 377, 382], "excluded_lines": [61, 62], "functions": {"NATSAdapter.__init__": {"executed_lines": [97, 98, 99, 100, 104, 105, 106, 107, 108, 113], "summary": {"covered_lines": 10, "num_statements": 10, "percent_covered": 100.0, "percent_covered_display": "100", "missing_lines": 0, "excluded_lines": 0, "percent_statements_covered": 100.0, "percent_statements_covered_display": "100"}, "missing_lines": [], "excluded_lines": [], "start_line": 91}, "NATSAdapter.is_ready": {"executed_lines": [], "summary": {"covered_lines": 0, "num_statements": 1, "percent_covered": 0.0, "percent_covered_display": "0", "missing_lines": 1, "excluded_lines": 0, "percent_statements_covered": 0.0, "percent_statements_covered_display": "0"}, "missing_lines": [122], "excluded_lines": [], "start_line": 120}, "NATSAdapter.active_tasks": {"executed_lines": [], "summary": {"covered_lines": 0, "num_statements": 1, "percent_covered": 0.0, "percent_covered_display": "0", "missing_lines": 1, "excluded_lines": 0, "percent_statements_covered": 0.0, "percent_statements_covered_display": "0"}, "missing_lines": [133], "excluded_lines": [], "start_line": 125}, "NATSAdapter.start": {"executed_lines": [162, 163, 164, 167, 173, 174, 187, 188, 191, 200, 208, 209], "summary": {"covered_lines": 12, "num_statements": 12, "percent_covered": 100.0, "percent_covered_display": "100", "missing_lines": 0, "excluded_lines": 0, "percent_statements_covered": 100.0, "percent_statements_covered_display": "100"}, "missing_lines": [], "excluded_lines": [], "start_line": 139}, "NATSAdapter.stop": {"executed_lines": [239, 240, 245, 246, 247, 254, 259, 279, 280, 281, 282, 283, 284, 285, 292, 293, 294, 307, 308, 318, 319], "summary": {"covered_lines": 21, "num_statements": 33, "percent_covered": 63.63636363636363, "percent_covered_display": "64", "missing_lines": 12, "excluded_lines": 0, "percent_statements_covered": 63.63636363636363, "percent_statements_covered_display": "64"}, "missing_lines": [248, 249, 260, 265, 266, 267, 268, 269, 299, 300, 309, 310], "excluded_lines": [], "start_line": 215}, "NATSAdapter._on_command": {"executed_lines": [345, 346, 347, 349], "summary": {"covered_lines": 4, "num_statements": 4, "percent_covered": 100.0, "percent_covered_display": "100", "missing_lines": 0, "excluded_lines": 0, "percent_statements_covered": 100.0, "percent_statements_covered_display": "100"}, "missing_lines": [], "excluded_lines": [], "start_line": 325}, "NATSAdapter._heartbeat_loop": {"executed_lines": [370, 371, 372, 373, 374, 375, 376, 387, 388, 389, 390], "summary": {"covered_lines": 11, "num_statements": 13, "percent_covered": 84.61538461538461, "percent_covered_display": "85", "missing_lines": 2, "excluded_lines": 0, "percent_statements_covered": 84.61538461538461, "percent_statements_covered_display": "85"}, "missing_lines": [377, 382], "excluded_lines": [], "start_line": 355}, "NATSAdapter._build_heartbeat_payload": {"executed_lines": [403, 404, 405], "summary": {"covered_lines": 3, "num_statements": 3, "percent_covered": 100.0, "percent_covered_display": "100", "missing_lines": 0, "excluded_lines": 0, "percent_statements_covered": 100.0, "percent_statements_covered_display": "100"}, "missing_lines": [], "excluded_lines": [], "start_line": 392}, "": {"executed_lines": [49, 51, 52, 53, 54, 56, 57, 58, 59, 64, 67, 91, 119, 120, 124, 125, 139, 215, 325, 355, 392, 414], "summary": {"covered_lines": 22, "num_statements": 22, "percent_covered": 100.0, "percent_covered_display": "100", "missing_lines": 0, "excluded_lines": 2, "percent_statements_covered": 100.0, "percent_statements_covered_display": "100"}, "missing_lines": [], "excluded_lines": [61, 62], "start_line": 1}}, "classes": {"NATSAdapter": {"executed_lines": [97, 98, 99, 100, 104, 105, 106, 107, 108, 113, 162, 163, 164, 167, 173, 174, 187, 188, 191, 200, 208, 209, 239, 240, 245, 246, 247, 254, 259, 279, 280, 281, 282, 283, 284, 285, 292, 293, 294, 307, 308, 318, 319, 345, 346, 347, 349, 370, 371, 372, 373, 374, 375, 376, 387, 388, 389, 390, 403, 404, 405], "summary": {"covered_lines": 61, "num_statements": 77, "percent_covered": 79.22077922077922, "percent_covered_display": "79", "missing_lines": 16, "excluded_lines": 0, "percent_statements_covered": 79.22077922077922, "percent_statements_covered_display": "79"}, "missing_lines": [122, 133, 248, 249, 260, 265, 266, 267, 268, 269, 299, 300, 309, 310, 377, 382], "excluded_lines": [], "start_line": 67}, "": {"executed_lines": [49, 51, 52, 53, 54, 56, 57, 58, 59, 64, 67, 91, 119, 120, 124, 125, 139, 215, 325, 355, 392, 414], "summary": {"covered_lines": 22, "num_statements": 22, "percent_covered": 100.0, "percent_covered_display": "100", "missing_lines": 0, "excluded_lines": 2, "percent_statements_covered": 100.0, "percent_statements_covered_display": "100"}, "missing_lines": [], "excluded_lines": [61, 62], "start_line": 1}}}, "src/study_tutor/roles/__init__.py": {"executed_lines": [14, 19], "summary": {"covered_lines": 2, "num_statements": 2, "percent_covered": 100.0, "percent_covered_display": "100", "missing_lines": 0, "excluded_lines": 0, "percent_statements_covered": 100.0, "percent_statements_covered_display": "100"}, "missing_lines": [], "excluded_lines": [], "functions": {"": {"executed_lines": [14, 19], "summary": {"covered_lines": 2, "num_statements": 2, "percent_covered": 100.0, "percent_covered_display": "100", "missing_lines": 0, "excluded_lines": 0, "percent_statements_covered": 100.0, "percent_statements_covered_display": "100"}, "missing_lines": [], "excluded_lines": [], "start_line": 1}}, "classes": {"": {"executed_lines": [14, 19], "summary": {"covered_lines": 2, "num_statements": 2, "percent_covered": 100.0, "percent_covered_display": "100", "missing_lines": 0, "excluded_lines": 0, "percent_statements_covered": 100.0, "percent_statements_covered_display": "100"}, "missing_lines": [], "excluded_lines": [], "start_line": 1}}}, "src/study_tutor/roles/loader.py": {"executed_lines": [8, 10, 11, 12, 14, 17, 18, 29, 30, 31, 32, 33, 34, 36, 39, 71], "summary": {"covered_lines": 16, "num_statements": 36, "percent_covered": 44.44444444444444, "percent_covered_display": "44", "missing_lines": 20, "excluded_lines": 0, "percent_statements_covered": 44.44444444444444, "percent_statements_covered_display": "44"}, "missing_lines": [37, 55, 56, 62, 63, 68, 82, 83, 84, 85, 90, 91, 92, 93, 95, 96, 97, 101, 102, 104], "excluded_lines": [], "functions": {"RoleConfig.load_player_prompt": {"executed_lines": [], "summary": {"covered_lines": 0, "num_statements": 1, "percent_covered": 0.0, "percent_covered_display": "0", "missing_lines": 1, "excluded_lines": 0, "percent_statements_covered": 0.0, "percent_statements_covered_display": "0"}, "missing_lines": [37], "excluded_lines": [], "start_line": 36}, "RoleConfig.load_coach_prompt": {"executed_lines": [], "summary": {"covered_lines": 0, "num_statements": 5, "percent_covered": 0.0, "percent_covered_display": "0", "missing_lines": 5, "excluded_lines": 0, "percent_statements_covered": 0.0, "percent_statements_covered_display": "0"}, "missing_lines": [55, 56, 62, 63, 68], "excluded_lines": [], "start_line": 39}, "load_role": {"executed_lines": [], "summary": {"covered_lines": 0, "num_statements": 14, "percent_covered": 0.0, "percent_covered_display": "0", "missing_lines": 14, "excluded_lines": 0, "percent_statements_covered": 0.0, "percent_statements_covered_display": "0"}, "missing_lines": [82, 83, 84, 85, 90, 91, 92, 93, 95, 96, 97, 101, 102, 104], "excluded_lines": [], "start_line": 71}, "": {"executed_lines": [8, 10, 11, 12, 14, 17, 18, 29, 30, 31, 32, 33, 34, 36, 39, 71], "summary": {"covered_lines": 16, "num_statements": 16, "percent_covered": 100.0, "percent_covered_display": "100", "missing_lines": 0, "excluded_lines": 0, "percent_statements_covered": 100.0, "percent_statements_covered_display": "100"}, "missing_lines": [], "excluded_lines": [], "start_line": 1}}, "classes": {"RoleConfig": {"executed_lines": [], "summary": {"covered_lines": 0, "num_statements": 6, "percent_covered": 0.0, "percent_covered_display": "0", "missing_lines": 6, "excluded_lines": 0, "percent_statements_covered": 0.0, "percent_statements_covered_display": "0"}, "missing_lines": [37, 55, 56, 62, 63, 68], "excluded_lines": [], "start_line": 18}, "": {"executed_lines": [8, 10, 11, 12, 14, 17, 18, 29, 30, 31, 32, 33, 34, 36, 39, 71], "summary": {"covered_lines": 16, "num_statements": 30, "percent_covered": 53.333333333333336, "percent_covered_display": "53", "missing_lines": 14, "excluded_lines": 0, "percent_statements_covered": 53.333333333333336, "percent_statements_covered_display": "53"}, "missing_lines": [82, 83, 84, 85, 90, 91, 92, 93, 95, 96, 97, 101, 102, 104], "excluded_lines": [], "start_line": 1}}}, "src/study_tutor/roles/registry.py": {"executed_lines": [20, 22, 23, 24, 25, 28, 36, 44, 45, 53, 54, 59, 60, 61, 64, 86, 87, 88, 97, 101, 102, 105, 121, 147], "summary": {"covered_lines": 24, "num_statements": 41, "percent_covered": 58.53658536585366, "percent_covered_display": "59", "missing_lines": 17, "excluded_lines": 0, "percent_statements_covered": 58.53658536585366, "percent_statements_covered_display": "59"}, "missing_lines": [37, 38, 41, 89, 90, 91, 115, 116, 117, 118, 135, 136, 137, 138, 139, 142, 144], "excluded_lines": [], "functions": {"UnknownRoleError.__init__": {"executed_lines": [], "summary": {"covered_lines": 0, "num_statements": 3, "percent_covered": 0.0, "percent_covered_display": "0", "missing_lines": 3, "excluded_lines": 0, "percent_statements_covered": 0.0, "percent_statements_covered_display": "0"}, "missing_lines": [37, 38, 41], "excluded_lines": [], "start_line": 36}, "register_role": {"executed_lines": [86, 87, 88, 97, 101, 102], "summary": {"covered_lines": 6, "num_statements": 9, "percent_covered": 66.66666666666667, "percent_covered_display": "67", "missing_lines": 3, "excluded_lines": 0, "percent_statements_covered": 66.66666666666667, "percent_statements_covered_display": "67"}, "missing_lines": [89, 90, 91], "excluded_lines": [], "start_line": 64}, "get_role": {"executed_lines": [], "summary": {"covered_lines": 0, "num_statements": 4, "percent_covered": 0.0, "percent_covered_display": "0", "missing_lines": 4, "excluded_lines": 0, "percent_statements_covered": 0.0, "percent_statements_covered_display": "0"}, "missing_lines": [115, 116, 117, 118], "excluded_lines": [], "start_line": 105}, "_ensure_roles_registered": {"executed_lines": [], "summary": {"covered_lines": 0, "num_statements": 7, "percent_covered": 0.0, "percent_covered_display": "0", "missing_lines": 7, "excluded_lines": 0, "percent_statements_covered": 0.0, "percent_statements_covered_display": "0"}, "missing_lines": [135, 136, 137, 138, 139, 142, 144], "excluded_lines": [], "start_line": 121}, "": {"executed_lines": [20, 22, 23, 24, 25, 28, 36, 44, 45, 53, 54, 59, 60, 61, 64, 105, 121, 147], "summary": {"covered_lines": 18, "num_statements": 18, "percent_covered": 100.0, "percent_covered_display": "100", "missing_lines": 0, "excluded_lines": 0, "percent_statements_covered": 100.0, "percent_statements_covered_display": "100"}, "missing_lines": [], "excluded_lines": [], "start_line": 1}}, "classes": {"UnknownRoleError": {"executed_lines": [], "summary": {"covered_lines": 0, "num_statements": 3, "percent_covered": 0.0, "percent_covered_display": "0", "missing_lines": 3, "excluded_lines": 0, "percent_statements_covered": 0.0, "percent_statements_covered_display": "0"}, "missing_lines": [37, 38, 41], "excluded_lines": [], "start_line": 28}, "RoleEntry": {"executed_lines": [], "summary": {"covered_lines": 0, "num_statements": 0, "percent_covered": 100.0, "percent_covered_display": "100", "missing_lines": 0, "excluded_lines": 0, "percent_statements_covered": 100.0, "percent_statements_covered_display": "100"}, "missing_lines": [], "excluded_lines": [], "start_line": 45}, "": {"executed_lines": [20, 22, 23, 24, 25, 28, 36, 44, 45, 53, 54, 59, 60, 61, 64, 86, 87, 88, 97, 101, 102, 105, 121, 147], "summary": {"covered_lines": 24, "num_statements": 38, "percent_covered": 63.1578947368421, "percent_covered_display": "63", "missing_lines": 14, "excluded_lines": 0, "percent_statements_covered": 63.1578947368421, "percent_statements_covered_display": "63"}, "missing_lines": [89, 90, 91, 115, 116, 117, 118, 135, 136, 137, 138, 139, 142, 144], "excluded_lines": [], "start_line": 1}}}, "src/study_tutor/roles/tutor/__init__.py": {"executed_lines": [18, 20, 25, 35, 38], "summary": {"covered_lines": 5, "num_statements": 5, "percent_covered": 100.0, "percent_covered_display": "100", "missing_lines": 0, "excluded_lines": 0, "percent_statements_covered": 100.0, "percent_statements_covered_display": "100"}, "missing_lines": [], "excluded_lines": [], "functions": {"": {"executed_lines": [18, 20, 25, 35, 38], "summary": {"covered_lines": 5, "num_statements": 5, "percent_covered": 100.0, "percent_covered_display": "100", "missing_lines": 0, "excluded_lines": 0, "percent_statements_covered": 100.0, "percent_statements_covered_display": "100"}, "missing_lines": [], "excluded_lines": [], "start_line": 1}}, "classes": {"": {"executed_lines": [18, 20, 25, 35, 38], "summary": {"covered_lines": 5, "num_statements": 5, "percent_covered": 100.0, "percent_covered_display": "100", "missing_lines": 0, "excluded_lines": 0, "percent_statements_covered": 100.0, "percent_statements_covered_display": "100"}, "missing_lines": [], "excluded_lines": [], "start_line": 1}}}}, "totals": {"covered_lines": 186, "num_statements": 254, "percent_covered": 73.22834645669292, "percent_covered_display": "73", "missing_lines": 68, "excluded_lines": 2, "percent_statements_covered": 73.22834645669292, "percent_statements_covered_display": "73"}}